<?xml version="1.0" encoding="UTF-8"?>
<testng-results skipped="0" failed="0" ignored="0" total="348" passed="348">
  <reporter-output>
  </reporter-output>
  <suite name="Default suite" duration-ms="1814" started-at="2016-12-15T20:00:15Z" finished-at="2016-12-15T20:00:17Z">
    <groups>
    </groups>
    <test name="Default test" duration-ms="1814" started-at="2016-12-15T20:00:15Z" finished-at="2016-12-15T20:00:17Z">
      <class name="EListTestNG">
        <test-method status="PASS" signature="testAddEnd_to0(EList)[pri:0, instance:EListTestNG@23ceabc1]" name="testAddEnd_to0" duration-ms="28" started-at="2016-12-15T22:00:15Z" data-provider="data" finished-at="2016-12-15T22:00:15Z">
          <params>
            <param index="0">
              <value>
                <![CDATA[{3487}]]>
              </value>
            </param>
          </params>
          <reporter-output>
          </reporter-output>
        </test-method> <!-- testAddEnd_to0 -->
        <test-method status="PASS" signature="testAddEnd_to0(EList)[pri:0, instance:EListTestNG@23ceabc1]" name="testAddEnd_to0" duration-ms="7" started-at="2016-12-15T22:00:15Z" data-provider="data" finished-at="2016-12-15T22:00:16Z">
          <params>
            <param index="0">
              <value>
                <![CDATA[{3487}]]>
              </value>
            </param>
          </params>
          <reporter-output>
          </reporter-output>
        </test-method> <!-- testAddEnd_to0 -->
        <test-method status="PASS" signature="testAddEnd_to0(EList)[pri:0, instance:EListTestNG@23ceabc1]" name="testAddEnd_to0" duration-ms="5" started-at="2016-12-15T22:00:16Z" data-provider="data" finished-at="2016-12-15T22:00:16Z">
          <params>
            <param index="0">
              <value>
                <![CDATA[{3487}]]>
              </value>
            </param>
          </params>
          <reporter-output>
          </reporter-output>
        </test-method> <!-- testAddEnd_to0 -->
        <test-method status="PASS" signature="testAddEnd_to1(EList)[pri:0, instance:EListTestNG@23ceabc1]" name="testAddEnd_to1" duration-ms="2" started-at="2016-12-15T22:00:16Z" data-provider="data" finished-at="2016-12-15T22:00:16Z">
          <params>
            <param index="0">
              <value>
                <![CDATA[{1, 345}]]>
              </value>
            </param>
          </params>
          <reporter-output>
          </reporter-output>
        </test-method> <!-- testAddEnd_to1 -->
        <test-method status="PASS" signature="testAddEnd_to1(EList)[pri:0, instance:EListTestNG@23ceabc1]" name="testAddEnd_to1" duration-ms="2" started-at="2016-12-15T22:00:16Z" data-provider="data" finished-at="2016-12-15T22:00:16Z">
          <params>
            <param index="0">
              <value>
                <![CDATA[{1, 345}]]>
              </value>
            </param>
          </params>
          <reporter-output>
          </reporter-output>
        </test-method> <!-- testAddEnd_to1 -->
        <test-method status="PASS" signature="testAddEnd_to1(EList)[pri:0, instance:EListTestNG@23ceabc1]" name="testAddEnd_to1" duration-ms="3" started-at="2016-12-15T22:00:16Z" data-provider="data" finished-at="2016-12-15T22:00:16Z">
          <params>
            <param index="0">
              <value>
                <![CDATA[{1, 345}]]>
              </value>
            </param>
          </params>
          <reporter-output>
          </reporter-output>
        </test-method> <!-- testAddEnd_to1 -->
        <test-method status="PASS" signature="testAddEnd_to2(EList)[pri:0, instance:EListTestNG@23ceabc1]" name="testAddEnd_to2" duration-ms="3" started-at="2016-12-15T22:00:16Z" data-provider="data" finished-at="2016-12-15T22:00:16Z">
          <params>
            <param index="0">
              <value>
                <![CDATA[{1, 322, 34}]]>
              </value>
            </param>
          </params>
          <reporter-output>
          </reporter-output>
        </test-method> <!-- testAddEnd_to2 -->
        <test-method status="PASS" signature="testAddEnd_to2(EList)[pri:0, instance:EListTestNG@23ceabc1]" name="testAddEnd_to2" duration-ms="3" started-at="2016-12-15T22:00:16Z" data-provider="data" finished-at="2016-12-15T22:00:16Z">
          <params>
            <param index="0">
              <value>
                <![CDATA[{1, 322, 34}]]>
              </value>
            </param>
          </params>
          <reporter-output>
          </reporter-output>
        </test-method> <!-- testAddEnd_to2 -->
        <test-method status="PASS" signature="testAddEnd_to2(EList)[pri:0, instance:EListTestNG@23ceabc1]" name="testAddEnd_to2" duration-ms="2" started-at="2016-12-15T22:00:16Z" data-provider="data" finished-at="2016-12-15T22:00:16Z">
          <params>
            <param index="0">
              <value>
                <![CDATA[{1, 322, 34}]]>
              </value>
            </param>
          </params>
          <reporter-output>
          </reporter-output>
        </test-method> <!-- testAddEnd_to2 -->
        <test-method status="PASS" signature="testAddEnd_to3(EList)[pri:0, instance:EListTestNG@23ceabc1]" name="testAddEnd_to3" duration-ms="3" started-at="2016-12-15T22:00:16Z" data-provider="data" finished-at="2016-12-15T22:00:16Z">
          <params>
            <param index="0">
              <value>
                <![CDATA[{1, 322, 56, 34}]]>
              </value>
            </param>
          </params>
          <reporter-output>
          </reporter-output>
        </test-method> <!-- testAddEnd_to3 -->
        <test-method status="PASS" signature="testAddEnd_to3(EList)[pri:0, instance:EListTestNG@23ceabc1]" name="testAddEnd_to3" duration-ms="4" started-at="2016-12-15T22:00:16Z" data-provider="data" finished-at="2016-12-15T22:00:16Z">
          <params>
            <param index="0">
              <value>
                <![CDATA[{1, 322, 56, 34}]]>
              </value>
            </param>
          </params>
          <reporter-output>
          </reporter-output>
        </test-method> <!-- testAddEnd_to3 -->
        <test-method status="PASS" signature="testAddEnd_to3(EList)[pri:0, instance:EListTestNG@23ceabc1]" name="testAddEnd_to3" duration-ms="2" started-at="2016-12-15T22:00:16Z" data-provider="data" finished-at="2016-12-15T22:00:16Z">
          <params>
            <param index="0">
              <value>
                <![CDATA[{1, 322, 56, 34}]]>
              </value>
            </param>
          </params>
          <reporter-output>
          </reporter-output>
        </test-method> <!-- testAddEnd_to3 -->
        <test-method status="PASS" signature="testAddEnd_tomany(EList)[pri:0, instance:EListTestNG@23ceabc1]" name="testAddEnd_tomany" duration-ms="3" started-at="2016-12-15T22:00:16Z" data-provider="data" finished-at="2016-12-15T22:00:16Z">
          <params>
            <param index="0">
              <value>
                <![CDATA[{1, 322, 56, 3425, 65, 566, 34}]]>
              </value>
            </param>
          </params>
          <reporter-output>
          </reporter-output>
        </test-method> <!-- testAddEnd_tomany -->
        <test-method status="PASS" signature="testAddEnd_tomany(EList)[pri:0, instance:EListTestNG@23ceabc1]" name="testAddEnd_tomany" duration-ms="8" started-at="2016-12-15T22:00:16Z" data-provider="data" finished-at="2016-12-15T22:00:16Z">
          <params>
            <param index="0">
              <value>
                <![CDATA[{1, 322, 56, 3425, 65, 566, 34}]]>
              </value>
            </param>
          </params>
          <reporter-output>
          </reporter-output>
        </test-method> <!-- testAddEnd_tomany -->
        <test-method status="PASS" signature="testAddEnd_tomany(EList)[pri:0, instance:EListTestNG@23ceabc1]" name="testAddEnd_tomany" duration-ms="5" started-at="2016-12-15T22:00:16Z" data-provider="data" finished-at="2016-12-15T22:00:16Z">
          <params>
            <param index="0">
              <value>
                <![CDATA[{1, 322, 56, 3425, 65, 566, 34}]]>
              </value>
            </param>
          </params>
          <reporter-output>
          </reporter-output>
        </test-method> <!-- testAddEnd_tomany -->
        <test-method status="PASS" signature="testAddPos_1(EList)[pri:0, instance:EListTestNG@23ceabc1]" name="testAddPos_1" duration-ms="4" started-at="2016-12-15T22:00:16Z" data-provider="data" finished-at="2016-12-15T22:00:16Z">
          <params>
            <param index="0">
              <value>
                <![CDATA[{22, 123}]]>
              </value>
            </param>
          </params>
          <reporter-output>
          </reporter-output>
        </test-method> <!-- testAddPos_1 -->
        <test-method status="PASS" signature="testAddPos_1(EList)[pri:0, instance:EListTestNG@23ceabc1]" name="testAddPos_1" duration-ms="3" started-at="2016-12-15T22:00:16Z" data-provider="data" finished-at="2016-12-15T22:00:16Z">
          <params>
            <param index="0">
              <value>
                <![CDATA[{22, 123}]]>
              </value>
            </param>
          </params>
          <reporter-output>
          </reporter-output>
        </test-method> <!-- testAddPos_1 -->
        <test-method status="PASS" signature="testAddPos_1(EList)[pri:0, instance:EListTestNG@23ceabc1]" name="testAddPos_1" duration-ms="5" started-at="2016-12-15T22:00:16Z" data-provider="data" finished-at="2016-12-15T22:00:16Z">
          <params>
            <param index="0">
              <value>
                <![CDATA[{22, 123}]]>
              </value>
            </param>
          </params>
          <reporter-output>
          </reporter-output>
        </test-method> <!-- testAddPos_1 -->
        <test-method status="PASS" signature="testAddPos_2(EList)[pri:0, instance:EListTestNG@23ceabc1]" name="testAddPos_2" duration-ms="3" started-at="2016-12-15T22:00:16Z" data-provider="data" finished-at="2016-12-15T22:00:16Z">
          <params>
            <param index="0">
              <value>
                <![CDATA[{22, 2, 123}]]>
              </value>
            </param>
          </params>
          <reporter-output>
          </reporter-output>
        </test-method> <!-- testAddPos_2 -->
        <test-method status="PASS" signature="testAddPos_2(EList)[pri:0, instance:EListTestNG@23ceabc1]" name="testAddPos_2" duration-ms="3" started-at="2016-12-15T22:00:16Z" data-provider="data" finished-at="2016-12-15T22:00:16Z">
          <params>
            <param index="0">
              <value>
                <![CDATA[{22, 2, 123}]]>
              </value>
            </param>
          </params>
          <reporter-output>
          </reporter-output>
        </test-method> <!-- testAddPos_2 -->
        <test-method status="PASS" signature="testAddPos_2(EList)[pri:0, instance:EListTestNG@23ceabc1]" name="testAddPos_2" duration-ms="2" started-at="2016-12-15T22:00:16Z" data-provider="data" finished-at="2016-12-15T22:00:16Z">
          <params>
            <param index="0">
              <value>
                <![CDATA[{22, 2, 123}]]>
              </value>
            </param>
          </params>
          <reporter-output>
          </reporter-output>
        </test-method> <!-- testAddPos_2 -->
        <test-method status="PASS" signature="testAddPos_3(EList)[pri:0, instance:EListTestNG@23ceabc1]" name="testAddPos_3" duration-ms="3" started-at="2016-12-15T22:00:16Z" data-provider="data" finished-at="2016-12-15T22:00:16Z">
          <params>
            <param index="0">
              <value>
                <![CDATA[{22, 2, 4, 123}]]>
              </value>
            </param>
          </params>
          <reporter-output>
          </reporter-output>
        </test-method> <!-- testAddPos_3 -->
        <test-method status="PASS" signature="testAddPos_3(EList)[pri:0, instance:EListTestNG@23ceabc1]" name="testAddPos_3" duration-ms="2" started-at="2016-12-15T22:00:16Z" data-provider="data" finished-at="2016-12-15T22:00:16Z">
          <params>
            <param index="0">
              <value>
                <![CDATA[{22, 2, 4, 123}]]>
              </value>
            </param>
          </params>
          <reporter-output>
          </reporter-output>
        </test-method> <!-- testAddPos_3 -->
        <test-method status="PASS" signature="testAddPos_3(EList)[pri:0, instance:EListTestNG@23ceabc1]" name="testAddPos_3" duration-ms="18" started-at="2016-12-15T22:00:16Z" data-provider="data" finished-at="2016-12-15T22:00:16Z">
          <params>
            <param index="0">
              <value>
                <![CDATA[{22, 2, 4, 123}]]>
              </value>
            </param>
          </params>
          <reporter-output>
          </reporter-output>
        </test-method> <!-- testAddPos_3 -->
        <test-method status="PASS" signature="testAddPos_lessthanLeng(EList)[pri:0, instance:EListTestNG@23ceabc1]" name="testAddPos_lessthanLeng" duration-ms="3" started-at="2016-12-15T22:00:16Z" data-provider="data" finished-at="2016-12-15T22:00:16Z">
          <params>
            <param index="0">
              <value>
                <![CDATA[{22, 2, 4, 41, 124, 534, 6}]]>
              </value>
            </param>
          </params>
          <exception class="java.lang.IllegalArgumentException">
            <full-stacktrace>
              <![CDATA[java.lang.IllegalArgumentException
	at AList0.addPos(AList0.java:222)
	at EListTestNG.testAddPos_lessthanLeng(EListTestNG.java:1013)
	at sun.reflect.NativeMethodAccessorImpl.invoke0(Native Method)
	at sun.reflect.NativeMethodAccessorImpl.invoke(Unknown Source)
	at sun.reflect.DelegatingMethodAccessorImpl.invoke(Unknown Source)
	at java.lang.reflect.Method.invoke(Unknown Source)
	at org.testng.internal.MethodInvocationHelper.invokeMethod(MethodInvocationHelper.java:104)
	at org.testng.internal.Invoker.invokeMethod(Invoker.java:645)
	at org.testng.internal.Invoker.invokeTestMethod(Invoker.java:851)
	at org.testng.internal.Invoker.invokeTestMethods(Invoker.java:1177)
	at org.testng.internal.TestMethodWorker.invokeTestMethods(TestMethodWorker.java:129)
	at org.testng.internal.TestMethodWorker.run(TestMethodWorker.java:112)
	at org.testng.TestRunner.privateRun(TestRunner.java:756)
	at org.testng.TestRunner.run(TestRunner.java:610)
	at org.testng.SuiteRunner.runTest(SuiteRunner.java:387)
	at org.testng.SuiteRunner.runSequentially(SuiteRunner.java:382)
	at org.testng.SuiteRunner.privateRun(SuiteRunner.java:340)
	at org.testng.SuiteRunner.run(SuiteRunner.java:289)
	at org.testng.SuiteRunnerWorker.runSuite(SuiteRunnerWorker.java:52)
	at org.testng.SuiteRunnerWorker.run(SuiteRunnerWorker.java:86)
	at org.testng.TestNG.runSuitesSequentially(TestNG.java:1293)
	at org.testng.TestNG.runSuitesLocally(TestNG.java:1218)
	at org.testng.TestNG.runSuites(TestNG.java:1133)
	at org.testng.TestNG.run(TestNG.java:1104)
	at org.testng.remote.AbstractRemoteTestNG.run(AbstractRemoteTestNG.java:132)
	at org.testng.remote.RemoteTestNG.initAndRun(RemoteTestNG.java:236)
	at org.testng.remote.RemoteTestNG.main(RemoteTestNG.java:81)
]]>
            </full-stacktrace>
          </exception> <!-- java.lang.IllegalArgumentException -->
          <reporter-output>
          </reporter-output>
        </test-method> <!-- testAddPos_lessthanLeng -->
        <test-method status="PASS" signature="testAddPos_lessthanLeng(EList)[pri:0, instance:EListTestNG@23ceabc1]" name="testAddPos_lessthanLeng" duration-ms="2" started-at="2016-12-15T22:00:16Z" data-provider="data" finished-at="2016-12-15T22:00:16Z">
          <params>
            <param index="0">
              <value>
                <![CDATA[{22, 2, 4, 41, 124, 534, 6}]]>
              </value>
            </param>
          </params>
          <exception class="java.lang.IllegalArgumentException">
            <full-stacktrace>
              <![CDATA[java.lang.IllegalArgumentException
	at AList1.addPos(AList1.java:206)
	at EListTestNG.testAddPos_lessthanLeng(EListTestNG.java:1013)
	at sun.reflect.NativeMethodAccessorImpl.invoke0(Native Method)
	at sun.reflect.NativeMethodAccessorImpl.invoke(Unknown Source)
	at sun.reflect.DelegatingMethodAccessorImpl.invoke(Unknown Source)
	at java.lang.reflect.Method.invoke(Unknown Source)
	at org.testng.internal.MethodInvocationHelper.invokeMethod(MethodInvocationHelper.java:104)
	at org.testng.internal.Invoker.invokeMethod(Invoker.java:645)
	at org.testng.internal.Invoker.invokeTestMethod(Invoker.java:851)
	at org.testng.internal.Invoker.invokeTestMethods(Invoker.java:1177)
	at org.testng.internal.TestMethodWorker.invokeTestMethods(TestMethodWorker.java:129)
	at org.testng.internal.TestMethodWorker.run(TestMethodWorker.java:112)
	at org.testng.TestRunner.privateRun(TestRunner.java:756)
	at org.testng.TestRunner.run(TestRunner.java:610)
	at org.testng.SuiteRunner.runTest(SuiteRunner.java:387)
	at org.testng.SuiteRunner.runSequentially(SuiteRunner.java:382)
	at org.testng.SuiteRunner.privateRun(SuiteRunner.java:340)
	at org.testng.SuiteRunner.run(SuiteRunner.java:289)
	at org.testng.SuiteRunnerWorker.runSuite(SuiteRunnerWorker.java:52)
	at org.testng.SuiteRunnerWorker.run(SuiteRunnerWorker.java:86)
	at org.testng.TestNG.runSuitesSequentially(TestNG.java:1293)
	at org.testng.TestNG.runSuitesLocally(TestNG.java:1218)
	at org.testng.TestNG.runSuites(TestNG.java:1133)
	at org.testng.TestNG.run(TestNG.java:1104)
	at org.testng.remote.AbstractRemoteTestNG.run(AbstractRemoteTestNG.java:132)
	at org.testng.remote.RemoteTestNG.initAndRun(RemoteTestNG.java:236)
	at org.testng.remote.RemoteTestNG.main(RemoteTestNG.java:81)
]]>
            </full-stacktrace>
          </exception> <!-- java.lang.IllegalArgumentException -->
          <reporter-output>
          </reporter-output>
        </test-method> <!-- testAddPos_lessthanLeng -->
        <test-method status="PASS" signature="testAddPos_lessthanLeng(EList)[pri:0, instance:EListTestNG@23ceabc1]" name="testAddPos_lessthanLeng" duration-ms="3" started-at="2016-12-15T22:00:16Z" data-provider="data" finished-at="2016-12-15T22:00:16Z">
          <params>
            <param index="0">
              <value>
                <![CDATA[{22, 2, 4, 41, 124, 534, 6}]]>
              </value>
            </param>
          </params>
          <exception class="java.lang.IllegalArgumentException">
            <full-stacktrace>
              <![CDATA[java.lang.IllegalArgumentException
	at AList2.addPos(AList2.java:173)
	at EListTestNG.testAddPos_lessthanLeng(EListTestNG.java:1013)
	at sun.reflect.NativeMethodAccessorImpl.invoke0(Native Method)
	at sun.reflect.NativeMethodAccessorImpl.invoke(Unknown Source)
	at sun.reflect.DelegatingMethodAccessorImpl.invoke(Unknown Source)
	at java.lang.reflect.Method.invoke(Unknown Source)
	at org.testng.internal.MethodInvocationHelper.invokeMethod(MethodInvocationHelper.java:104)
	at org.testng.internal.Invoker.invokeMethod(Invoker.java:645)
	at org.testng.internal.Invoker.invokeTestMethod(Invoker.java:851)
	at org.testng.internal.Invoker.invokeTestMethods(Invoker.java:1177)
	at org.testng.internal.TestMethodWorker.invokeTestMethods(TestMethodWorker.java:129)
	at org.testng.internal.TestMethodWorker.run(TestMethodWorker.java:112)
	at org.testng.TestRunner.privateRun(TestRunner.java:756)
	at org.testng.TestRunner.run(TestRunner.java:610)
	at org.testng.SuiteRunner.runTest(SuiteRunner.java:387)
	at org.testng.SuiteRunner.runSequentially(SuiteRunner.java:382)
	at org.testng.SuiteRunner.privateRun(SuiteRunner.java:340)
	at org.testng.SuiteRunner.run(SuiteRunner.java:289)
	at org.testng.SuiteRunnerWorker.runSuite(SuiteRunnerWorker.java:52)
	at org.testng.SuiteRunnerWorker.run(SuiteRunnerWorker.java:86)
	at org.testng.TestNG.runSuitesSequentially(TestNG.java:1293)
	at org.testng.TestNG.runSuitesLocally(TestNG.java:1218)
	at org.testng.TestNG.runSuites(TestNG.java:1133)
	at org.testng.TestNG.run(TestNG.java:1104)
	at org.testng.remote.AbstractRemoteTestNG.run(AbstractRemoteTestNG.java:132)
	at org.testng.remote.RemoteTestNG.initAndRun(RemoteTestNG.java:236)
	at org.testng.remote.RemoteTestNG.main(RemoteTestNG.java:81)
]]>
            </full-stacktrace>
          </exception> <!-- java.lang.IllegalArgumentException -->
          <reporter-output>
          </reporter-output>
        </test-method> <!-- testAddPos_lessthanLeng -->
        <test-method status="PASS" signature="testAddPos_many(EList)[pri:0, instance:EListTestNG@23ceabc1]" name="testAddPos_many" duration-ms="6" started-at="2016-12-15T22:00:16Z" data-provider="data" finished-at="2016-12-15T22:00:16Z">
          <params>
            <param index="0">
              <value>
                <![CDATA[{22, 2, 4, 41, 124, 123, 534, 6}]]>
              </value>
            </param>
          </params>
          <reporter-output>
          </reporter-output>
        </test-method> <!-- testAddPos_many -->
        <test-method status="PASS" signature="testAddPos_many(EList)[pri:0, instance:EListTestNG@23ceabc1]" name="testAddPos_many" duration-ms="2" started-at="2016-12-15T22:00:16Z" data-provider="data" finished-at="2016-12-15T22:00:16Z">
          <params>
            <param index="0">
              <value>
                <![CDATA[{22, 2, 4, 41, 124, 123, 534, 6}]]>
              </value>
            </param>
          </params>
          <reporter-output>
          </reporter-output>
        </test-method> <!-- testAddPos_many -->
        <test-method status="PASS" signature="testAddPos_many(EList)[pri:0, instance:EListTestNG@23ceabc1]" name="testAddPos_many" duration-ms="2" started-at="2016-12-15T22:00:16Z" data-provider="data" finished-at="2016-12-15T22:00:16Z">
          <params>
            <param index="0">
              <value>
                <![CDATA[{22, 2, 4, 41, 124, 123, 534, 6}]]>
              </value>
            </param>
          </params>
          <reporter-output>
          </reporter-output>
        </test-method> <!-- testAddPos_many -->
        <test-method status="PASS" signature="testAddPos_manyInBeg(EList)[pri:0, instance:EListTestNG@23ceabc1]" name="testAddPos_manyInBeg" duration-ms="3" started-at="2016-12-15T22:00:16Z" data-provider="data" finished-at="2016-12-15T22:00:16Z">
          <params>
            <param index="0">
              <value>
                <![CDATA[{123, 22, 2, 4, 41, 124, 534, 6}]]>
              </value>
            </param>
          </params>
          <reporter-output>
          </reporter-output>
        </test-method> <!-- testAddPos_manyInBeg -->
        <test-method status="PASS" signature="testAddPos_manyInBeg(EList)[pri:0, instance:EListTestNG@23ceabc1]" name="testAddPos_manyInBeg" duration-ms="2" started-at="2016-12-15T22:00:16Z" data-provider="data" finished-at="2016-12-15T22:00:16Z">
          <params>
            <param index="0">
              <value>
                <![CDATA[{123, 22, 2, 4, 41, 124, 534, 6}]]>
              </value>
            </param>
          </params>
          <reporter-output>
          </reporter-output>
        </test-method> <!-- testAddPos_manyInBeg -->
        <test-method status="PASS" signature="testAddPos_manyInBeg(EList)[pri:0, instance:EListTestNG@23ceabc1]" name="testAddPos_manyInBeg" duration-ms="6" started-at="2016-12-15T22:00:16Z" data-provider="data" finished-at="2016-12-15T22:00:16Z">
          <params>
            <param index="0">
              <value>
                <![CDATA[{123, 22, 2, 4, 41, 124, 534, 6}]]>
              </value>
            </param>
          </params>
          <reporter-output>
          </reporter-output>
        </test-method> <!-- testAddPos_manyInBeg -->
        <test-method status="PASS" signature="testAddPos_manyInEnd(EList)[pri:0, instance:EListTestNG@23ceabc1]" name="testAddPos_manyInEnd" duration-ms="3" started-at="2016-12-15T22:00:16Z" data-provider="data" finished-at="2016-12-15T22:00:16Z">
          <params>
            <param index="0">
              <value>
                <![CDATA[{22, 2, 4, 41, 124, 534, 6, 123}]]>
              </value>
            </param>
          </params>
          <reporter-output>
          </reporter-output>
        </test-method> <!-- testAddPos_manyInEnd -->
        <test-method status="PASS" signature="testAddPos_manyInEnd(EList)[pri:0, instance:EListTestNG@23ceabc1]" name="testAddPos_manyInEnd" duration-ms="4" started-at="2016-12-15T22:00:16Z" data-provider="data" finished-at="2016-12-15T22:00:16Z">
          <params>
            <param index="0">
              <value>
                <![CDATA[{22, 2, 4, 41, 124, 534, 6, 123}]]>
              </value>
            </param>
          </params>
          <reporter-output>
          </reporter-output>
        </test-method> <!-- testAddPos_manyInEnd -->
        <test-method status="PASS" signature="testAddPos_manyInEnd(EList)[pri:0, instance:EListTestNG@23ceabc1]" name="testAddPos_manyInEnd" duration-ms="2" started-at="2016-12-15T22:00:16Z" data-provider="data" finished-at="2016-12-15T22:00:16Z">
          <params>
            <param index="0">
              <value>
                <![CDATA[{22, 2, 4, 41, 124, 534, 6, 123}]]>
              </value>
            </param>
          </params>
          <reporter-output>
          </reporter-output>
        </test-method> <!-- testAddPos_manyInEnd -->
        <test-method status="PASS" signature="testAddPos_moreThanleng(EList)[pri:0, instance:EListTestNG@23ceabc1]" name="testAddPos_moreThanleng" duration-ms="2" started-at="2016-12-15T22:00:16Z" data-provider="data" finished-at="2016-12-15T22:00:16Z">
          <params>
            <param index="0">
              <value>
                <![CDATA[{22, 2, 4, 41, 124, 534, 6}]]>
              </value>
            </param>
          </params>
          <exception class="java.lang.IllegalArgumentException">
            <full-stacktrace>
              <![CDATA[java.lang.IllegalArgumentException
	at AList0.addPos(AList0.java:222)
	at EListTestNG.testAddPos_moreThanleng(EListTestNG.java:1002)
	at sun.reflect.NativeMethodAccessorImpl.invoke0(Native Method)
	at sun.reflect.NativeMethodAccessorImpl.invoke(Unknown Source)
	at sun.reflect.DelegatingMethodAccessorImpl.invoke(Unknown Source)
	at java.lang.reflect.Method.invoke(Unknown Source)
	at org.testng.internal.MethodInvocationHelper.invokeMethod(MethodInvocationHelper.java:104)
	at org.testng.internal.Invoker.invokeMethod(Invoker.java:645)
	at org.testng.internal.Invoker.invokeTestMethod(Invoker.java:851)
	at org.testng.internal.Invoker.invokeTestMethods(Invoker.java:1177)
	at org.testng.internal.TestMethodWorker.invokeTestMethods(TestMethodWorker.java:129)
	at org.testng.internal.TestMethodWorker.run(TestMethodWorker.java:112)
	at org.testng.TestRunner.privateRun(TestRunner.java:756)
	at org.testng.TestRunner.run(TestRunner.java:610)
	at org.testng.SuiteRunner.runTest(SuiteRunner.java:387)
	at org.testng.SuiteRunner.runSequentially(SuiteRunner.java:382)
	at org.testng.SuiteRunner.privateRun(SuiteRunner.java:340)
	at org.testng.SuiteRunner.run(SuiteRunner.java:289)
	at org.testng.SuiteRunnerWorker.runSuite(SuiteRunnerWorker.java:52)
	at org.testng.SuiteRunnerWorker.run(SuiteRunnerWorker.java:86)
	at org.testng.TestNG.runSuitesSequentially(TestNG.java:1293)
	at org.testng.TestNG.runSuitesLocally(TestNG.java:1218)
	at org.testng.TestNG.runSuites(TestNG.java:1133)
	at org.testng.TestNG.run(TestNG.java:1104)
	at org.testng.remote.AbstractRemoteTestNG.run(AbstractRemoteTestNG.java:132)
	at org.testng.remote.RemoteTestNG.initAndRun(RemoteTestNG.java:236)
	at org.testng.remote.RemoteTestNG.main(RemoteTestNG.java:81)
]]>
            </full-stacktrace>
          </exception> <!-- java.lang.IllegalArgumentException -->
          <reporter-output>
          </reporter-output>
        </test-method> <!-- testAddPos_moreThanleng -->
        <test-method status="PASS" signature="testAddPos_moreThanleng(EList)[pri:0, instance:EListTestNG@23ceabc1]" name="testAddPos_moreThanleng" duration-ms="2" started-at="2016-12-15T22:00:16Z" data-provider="data" finished-at="2016-12-15T22:00:16Z">
          <params>
            <param index="0">
              <value>
                <![CDATA[{22, 2, 4, 41, 124, 534, 6}]]>
              </value>
            </param>
          </params>
          <exception class="java.lang.IllegalArgumentException">
            <full-stacktrace>
              <![CDATA[java.lang.IllegalArgumentException
	at AList1.addPos(AList1.java:206)
	at EListTestNG.testAddPos_moreThanleng(EListTestNG.java:1002)
	at sun.reflect.NativeMethodAccessorImpl.invoke0(Native Method)
	at sun.reflect.NativeMethodAccessorImpl.invoke(Unknown Source)
	at sun.reflect.DelegatingMethodAccessorImpl.invoke(Unknown Source)
	at java.lang.reflect.Method.invoke(Unknown Source)
	at org.testng.internal.MethodInvocationHelper.invokeMethod(MethodInvocationHelper.java:104)
	at org.testng.internal.Invoker.invokeMethod(Invoker.java:645)
	at org.testng.internal.Invoker.invokeTestMethod(Invoker.java:851)
	at org.testng.internal.Invoker.invokeTestMethods(Invoker.java:1177)
	at org.testng.internal.TestMethodWorker.invokeTestMethods(TestMethodWorker.java:129)
	at org.testng.internal.TestMethodWorker.run(TestMethodWorker.java:112)
	at org.testng.TestRunner.privateRun(TestRunner.java:756)
	at org.testng.TestRunner.run(TestRunner.java:610)
	at org.testng.SuiteRunner.runTest(SuiteRunner.java:387)
	at org.testng.SuiteRunner.runSequentially(SuiteRunner.java:382)
	at org.testng.SuiteRunner.privateRun(SuiteRunner.java:340)
	at org.testng.SuiteRunner.run(SuiteRunner.java:289)
	at org.testng.SuiteRunnerWorker.runSuite(SuiteRunnerWorker.java:52)
	at org.testng.SuiteRunnerWorker.run(SuiteRunnerWorker.java:86)
	at org.testng.TestNG.runSuitesSequentially(TestNG.java:1293)
	at org.testng.TestNG.runSuitesLocally(TestNG.java:1218)
	at org.testng.TestNG.runSuites(TestNG.java:1133)
	at org.testng.TestNG.run(TestNG.java:1104)
	at org.testng.remote.AbstractRemoteTestNG.run(AbstractRemoteTestNG.java:132)
	at org.testng.remote.RemoteTestNG.initAndRun(RemoteTestNG.java:236)
	at org.testng.remote.RemoteTestNG.main(RemoteTestNG.java:81)
]]>
            </full-stacktrace>
          </exception> <!-- java.lang.IllegalArgumentException -->
          <reporter-output>
          </reporter-output>
        </test-method> <!-- testAddPos_moreThanleng -->
        <test-method status="PASS" signature="testAddPos_moreThanleng(EList)[pri:0, instance:EListTestNG@23ceabc1]" name="testAddPos_moreThanleng" duration-ms="6" started-at="2016-12-15T22:00:16Z" data-provider="data" finished-at="2016-12-15T22:00:16Z">
          <params>
            <param index="0">
              <value>
                <![CDATA[{22, 2, 4, 41, 124, 534, 6}]]>
              </value>
            </param>
          </params>
          <exception class="java.lang.IllegalArgumentException">
            <full-stacktrace>
              <![CDATA[java.lang.IllegalArgumentException
	at AList2.addPos(AList2.java:173)
	at EListTestNG.testAddPos_moreThanleng(EListTestNG.java:1002)
	at sun.reflect.NativeMethodAccessorImpl.invoke0(Native Method)
	at sun.reflect.NativeMethodAccessorImpl.invoke(Unknown Source)
	at sun.reflect.DelegatingMethodAccessorImpl.invoke(Unknown Source)
	at java.lang.reflect.Method.invoke(Unknown Source)
	at org.testng.internal.MethodInvocationHelper.invokeMethod(MethodInvocationHelper.java:104)
	at org.testng.internal.Invoker.invokeMethod(Invoker.java:645)
	at org.testng.internal.Invoker.invokeTestMethod(Invoker.java:851)
	at org.testng.internal.Invoker.invokeTestMethods(Invoker.java:1177)
	at org.testng.internal.TestMethodWorker.invokeTestMethods(TestMethodWorker.java:129)
	at org.testng.internal.TestMethodWorker.run(TestMethodWorker.java:112)
	at org.testng.TestRunner.privateRun(TestRunner.java:756)
	at org.testng.TestRunner.run(TestRunner.java:610)
	at org.testng.SuiteRunner.runTest(SuiteRunner.java:387)
	at org.testng.SuiteRunner.runSequentially(SuiteRunner.java:382)
	at org.testng.SuiteRunner.privateRun(SuiteRunner.java:340)
	at org.testng.SuiteRunner.run(SuiteRunner.java:289)
	at org.testng.SuiteRunnerWorker.runSuite(SuiteRunnerWorker.java:52)
	at org.testng.SuiteRunnerWorker.run(SuiteRunnerWorker.java:86)
	at org.testng.TestNG.runSuitesSequentially(TestNG.java:1293)
	at org.testng.TestNG.runSuitesLocally(TestNG.java:1218)
	at org.testng.TestNG.runSuites(TestNG.java:1133)
	at org.testng.TestNG.run(TestNG.java:1104)
	at org.testng.remote.AbstractRemoteTestNG.run(AbstractRemoteTestNG.java:132)
	at org.testng.remote.RemoteTestNG.initAndRun(RemoteTestNG.java:236)
	at org.testng.remote.RemoteTestNG.main(RemoteTestNG.java:81)
]]>
            </full-stacktrace>
          </exception> <!-- java.lang.IllegalArgumentException -->
          <reporter-output>
          </reporter-output>
        </test-method> <!-- testAddPos_moreThanleng -->
        <test-method status="PASS" signature="testAddStart_to0(EList)[pri:0, instance:EListTestNG@23ceabc1]" name="testAddStart_to0" duration-ms="2" started-at="2016-12-15T22:00:16Z" data-provider="data" finished-at="2016-12-15T22:00:16Z">
          <params>
            <param index="0">
              <value>
                <![CDATA[{587}]]>
              </value>
            </param>
          </params>
          <reporter-output>
          </reporter-output>
        </test-method> <!-- testAddStart_to0 -->
        <test-method status="PASS" signature="testAddStart_to0(EList)[pri:0, instance:EListTestNG@23ceabc1]" name="testAddStart_to0" duration-ms="3" started-at="2016-12-15T22:00:16Z" data-provider="data" finished-at="2016-12-15T22:00:16Z">
          <params>
            <param index="0">
              <value>
                <![CDATA[{587}]]>
              </value>
            </param>
          </params>
          <reporter-output>
          </reporter-output>
        </test-method> <!-- testAddStart_to0 -->
        <test-method status="PASS" signature="testAddStart_to0(EList)[pri:0, instance:EListTestNG@23ceabc1]" name="testAddStart_to0" duration-ms="7" started-at="2016-12-15T22:00:16Z" data-provider="data" finished-at="2016-12-15T22:00:16Z">
          <params>
            <param index="0">
              <value>
                <![CDATA[{587}]]>
              </value>
            </param>
          </params>
          <reporter-output>
          </reporter-output>
        </test-method> <!-- testAddStart_to0 -->
        <test-method status="PASS" signature="testAddStart_to1(EList)[pri:0, instance:EListTestNG@23ceabc1]" name="testAddStart_to1" duration-ms="3" started-at="2016-12-15T22:00:16Z" data-provider="data" finished-at="2016-12-15T22:00:16Z">
          <params>
            <param index="0">
              <value>
                <![CDATA[{34, 1}]]>
              </value>
            </param>
          </params>
          <reporter-output>
          </reporter-output>
        </test-method> <!-- testAddStart_to1 -->
        <test-method status="PASS" signature="testAddStart_to1(EList)[pri:0, instance:EListTestNG@23ceabc1]" name="testAddStart_to1" duration-ms="2" started-at="2016-12-15T22:00:16Z" data-provider="data" finished-at="2016-12-15T22:00:16Z">
          <params>
            <param index="0">
              <value>
                <![CDATA[{34, 1}]]>
              </value>
            </param>
          </params>
          <reporter-output>
          </reporter-output>
        </test-method> <!-- testAddStart_to1 -->
        <test-method status="PASS" signature="testAddStart_to1(EList)[pri:0, instance:EListTestNG@23ceabc1]" name="testAddStart_to1" duration-ms="4" started-at="2016-12-15T22:00:16Z" data-provider="data" finished-at="2016-12-15T22:00:16Z">
          <params>
            <param index="0">
              <value>
                <![CDATA[{34, 1}]]>
              </value>
            </param>
          </params>
          <reporter-output>
          </reporter-output>
        </test-method> <!-- testAddStart_to1 -->
        <test-method status="PASS" signature="testAddStart_to2(EList)[pri:0, instance:EListTestNG@23ceabc1]" name="testAddStart_to2" duration-ms="2" started-at="2016-12-15T22:00:16Z" data-provider="data" finished-at="2016-12-15T22:00:16Z">
          <params>
            <param index="0">
              <value>
                <![CDATA[{34, 1, 322}]]>
              </value>
            </param>
          </params>
          <reporter-output>
          </reporter-output>
        </test-method> <!-- testAddStart_to2 -->
        <test-method status="PASS" signature="testAddStart_to2(EList)[pri:0, instance:EListTestNG@23ceabc1]" name="testAddStart_to2" duration-ms="1" started-at="2016-12-15T22:00:16Z" data-provider="data" finished-at="2016-12-15T22:00:16Z">
          <params>
            <param index="0">
              <value>
                <![CDATA[{34, 1, 322}]]>
              </value>
            </param>
          </params>
          <reporter-output>
          </reporter-output>
        </test-method> <!-- testAddStart_to2 -->
        <test-method status="PASS" signature="testAddStart_to2(EList)[pri:0, instance:EListTestNG@23ceabc1]" name="testAddStart_to2" duration-ms="4" started-at="2016-12-15T22:00:16Z" data-provider="data" finished-at="2016-12-15T22:00:16Z">
          <params>
            <param index="0">
              <value>
                <![CDATA[{34, 1, 322}]]>
              </value>
            </param>
          </params>
          <reporter-output>
          </reporter-output>
        </test-method> <!-- testAddStart_to2 -->
        <test-method status="PASS" signature="testAddStart_to3(EList)[pri:0, instance:EListTestNG@23ceabc1]" name="testAddStart_to3" duration-ms="1" started-at="2016-12-15T22:00:16Z" data-provider="data" finished-at="2016-12-15T22:00:16Z">
          <params>
            <param index="0">
              <value>
                <![CDATA[{34, 1, 322, 56}]]>
              </value>
            </param>
          </params>
          <reporter-output>
          </reporter-output>
        </test-method> <!-- testAddStart_to3 -->
        <test-method status="PASS" signature="testAddStart_to3(EList)[pri:0, instance:EListTestNG@23ceabc1]" name="testAddStart_to3" duration-ms="8" started-at="2016-12-15T22:00:16Z" data-provider="data" finished-at="2016-12-15T22:00:16Z">
          <params>
            <param index="0">
              <value>
                <![CDATA[{34, 1, 322, 56}]]>
              </value>
            </param>
          </params>
          <reporter-output>
          </reporter-output>
        </test-method> <!-- testAddStart_to3 -->
        <test-method status="PASS" signature="testAddStart_to3(EList)[pri:0, instance:EListTestNG@23ceabc1]" name="testAddStart_to3" duration-ms="2" started-at="2016-12-15T22:00:16Z" data-provider="data" finished-at="2016-12-15T22:00:16Z">
          <params>
            <param index="0">
              <value>
                <![CDATA[{34, 1, 322, 56}]]>
              </value>
            </param>
          </params>
          <reporter-output>
          </reporter-output>
        </test-method> <!-- testAddStart_to3 -->
        <test-method status="PASS" signature="testAddStart_toMany(EList)[pri:0, instance:EListTestNG@23ceabc1]" name="testAddStart_toMany" duration-ms="2" started-at="2016-12-15T22:00:16Z" data-provider="data" finished-at="2016-12-15T22:00:16Z">
          <params>
            <param index="0">
              <value>
                <![CDATA[{34, 1, 322, 56, 3425, 65, 566}]]>
              </value>
            </param>
          </params>
          <reporter-output>
          </reporter-output>
        </test-method> <!-- testAddStart_toMany -->
        <test-method status="PASS" signature="testAddStart_toMany(EList)[pri:0, instance:EListTestNG@23ceabc1]" name="testAddStart_toMany" duration-ms="7" started-at="2016-12-15T22:00:16Z" data-provider="data" finished-at="2016-12-15T22:00:16Z">
          <params>
            <param index="0">
              <value>
                <![CDATA[{34, 1, 322, 56, 3425, 65, 566}]]>
              </value>
            </param>
          </params>
          <reporter-output>
          </reporter-output>
        </test-method> <!-- testAddStart_toMany -->
        <test-method status="PASS" signature="testAddStart_toMany(EList)[pri:0, instance:EListTestNG@23ceabc1]" name="testAddStart_toMany" duration-ms="12" started-at="2016-12-15T22:00:16Z" data-provider="data" finished-at="2016-12-15T22:00:16Z">
          <params>
            <param index="0">
              <value>
                <![CDATA[{34, 1, 322, 56, 3425, 65, 566}]]>
              </value>
            </param>
          </params>
          <reporter-output>
          </reporter-output>
        </test-method> <!-- testAddStart_toMany -->
        <test-method status="PASS" signature="testClear_len1(EList)[pri:0, instance:EListTestNG@23ceabc1]" name="testClear_len1" duration-ms="3" started-at="2016-12-15T22:00:16Z" data-provider="data" finished-at="2016-12-15T22:00:16Z">
          <params>
            <param index="0">
              <value>
                <![CDATA[Nothing here!]]>
              </value>
            </param>
          </params>
          <reporter-output>
          </reporter-output>
        </test-method> <!-- testClear_len1 -->
        <test-method status="PASS" signature="testClear_len1(EList)[pri:0, instance:EListTestNG@23ceabc1]" name="testClear_len1" duration-ms="4" started-at="2016-12-15T22:00:16Z" data-provider="data" finished-at="2016-12-15T22:00:16Z">
          <params>
            <param index="0">
              <value>
                <![CDATA[Nothing here!]]>
              </value>
            </param>
          </params>
          <reporter-output>
          </reporter-output>
        </test-method> <!-- testClear_len1 -->
        <test-method status="PASS" signature="testClear_len1(EList)[pri:0, instance:EListTestNG@23ceabc1]" name="testClear_len1" duration-ms="2" started-at="2016-12-15T22:00:16Z" data-provider="data" finished-at="2016-12-15T22:00:16Z">
          <params>
            <param index="0">
              <value>
                <![CDATA[Nothing here!]]>
              </value>
            </param>
          </params>
          <reporter-output>
          </reporter-output>
        </test-method> <!-- testClear_len1 -->
        <test-method status="PASS" signature="testClear_len2(EList)[pri:0, instance:EListTestNG@23ceabc1]" name="testClear_len2" duration-ms="3" started-at="2016-12-15T22:00:16Z" data-provider="data" finished-at="2016-12-15T22:00:16Z">
          <params>
            <param index="0">
              <value>
                <![CDATA[Nothing here!]]>
              </value>
            </param>
          </params>
          <reporter-output>
          </reporter-output>
        </test-method> <!-- testClear_len2 -->
        <test-method status="PASS" signature="testClear_len2(EList)[pri:0, instance:EListTestNG@23ceabc1]" name="testClear_len2" duration-ms="2" started-at="2016-12-15T22:00:16Z" data-provider="data" finished-at="2016-12-15T22:00:16Z">
          <params>
            <param index="0">
              <value>
                <![CDATA[Nothing here!]]>
              </value>
            </param>
          </params>
          <reporter-output>
          </reporter-output>
        </test-method> <!-- testClear_len2 -->
        <test-method status="PASS" signature="testClear_len2(EList)[pri:0, instance:EListTestNG@23ceabc1]" name="testClear_len2" duration-ms="3" started-at="2016-12-15T22:00:16Z" data-provider="data" finished-at="2016-12-15T22:00:16Z">
          <params>
            <param index="0">
              <value>
                <![CDATA[Nothing here!]]>
              </value>
            </param>
          </params>
          <reporter-output>
          </reporter-output>
        </test-method> <!-- testClear_len2 -->
        <test-method status="PASS" signature="testClear_many(EList)[pri:0, instance:EListTestNG@23ceabc1]" name="testClear_many" duration-ms="4" started-at="2016-12-15T22:00:16Z" data-provider="data" finished-at="2016-12-15T22:00:16Z">
          <params>
            <param index="0">
              <value>
                <![CDATA[Nothing here!]]>
              </value>
            </param>
          </params>
          <reporter-output>
          </reporter-output>
        </test-method> <!-- testClear_many -->
        <test-method status="PASS" signature="testClear_many(EList)[pri:0, instance:EListTestNG@23ceabc1]" name="testClear_many" duration-ms="6" started-at="2016-12-15T22:00:16Z" data-provider="data" finished-at="2016-12-15T22:00:16Z">
          <params>
            <param index="0">
              <value>
                <![CDATA[Nothing here!]]>
              </value>
            </param>
          </params>
          <reporter-output>
          </reporter-output>
        </test-method> <!-- testClear_many -->
        <test-method status="PASS" signature="testClear_many(EList)[pri:0, instance:EListTestNG@23ceabc1]" name="testClear_many" duration-ms="8" started-at="2016-12-15T22:00:16Z" data-provider="data" finished-at="2016-12-15T22:00:16Z">
          <params>
            <param index="0">
              <value>
                <![CDATA[Nothing here!]]>
              </value>
            </param>
          </params>
          <reporter-output>
          </reporter-output>
        </test-method> <!-- testClear_many -->
        <test-method status="PASS" signature="testClear_zerolen(EList)[pri:0, instance:EListTestNG@23ceabc1]" name="testClear_zerolen" duration-ms="2" started-at="2016-12-15T22:00:16Z" data-provider="data" finished-at="2016-12-15T22:00:16Z">
          <params>
            <param index="0">
              <value>
                <![CDATA[Nothing here!]]>
              </value>
            </param>
          </params>
          <reporter-output>
          </reporter-output>
        </test-method> <!-- testClear_zerolen -->
        <test-method status="PASS" signature="testClear_zerolen(EList)[pri:0, instance:EListTestNG@23ceabc1]" name="testClear_zerolen" duration-ms="1" started-at="2016-12-15T22:00:16Z" data-provider="data" finished-at="2016-12-15T22:00:16Z">
          <params>
            <param index="0">
              <value>
                <![CDATA[Nothing here!]]>
              </value>
            </param>
          </params>
          <reporter-output>
          </reporter-output>
        </test-method> <!-- testClear_zerolen -->
        <test-method status="PASS" signature="testClear_zerolen(EList)[pri:0, instance:EListTestNG@23ceabc1]" name="testClear_zerolen" duration-ms="2" started-at="2016-12-15T22:00:16Z" data-provider="data" finished-at="2016-12-15T22:00:16Z">
          <params>
            <param index="0">
              <value>
                <![CDATA[Nothing here!]]>
              </value>
            </param>
          </params>
          <reporter-output>
          </reporter-output>
        </test-method> <!-- testClear_zerolen -->
        <test-method status="PASS" signature="testDelEnd_from0(EList)[pri:0, instance:EListTestNG@23ceabc1]" name="testDelEnd_from0" duration-ms="1" started-at="2016-12-15T22:00:16Z" data-provider="data" finished-at="2016-12-15T22:00:16Z">
          <params>
            <param index="0">
              <value>
                <![CDATA[Nothing here!]]>
              </value>
            </param>
          </params>
          <exception class="java.lang.IllegalArgumentException">
            <full-stacktrace>
              <![CDATA[java.lang.IllegalArgumentException
	at AList0.delEnd(AList0.java:110)
	at EListTestNG.testDelEnd_from0(EListTestNG.java:464)
	at sun.reflect.NativeMethodAccessorImpl.invoke0(Native Method)
	at sun.reflect.NativeMethodAccessorImpl.invoke(Unknown Source)
	at sun.reflect.DelegatingMethodAccessorImpl.invoke(Unknown Source)
	at java.lang.reflect.Method.invoke(Unknown Source)
	at org.testng.internal.MethodInvocationHelper.invokeMethod(MethodInvocationHelper.java:104)
	at org.testng.internal.Invoker.invokeMethod(Invoker.java:645)
	at org.testng.internal.Invoker.invokeTestMethod(Invoker.java:851)
	at org.testng.internal.Invoker.invokeTestMethods(Invoker.java:1177)
	at org.testng.internal.TestMethodWorker.invokeTestMethods(TestMethodWorker.java:129)
	at org.testng.internal.TestMethodWorker.run(TestMethodWorker.java:112)
	at org.testng.TestRunner.privateRun(TestRunner.java:756)
	at org.testng.TestRunner.run(TestRunner.java:610)
	at org.testng.SuiteRunner.runTest(SuiteRunner.java:387)
	at org.testng.SuiteRunner.runSequentially(SuiteRunner.java:382)
	at org.testng.SuiteRunner.privateRun(SuiteRunner.java:340)
	at org.testng.SuiteRunner.run(SuiteRunner.java:289)
	at org.testng.SuiteRunnerWorker.runSuite(SuiteRunnerWorker.java:52)
	at org.testng.SuiteRunnerWorker.run(SuiteRunnerWorker.java:86)
	at org.testng.TestNG.runSuitesSequentially(TestNG.java:1293)
	at org.testng.TestNG.runSuitesLocally(TestNG.java:1218)
	at org.testng.TestNG.runSuites(TestNG.java:1133)
	at org.testng.TestNG.run(TestNG.java:1104)
	at org.testng.remote.AbstractRemoteTestNG.run(AbstractRemoteTestNG.java:132)
	at org.testng.remote.RemoteTestNG.initAndRun(RemoteTestNG.java:236)
	at org.testng.remote.RemoteTestNG.main(RemoteTestNG.java:81)
]]>
            </full-stacktrace>
          </exception> <!-- java.lang.IllegalArgumentException -->
          <reporter-output>
          </reporter-output>
        </test-method> <!-- testDelEnd_from0 -->
        <test-method status="PASS" signature="testDelEnd_from0(EList)[pri:0, instance:EListTestNG@23ceabc1]" name="testDelEnd_from0" duration-ms="2" started-at="2016-12-15T22:00:16Z" data-provider="data" finished-at="2016-12-15T22:00:16Z">
          <params>
            <param index="0">
              <value>
                <![CDATA[Nothing here!]]>
              </value>
            </param>
          </params>
          <exception class="java.lang.IllegalArgumentException">
            <full-stacktrace>
              <![CDATA[java.lang.IllegalArgumentException
	at AList1.delEnd(AList1.java:37)
	at EListTestNG.testDelEnd_from0(EListTestNG.java:464)
	at sun.reflect.NativeMethodAccessorImpl.invoke0(Native Method)
	at sun.reflect.NativeMethodAccessorImpl.invoke(Unknown Source)
	at sun.reflect.DelegatingMethodAccessorImpl.invoke(Unknown Source)
	at java.lang.reflect.Method.invoke(Unknown Source)
	at org.testng.internal.MethodInvocationHelper.invokeMethod(MethodInvocationHelper.java:104)
	at org.testng.internal.Invoker.invokeMethod(Invoker.java:645)
	at org.testng.internal.Invoker.invokeTestMethod(Invoker.java:851)
	at org.testng.internal.Invoker.invokeTestMethods(Invoker.java:1177)
	at org.testng.internal.TestMethodWorker.invokeTestMethods(TestMethodWorker.java:129)
	at org.testng.internal.TestMethodWorker.run(TestMethodWorker.java:112)
	at org.testng.TestRunner.privateRun(TestRunner.java:756)
	at org.testng.TestRunner.run(TestRunner.java:610)
	at org.testng.SuiteRunner.runTest(SuiteRunner.java:387)
	at org.testng.SuiteRunner.runSequentially(SuiteRunner.java:382)
	at org.testng.SuiteRunner.privateRun(SuiteRunner.java:340)
	at org.testng.SuiteRunner.run(SuiteRunner.java:289)
	at org.testng.SuiteRunnerWorker.runSuite(SuiteRunnerWorker.java:52)
	at org.testng.SuiteRunnerWorker.run(SuiteRunnerWorker.java:86)
	at org.testng.TestNG.runSuitesSequentially(TestNG.java:1293)
	at org.testng.TestNG.runSuitesLocally(TestNG.java:1218)
	at org.testng.TestNG.runSuites(TestNG.java:1133)
	at org.testng.TestNG.run(TestNG.java:1104)
	at org.testng.remote.AbstractRemoteTestNG.run(AbstractRemoteTestNG.java:132)
	at org.testng.remote.RemoteTestNG.initAndRun(RemoteTestNG.java:236)
	at org.testng.remote.RemoteTestNG.main(RemoteTestNG.java:81)
]]>
            </full-stacktrace>
          </exception> <!-- java.lang.IllegalArgumentException -->
          <reporter-output>
          </reporter-output>
        </test-method> <!-- testDelEnd_from0 -->
        <test-method status="PASS" signature="testDelEnd_from0(EList)[pri:0, instance:EListTestNG@23ceabc1]" name="testDelEnd_from0" duration-ms="3" started-at="2016-12-15T22:00:16Z" data-provider="data" finished-at="2016-12-15T22:00:16Z">
          <params>
            <param index="0">
              <value>
                <![CDATA[Nothing here!]]>
              </value>
            </param>
          </params>
          <exception class="java.lang.IllegalArgumentException">
            <full-stacktrace>
              <![CDATA[java.lang.IllegalArgumentException
	at AList2.delEnd(AList2.java:58)
	at EListTestNG.testDelEnd_from0(EListTestNG.java:464)
	at sun.reflect.NativeMethodAccessorImpl.invoke0(Native Method)
	at sun.reflect.NativeMethodAccessorImpl.invoke(Unknown Source)
	at sun.reflect.DelegatingMethodAccessorImpl.invoke(Unknown Source)
	at java.lang.reflect.Method.invoke(Unknown Source)
	at org.testng.internal.MethodInvocationHelper.invokeMethod(MethodInvocationHelper.java:104)
	at org.testng.internal.Invoker.invokeMethod(Invoker.java:645)
	at org.testng.internal.Invoker.invokeTestMethod(Invoker.java:851)
	at org.testng.internal.Invoker.invokeTestMethods(Invoker.java:1177)
	at org.testng.internal.TestMethodWorker.invokeTestMethods(TestMethodWorker.java:129)
	at org.testng.internal.TestMethodWorker.run(TestMethodWorker.java:112)
	at org.testng.TestRunner.privateRun(TestRunner.java:756)
	at org.testng.TestRunner.run(TestRunner.java:610)
	at org.testng.SuiteRunner.runTest(SuiteRunner.java:387)
	at org.testng.SuiteRunner.runSequentially(SuiteRunner.java:382)
	at org.testng.SuiteRunner.privateRun(SuiteRunner.java:340)
	at org.testng.SuiteRunner.run(SuiteRunner.java:289)
	at org.testng.SuiteRunnerWorker.runSuite(SuiteRunnerWorker.java:52)
	at org.testng.SuiteRunnerWorker.run(SuiteRunnerWorker.java:86)
	at org.testng.TestNG.runSuitesSequentially(TestNG.java:1293)
	at org.testng.TestNG.runSuitesLocally(TestNG.java:1218)
	at org.testng.TestNG.runSuites(TestNG.java:1133)
	at org.testng.TestNG.run(TestNG.java:1104)
	at org.testng.remote.AbstractRemoteTestNG.run(AbstractRemoteTestNG.java:132)
	at org.testng.remote.RemoteTestNG.initAndRun(RemoteTestNG.java:236)
	at org.testng.remote.RemoteTestNG.main(RemoteTestNG.java:81)
]]>
            </full-stacktrace>
          </exception> <!-- java.lang.IllegalArgumentException -->
          <reporter-output>
          </reporter-output>
        </test-method> <!-- testDelEnd_from0 -->
        <test-method status="PASS" signature="testDelEnd_from1(EList)[pri:0, instance:EListTestNG@23ceabc1]" name="testDelEnd_from1" duration-ms="2" started-at="2016-12-15T22:00:16Z" data-provider="data" finished-at="2016-12-15T22:00:16Z">
          <params>
            <param index="0">
              <value>
                <![CDATA[Nothing here!]]>
              </value>
            </param>
          </params>
          <reporter-output>
          </reporter-output>
        </test-method> <!-- testDelEnd_from1 -->
        <test-method status="PASS" signature="testDelEnd_from1(EList)[pri:0, instance:EListTestNG@23ceabc1]" name="testDelEnd_from1" duration-ms="2" started-at="2016-12-15T22:00:16Z" data-provider="data" finished-at="2016-12-15T22:00:16Z">
          <params>
            <param index="0">
              <value>
                <![CDATA[Nothing here!]]>
              </value>
            </param>
          </params>
          <reporter-output>
          </reporter-output>
        </test-method> <!-- testDelEnd_from1 -->
        <test-method status="PASS" signature="testDelEnd_from1(EList)[pri:0, instance:EListTestNG@23ceabc1]" name="testDelEnd_from1" duration-ms="2" started-at="2016-12-15T22:00:16Z" data-provider="data" finished-at="2016-12-15T22:00:16Z">
          <params>
            <param index="0">
              <value>
                <![CDATA[Nothing here!]]>
              </value>
            </param>
          </params>
          <reporter-output>
          </reporter-output>
        </test-method> <!-- testDelEnd_from1 -->
        <test-method status="PASS" signature="testDelEnd_from2(EList)[pri:0, instance:EListTestNG@23ceabc1]" name="testDelEnd_from2" duration-ms="2" started-at="2016-12-15T22:00:16Z" data-provider="data" finished-at="2016-12-15T22:00:16Z">
          <params>
            <param index="0">
              <value>
                <![CDATA[{1}]]>
              </value>
            </param>
          </params>
          <reporter-output>
          </reporter-output>
        </test-method> <!-- testDelEnd_from2 -->
        <test-method status="PASS" signature="testDelEnd_from2(EList)[pri:0, instance:EListTestNG@23ceabc1]" name="testDelEnd_from2" duration-ms="1" started-at="2016-12-15T22:00:16Z" data-provider="data" finished-at="2016-12-15T22:00:16Z">
          <params>
            <param index="0">
              <value>
                <![CDATA[{1}]]>
              </value>
            </param>
          </params>
          <reporter-output>
          </reporter-output>
        </test-method> <!-- testDelEnd_from2 -->
        <test-method status="PASS" signature="testDelEnd_from2(EList)[pri:0, instance:EListTestNG@23ceabc1]" name="testDelEnd_from2" duration-ms="1" started-at="2016-12-15T22:00:16Z" data-provider="data" finished-at="2016-12-15T22:00:16Z">
          <params>
            <param index="0">
              <value>
                <![CDATA[{1}]]>
              </value>
            </param>
          </params>
          <reporter-output>
          </reporter-output>
        </test-method> <!-- testDelEnd_from2 -->
        <test-method status="PASS" signature="testDelEnd_from3(EList)[pri:0, instance:EListTestNG@23ceabc1]" name="testDelEnd_from3" duration-ms="1" started-at="2016-12-15T22:00:16Z" data-provider="data" finished-at="2016-12-15T22:00:16Z">
          <params>
            <param index="0">
              <value>
                <![CDATA[{1, 322}]]>
              </value>
            </param>
          </params>
          <reporter-output>
          </reporter-output>
        </test-method> <!-- testDelEnd_from3 -->
        <test-method status="PASS" signature="testDelEnd_from3(EList)[pri:0, instance:EListTestNG@23ceabc1]" name="testDelEnd_from3" duration-ms="2" started-at="2016-12-15T22:00:16Z" data-provider="data" finished-at="2016-12-15T22:00:16Z">
          <params>
            <param index="0">
              <value>
                <![CDATA[{1, 322}]]>
              </value>
            </param>
          </params>
          <reporter-output>
          </reporter-output>
        </test-method> <!-- testDelEnd_from3 -->
        <test-method status="PASS" signature="testDelEnd_from3(EList)[pri:0, instance:EListTestNG@23ceabc1]" name="testDelEnd_from3" duration-ms="2" started-at="2016-12-15T22:00:16Z" data-provider="data" finished-at="2016-12-15T22:00:16Z">
          <params>
            <param index="0">
              <value>
                <![CDATA[{1, 322}]]>
              </value>
            </param>
          </params>
          <reporter-output>
          </reporter-output>
        </test-method> <!-- testDelEnd_from3 -->
        <test-method status="PASS" signature="testDelEnd_fromMany(EList)[pri:0, instance:EListTestNG@23ceabc1]" name="testDelEnd_fromMany" duration-ms="3" started-at="2016-12-15T22:00:16Z" data-provider="data" finished-at="2016-12-15T22:00:16Z">
          <params>
            <param index="0">
              <value>
                <![CDATA[{1, 322, 56, 1234, 55, 786}]]>
              </value>
            </param>
          </params>
          <reporter-output>
          </reporter-output>
        </test-method> <!-- testDelEnd_fromMany -->
        <test-method status="PASS" signature="testDelEnd_fromMany(EList)[pri:0, instance:EListTestNG@23ceabc1]" name="testDelEnd_fromMany" duration-ms="1" started-at="2016-12-15T22:00:16Z" data-provider="data" finished-at="2016-12-15T22:00:16Z">
          <params>
            <param index="0">
              <value>
                <![CDATA[{1, 322, 56, 1234, 55, 786}]]>
              </value>
            </param>
          </params>
          <reporter-output>
          </reporter-output>
        </test-method> <!-- testDelEnd_fromMany -->
        <test-method status="PASS" signature="testDelEnd_fromMany(EList)[pri:0, instance:EListTestNG@23ceabc1]" name="testDelEnd_fromMany" duration-ms="3" started-at="2016-12-15T22:00:16Z" data-provider="data" finished-at="2016-12-15T22:00:16Z">
          <params>
            <param index="0">
              <value>
                <![CDATA[{1, 322, 56, 1234, 55, 786}]]>
              </value>
            </param>
          </params>
          <reporter-output>
          </reporter-output>
        </test-method> <!-- testDelEnd_fromMany -->
        <test-method status="PASS" signature="testDelPos_beg(EList)[pri:0, instance:EListTestNG@23ceabc1]" name="testDelPos_beg" duration-ms="2" started-at="2016-12-15T22:00:16Z" data-provider="data" finished-at="2016-12-15T22:00:16Z">
          <params>
            <param index="0">
              <value>
                <![CDATA[{2, 4, 41, 124, 534, 6}]]>
              </value>
            </param>
          </params>
          <reporter-output>
          </reporter-output>
        </test-method> <!-- testDelPos_beg -->
        <test-method status="PASS" signature="testDelPos_beg(EList)[pri:0, instance:EListTestNG@23ceabc1]" name="testDelPos_beg" duration-ms="3" started-at="2016-12-15T22:00:16Z" data-provider="data" finished-at="2016-12-15T22:00:16Z">
          <params>
            <param index="0">
              <value>
                <![CDATA[{2, 4, 41, 124, 534, 6}]]>
              </value>
            </param>
          </params>
          <reporter-output>
          </reporter-output>
        </test-method> <!-- testDelPos_beg -->
        <test-method status="PASS" signature="testDelPos_beg(EList)[pri:0, instance:EListTestNG@23ceabc1]" name="testDelPos_beg" duration-ms="3" started-at="2016-12-15T22:00:16Z" data-provider="data" finished-at="2016-12-15T22:00:16Z">
          <params>
            <param index="0">
              <value>
                <![CDATA[{2, 4, 41, 124, 534, 6}]]>
              </value>
            </param>
          </params>
          <reporter-output>
          </reporter-output>
        </test-method> <!-- testDelPos_beg -->
        <test-method status="PASS" signature="testDelPos_end(EList)[pri:0, instance:EListTestNG@23ceabc1]" name="testDelPos_end" duration-ms="3" started-at="2016-12-15T22:00:16Z" data-provider="data" finished-at="2016-12-15T22:00:16Z">
          <params>
            <param index="0">
              <value>
                <![CDATA[{22, 2, 4, 41, 124, 534}]]>
              </value>
            </param>
          </params>
          <reporter-output>
          </reporter-output>
        </test-method> <!-- testDelPos_end -->
        <test-method status="PASS" signature="testDelPos_end(EList)[pri:0, instance:EListTestNG@23ceabc1]" name="testDelPos_end" duration-ms="5" started-at="2016-12-15T22:00:16Z" data-provider="data" finished-at="2016-12-15T22:00:16Z">
          <params>
            <param index="0">
              <value>
                <![CDATA[{22, 2, 4, 41, 124, 534}]]>
              </value>
            </param>
          </params>
          <reporter-output>
          </reporter-output>
        </test-method> <!-- testDelPos_end -->
        <test-method status="PASS" signature="testDelPos_end(EList)[pri:0, instance:EListTestNG@23ceabc1]" name="testDelPos_end" duration-ms="2" started-at="2016-12-15T22:00:16Z" data-provider="data" finished-at="2016-12-15T22:00:16Z">
          <params>
            <param index="0">
              <value>
                <![CDATA[{22, 2, 4, 41, 124, 534}]]>
              </value>
            </param>
          </params>
          <reporter-output>
          </reporter-output>
        </test-method> <!-- testDelPos_end -->
        <test-method status="PASS" signature="testDelPos_from0(EList)[pri:0, instance:EListTestNG@23ceabc1]" name="testDelPos_from0" duration-ms="3" started-at="2016-12-15T22:00:16Z" data-provider="data" finished-at="2016-12-15T22:00:16Z">
          <params>
            <param index="0">
              <value>
                <![CDATA[Nothing here!]]>
              </value>
            </param>
          </params>
          <exception class="java.lang.IllegalArgumentException">
            <full-stacktrace>
              <![CDATA[java.lang.IllegalArgumentException
	at AList0.delEnd(AList0.java:110)
	at AList0.delPos(AList0.java:268)
	at EListTestNG.testDelPos_from0(EListTestNG.java:1025)
	at sun.reflect.NativeMethodAccessorImpl.invoke0(Native Method)
	at sun.reflect.NativeMethodAccessorImpl.invoke(Unknown Source)
	at sun.reflect.DelegatingMethodAccessorImpl.invoke(Unknown Source)
	at java.lang.reflect.Method.invoke(Unknown Source)
	at org.testng.internal.MethodInvocationHelper.invokeMethod(MethodInvocationHelper.java:104)
	at org.testng.internal.Invoker.invokeMethod(Invoker.java:645)
	at org.testng.internal.Invoker.invokeTestMethod(Invoker.java:851)
	at org.testng.internal.Invoker.invokeTestMethods(Invoker.java:1177)
	at org.testng.internal.TestMethodWorker.invokeTestMethods(TestMethodWorker.java:129)
	at org.testng.internal.TestMethodWorker.run(TestMethodWorker.java:112)
	at org.testng.TestRunner.privateRun(TestRunner.java:756)
	at org.testng.TestRunner.run(TestRunner.java:610)
	at org.testng.SuiteRunner.runTest(SuiteRunner.java:387)
	at org.testng.SuiteRunner.runSequentially(SuiteRunner.java:382)
	at org.testng.SuiteRunner.privateRun(SuiteRunner.java:340)
	at org.testng.SuiteRunner.run(SuiteRunner.java:289)
	at org.testng.SuiteRunnerWorker.runSuite(SuiteRunnerWorker.java:52)
	at org.testng.SuiteRunnerWorker.run(SuiteRunnerWorker.java:86)
	at org.testng.TestNG.runSuitesSequentially(TestNG.java:1293)
	at org.testng.TestNG.runSuitesLocally(TestNG.java:1218)
	at org.testng.TestNG.runSuites(TestNG.java:1133)
	at org.testng.TestNG.run(TestNG.java:1104)
	at org.testng.remote.AbstractRemoteTestNG.run(AbstractRemoteTestNG.java:132)
	at org.testng.remote.RemoteTestNG.initAndRun(RemoteTestNG.java:236)
	at org.testng.remote.RemoteTestNG.main(RemoteTestNG.java:81)
]]>
            </full-stacktrace>
          </exception> <!-- java.lang.IllegalArgumentException -->
          <reporter-output>
          </reporter-output>
        </test-method> <!-- testDelPos_from0 -->
        <test-method status="PASS" signature="testDelPos_from0(EList)[pri:0, instance:EListTestNG@23ceabc1]" name="testDelPos_from0" duration-ms="2" started-at="2016-12-15T22:00:16Z" data-provider="data" finished-at="2016-12-15T22:00:16Z">
          <params>
            <param index="0">
              <value>
                <![CDATA[Nothing here!]]>
              </value>
            </param>
          </params>
          <exception class="java.lang.IllegalArgumentException">
            <full-stacktrace>
              <![CDATA[java.lang.IllegalArgumentException
	at AList1.delStart(AList1.java:54)
	at AList1.delPos(AList1.java:245)
	at EListTestNG.testDelPos_from0(EListTestNG.java:1025)
	at sun.reflect.NativeMethodAccessorImpl.invoke0(Native Method)
	at sun.reflect.NativeMethodAccessorImpl.invoke(Unknown Source)
	at sun.reflect.DelegatingMethodAccessorImpl.invoke(Unknown Source)
	at java.lang.reflect.Method.invoke(Unknown Source)
	at org.testng.internal.MethodInvocationHelper.invokeMethod(MethodInvocationHelper.java:104)
	at org.testng.internal.Invoker.invokeMethod(Invoker.java:645)
	at org.testng.internal.Invoker.invokeTestMethod(Invoker.java:851)
	at org.testng.internal.Invoker.invokeTestMethods(Invoker.java:1177)
	at org.testng.internal.TestMethodWorker.invokeTestMethods(TestMethodWorker.java:129)
	at org.testng.internal.TestMethodWorker.run(TestMethodWorker.java:112)
	at org.testng.TestRunner.privateRun(TestRunner.java:756)
	at org.testng.TestRunner.run(TestRunner.java:610)
	at org.testng.SuiteRunner.runTest(SuiteRunner.java:387)
	at org.testng.SuiteRunner.runSequentially(SuiteRunner.java:382)
	at org.testng.SuiteRunner.privateRun(SuiteRunner.java:340)
	at org.testng.SuiteRunner.run(SuiteRunner.java:289)
	at org.testng.SuiteRunnerWorker.runSuite(SuiteRunnerWorker.java:52)
	at org.testng.SuiteRunnerWorker.run(SuiteRunnerWorker.java:86)
	at org.testng.TestNG.runSuitesSequentially(TestNG.java:1293)
	at org.testng.TestNG.runSuitesLocally(TestNG.java:1218)
	at org.testng.TestNG.runSuites(TestNG.java:1133)
	at org.testng.TestNG.run(TestNG.java:1104)
	at org.testng.remote.AbstractRemoteTestNG.run(AbstractRemoteTestNG.java:132)
	at org.testng.remote.RemoteTestNG.initAndRun(RemoteTestNG.java:236)
	at org.testng.remote.RemoteTestNG.main(RemoteTestNG.java:81)
]]>
            </full-stacktrace>
          </exception> <!-- java.lang.IllegalArgumentException -->
          <reporter-output>
          </reporter-output>
        </test-method> <!-- testDelPos_from0 -->
        <test-method status="PASS" signature="testDelPos_from0(EList)[pri:0, instance:EListTestNG@23ceabc1]" name="testDelPos_from0" duration-ms="2" started-at="2016-12-15T22:00:16Z" data-provider="data" finished-at="2016-12-15T22:00:16Z">
          <params>
            <param index="0">
              <value>
                <![CDATA[Nothing here!]]>
              </value>
            </param>
          </params>
          <exception class="java.lang.IllegalArgumentException">
            <full-stacktrace>
              <![CDATA[java.lang.IllegalArgumentException
	at AList2.delStart(AList2.java:69)
	at AList2.delPos(AList2.java:206)
	at EListTestNG.testDelPos_from0(EListTestNG.java:1025)
	at sun.reflect.NativeMethodAccessorImpl.invoke0(Native Method)
	at sun.reflect.NativeMethodAccessorImpl.invoke(Unknown Source)
	at sun.reflect.DelegatingMethodAccessorImpl.invoke(Unknown Source)
	at java.lang.reflect.Method.invoke(Unknown Source)
	at org.testng.internal.MethodInvocationHelper.invokeMethod(MethodInvocationHelper.java:104)
	at org.testng.internal.Invoker.invokeMethod(Invoker.java:645)
	at org.testng.internal.Invoker.invokeTestMethod(Invoker.java:851)
	at org.testng.internal.Invoker.invokeTestMethods(Invoker.java:1177)
	at org.testng.internal.TestMethodWorker.invokeTestMethods(TestMethodWorker.java:129)
	at org.testng.internal.TestMethodWorker.run(TestMethodWorker.java:112)
	at org.testng.TestRunner.privateRun(TestRunner.java:756)
	at org.testng.TestRunner.run(TestRunner.java:610)
	at org.testng.SuiteRunner.runTest(SuiteRunner.java:387)
	at org.testng.SuiteRunner.runSequentially(SuiteRunner.java:382)
	at org.testng.SuiteRunner.privateRun(SuiteRunner.java:340)
	at org.testng.SuiteRunner.run(SuiteRunner.java:289)
	at org.testng.SuiteRunnerWorker.runSuite(SuiteRunnerWorker.java:52)
	at org.testng.SuiteRunnerWorker.run(SuiteRunnerWorker.java:86)
	at org.testng.TestNG.runSuitesSequentially(TestNG.java:1293)
	at org.testng.TestNG.runSuitesLocally(TestNG.java:1218)
	at org.testng.TestNG.runSuites(TestNG.java:1133)
	at org.testng.TestNG.run(TestNG.java:1104)
	at org.testng.remote.AbstractRemoteTestNG.run(AbstractRemoteTestNG.java:132)
	at org.testng.remote.RemoteTestNG.initAndRun(RemoteTestNG.java:236)
	at org.testng.remote.RemoteTestNG.main(RemoteTestNG.java:81)
]]>
            </full-stacktrace>
          </exception> <!-- java.lang.IllegalArgumentException -->
          <reporter-output>
          </reporter-output>
        </test-method> <!-- testDelPos_from0 -->
        <test-method status="PASS" signature="testDelPos_from1(EList)[pri:0, instance:EListTestNG@23ceabc1]" name="testDelPos_from1" duration-ms="2" started-at="2016-12-15T22:00:16Z" data-provider="data" finished-at="2016-12-15T22:00:16Z">
          <params>
            <param index="0">
              <value>
                <![CDATA[Nothing here!]]>
              </value>
            </param>
          </params>
          <reporter-output>
          </reporter-output>
        </test-method> <!-- testDelPos_from1 -->
        <test-method status="PASS" signature="testDelPos_from1(EList)[pri:0, instance:EListTestNG@23ceabc1]" name="testDelPos_from1" duration-ms="3" started-at="2016-12-15T22:00:16Z" data-provider="data" finished-at="2016-12-15T22:00:16Z">
          <params>
            <param index="0">
              <value>
                <![CDATA[Nothing here!]]>
              </value>
            </param>
          </params>
          <reporter-output>
          </reporter-output>
        </test-method> <!-- testDelPos_from1 -->
        <test-method status="PASS" signature="testDelPos_from1(EList)[pri:0, instance:EListTestNG@23ceabc1]" name="testDelPos_from1" duration-ms="4" started-at="2016-12-15T22:00:16Z" data-provider="data" finished-at="2016-12-15T22:00:16Z">
          <params>
            <param index="0">
              <value>
                <![CDATA[Nothing here!]]>
              </value>
            </param>
          </params>
          <reporter-output>
          </reporter-output>
        </test-method> <!-- testDelPos_from1 -->
        <test-method status="PASS" signature="testDelPos_from2(EList)[pri:0, instance:EListTestNG@23ceabc1]" name="testDelPos_from2" duration-ms="6" started-at="2016-12-15T22:00:16Z" data-provider="data" finished-at="2016-12-15T22:00:16Z">
          <params>
            <param index="0">
              <value>
                <![CDATA[{22}]]>
              </value>
            </param>
          </params>
          <reporter-output>
          </reporter-output>
        </test-method> <!-- testDelPos_from2 -->
        <test-method status="PASS" signature="testDelPos_from2(EList)[pri:0, instance:EListTestNG@23ceabc1]" name="testDelPos_from2" duration-ms="4" started-at="2016-12-15T22:00:16Z" data-provider="data" finished-at="2016-12-15T22:00:16Z">
          <params>
            <param index="0">
              <value>
                <![CDATA[{22}]]>
              </value>
            </param>
          </params>
          <reporter-output>
          </reporter-output>
        </test-method> <!-- testDelPos_from2 -->
        <test-method status="PASS" signature="testDelPos_from2(EList)[pri:0, instance:EListTestNG@23ceabc1]" name="testDelPos_from2" duration-ms="3" started-at="2016-12-15T22:00:16Z" data-provider="data" finished-at="2016-12-15T22:00:16Z">
          <params>
            <param index="0">
              <value>
                <![CDATA[{22}]]>
              </value>
            </param>
          </params>
          <reporter-output>
          </reporter-output>
        </test-method> <!-- testDelPos_from2 -->
        <test-method status="PASS" signature="testDelPos_manymiddle(EList)[pri:0, instance:EListTestNG@23ceabc1]" name="testDelPos_manymiddle" duration-ms="2" started-at="2016-12-15T22:00:16Z" data-provider="data" finished-at="2016-12-15T22:00:16Z">
          <params>
            <param index="0">
              <value>
                <![CDATA[{22, 2, 4, 41, 534, 6}]]>
              </value>
            </param>
          </params>
          <reporter-output>
          </reporter-output>
        </test-method> <!-- testDelPos_manymiddle -->
        <test-method status="PASS" signature="testDelPos_manymiddle(EList)[pri:0, instance:EListTestNG@23ceabc1]" name="testDelPos_manymiddle" duration-ms="1" started-at="2016-12-15T22:00:16Z" data-provider="data" finished-at="2016-12-15T22:00:16Z">
          <params>
            <param index="0">
              <value>
                <![CDATA[{22, 2, 4, 41, 534, 6}]]>
              </value>
            </param>
          </params>
          <reporter-output>
          </reporter-output>
        </test-method> <!-- testDelPos_manymiddle -->
        <test-method status="PASS" signature="testDelPos_manymiddle(EList)[pri:0, instance:EListTestNG@23ceabc1]" name="testDelPos_manymiddle" duration-ms="1" started-at="2016-12-15T22:00:16Z" data-provider="data" finished-at="2016-12-15T22:00:16Z">
          <params>
            <param index="0">
              <value>
                <![CDATA[{22, 2, 4, 41, 534, 6}]]>
              </value>
            </param>
          </params>
          <reporter-output>
          </reporter-output>
        </test-method> <!-- testDelPos_manymiddle -->
        <test-method status="PASS" signature="testDelPos_oneafterbeg(EList)[pri:0, instance:EListTestNG@23ceabc1]" name="testDelPos_oneafterbeg" duration-ms="3" started-at="2016-12-15T22:00:16Z" data-provider="data" finished-at="2016-12-15T22:00:16Z">
          <params>
            <param index="0">
              <value>
                <![CDATA[{22, 4, 41, 124, 534, 6}]]>
              </value>
            </param>
          </params>
          <reporter-output>
          </reporter-output>
        </test-method> <!-- testDelPos_oneafterbeg -->
        <test-method status="PASS" signature="testDelPos_oneafterbeg(EList)[pri:0, instance:EListTestNG@23ceabc1]" name="testDelPos_oneafterbeg" duration-ms="2" started-at="2016-12-15T22:00:16Z" data-provider="data" finished-at="2016-12-15T22:00:16Z">
          <params>
            <param index="0">
              <value>
                <![CDATA[{22, 4, 41, 124, 534, 6}]]>
              </value>
            </param>
          </params>
          <reporter-output>
          </reporter-output>
        </test-method> <!-- testDelPos_oneafterbeg -->
        <test-method status="PASS" signature="testDelPos_oneafterbeg(EList)[pri:0, instance:EListTestNG@23ceabc1]" name="testDelPos_oneafterbeg" duration-ms="2" started-at="2016-12-15T22:00:16Z" data-provider="data" finished-at="2016-12-15T22:00:16Z">
          <params>
            <param index="0">
              <value>
                <![CDATA[{22, 4, 41, 124, 534, 6}]]>
              </value>
            </param>
          </params>
          <reporter-output>
          </reporter-output>
        </test-method> <!-- testDelPos_oneafterbeg -->
        <test-method status="PASS" signature="testDelPos_onebeforeend(EList)[pri:0, instance:EListTestNG@23ceabc1]" name="testDelPos_onebeforeend" duration-ms="3" started-at="2016-12-15T22:00:16Z" data-provider="data" finished-at="2016-12-15T22:00:16Z">
          <params>
            <param index="0">
              <value>
                <![CDATA[{22, 2, 4, 41, 124, 6}]]>
              </value>
            </param>
          </params>
          <reporter-output>
          </reporter-output>
        </test-method> <!-- testDelPos_onebeforeend -->
        <test-method status="PASS" signature="testDelPos_onebeforeend(EList)[pri:0, instance:EListTestNG@23ceabc1]" name="testDelPos_onebeforeend" duration-ms="2" started-at="2016-12-15T22:00:16Z" data-provider="data" finished-at="2016-12-15T22:00:16Z">
          <params>
            <param index="0">
              <value>
                <![CDATA[{22, 2, 4, 41, 124, 6}]]>
              </value>
            </param>
          </params>
          <reporter-output>
          </reporter-output>
        </test-method> <!-- testDelPos_onebeforeend -->
        <test-method status="PASS" signature="testDelPos_onebeforeend(EList)[pri:0, instance:EListTestNG@23ceabc1]" name="testDelPos_onebeforeend" duration-ms="1" started-at="2016-12-15T22:00:16Z" data-provider="data" finished-at="2016-12-15T22:00:16Z">
          <params>
            <param index="0">
              <value>
                <![CDATA[{22, 2, 4, 41, 124, 6}]]>
              </value>
            </param>
          </params>
          <reporter-output>
          </reporter-output>
        </test-method> <!-- testDelPos_onebeforeend -->
        <test-method status="PASS" signature="testDelStart_from0(EList)[pri:0, instance:EListTestNG@23ceabc1]" name="testDelStart_from0" duration-ms="2" started-at="2016-12-15T22:00:16Z" data-provider="data" finished-at="2016-12-15T22:00:16Z">
          <params>
            <param index="0">
              <value>
                <![CDATA[Nothing here!]]>
              </value>
            </param>
          </params>
          <exception class="java.lang.IllegalArgumentException">
            <full-stacktrace>
              <![CDATA[java.lang.IllegalArgumentException
[...]
            </param>
          </params>
          <reporter-output>
          </reporter-output>
        </test-method> <!-- testSort_2 -->
        <test-method status="PASS" signature="testSort_2(EList)[pri:0, instance:EListTestNG@23ceabc1]" name="testSort_2" duration-ms="1" started-at="2016-12-15T22:00:17Z" data-provider="data" finished-at="2016-12-15T22:00:17Z">
          <params>
            <param index="0">
              <value>
                <![CDATA[{2, 22}]]>
              </value>
            </param>
          </params>
          <reporter-output>
          </reporter-output>
        </test-method> <!-- testSort_2 -->
        <test-method status="PASS" signature="testSort_2(EList)[pri:0, instance:EListTestNG@23ceabc1]" name="testSort_2" duration-ms="0" started-at="2016-12-15T22:00:17Z" data-provider="data" finished-at="2016-12-15T22:00:17Z">
          <params>
            <param index="0">
              <value>
                <![CDATA[{2, 22}]]>
              </value>
            </param>
          </params>
          <reporter-output>
          </reporter-output>
        </test-method> <!-- testSort_2 -->
        <test-method status="PASS" signature="testSort_even(EList)[pri:0, instance:EListTestNG@23ceabc1]" name="testSort_even" duration-ms="0" started-at="2016-12-15T22:00:17Z" data-provider="data" finished-at="2016-12-15T22:00:17Z">
          <params>
            <param index="0">
              <value>
                <![CDATA[{2, 4, 22, 41, 124, 534}]]>
              </value>
            </param>
          </params>
          <reporter-output>
          </reporter-output>
        </test-method> <!-- testSort_even -->
        <test-method status="PASS" signature="testSort_even(EList)[pri:0, instance:EListTestNG@23ceabc1]" name="testSort_even" duration-ms="1" started-at="2016-12-15T22:00:17Z" data-provider="data" finished-at="2016-12-15T22:00:17Z">
          <params>
            <param index="0">
              <value>
                <![CDATA[{2, 4, 22, 41, 124, 534}]]>
              </value>
            </param>
          </params>
          <reporter-output>
          </reporter-output>
        </test-method> <!-- testSort_even -->
        <test-method status="PASS" signature="testSort_even(EList)[pri:0, instance:EListTestNG@23ceabc1]" name="testSort_even" duration-ms="0" started-at="2016-12-15T22:00:17Z" data-provider="data" finished-at="2016-12-15T22:00:17Z">
          <params>
            <param index="0">
              <value>
                <![CDATA[{2, 4, 22, 41, 124, 534}]]>
              </value>
            </param>
          </params>
          <reporter-output>
          </reporter-output>
        </test-method> <!-- testSort_even -->
        <test-method status="PASS" signature="testSort_manyOdd(EList)[pri:0, instance:EListTestNG@23ceabc1]" name="testSort_manyOdd" duration-ms="0" started-at="2016-12-15T22:00:17Z" data-provider="data" finished-at="2016-12-15T22:00:17Z">
          <params>
            <param index="0">
              <value>
                <![CDATA[{2, 4, 6, 22, 41, 124, 534}]]>
              </value>
            </param>
          </params>
          <reporter-output>
          </reporter-output>
        </test-method> <!-- testSort_manyOdd -->
        <test-method status="PASS" signature="testSort_manyOdd(EList)[pri:0, instance:EListTestNG@23ceabc1]" name="testSort_manyOdd" duration-ms="1" started-at="2016-12-15T22:00:17Z" data-provider="data" finished-at="2016-12-15T22:00:17Z">
          <params>
            <param index="0">
              <value>
                <![CDATA[{2, 4, 6, 22, 41, 124, 534}]]>
              </value>
            </param>
          </params>
          <reporter-output>
          </reporter-output>
        </test-method> <!-- testSort_manyOdd -->
        <test-method status="PASS" signature="testSort_manyOdd(EList)[pri:0, instance:EListTestNG@23ceabc1]" name="testSort_manyOdd" duration-ms="0" started-at="2016-12-15T22:00:17Z" data-provider="data" finished-at="2016-12-15T22:00:17Z">
          <params>
            <param index="0">
              <value>
                <![CDATA[{2, 4, 6, 22, 41, 124, 534}]]>
              </value>
            </param>
          </params>
          <reporter-output>
          </reporter-output>
        </test-method> <!-- testSort_manyOdd -->
        <test-method status="PASS" signature="testToArray_1(EList)[pri:0, instance:EListTestNG@23ceabc1]" name="testToArray_1" duration-ms="2" started-at="2016-12-15T22:00:17Z" data-provider="data" finished-at="2016-12-15T22:00:17Z">
          <params>
            <param index="0">
              <value>
                <![CDATA[{5}]]>
              </value>
            </param>
          </params>
          <reporter-output>
          </reporter-output>
        </test-method> <!-- testToArray_1 -->
        <test-method status="PASS" signature="testToArray_1(EList)[pri:0, instance:EListTestNG@23ceabc1]" name="testToArray_1" duration-ms="1" started-at="2016-12-15T22:00:17Z" data-provider="data" finished-at="2016-12-15T22:00:17Z">
          <params>
            <param index="0">
              <value>
                <![CDATA[{5}]]>
              </value>
            </param>
          </params>
          <reporter-output>
          </reporter-output>
        </test-method> <!-- testToArray_1 -->
        <test-method status="PASS" signature="testToArray_1(EList)[pri:0, instance:EListTestNG@23ceabc1]" name="testToArray_1" duration-ms="1" started-at="2016-12-15T22:00:17Z" data-provider="data" finished-at="2016-12-15T22:00:17Z">
          <params>
            <param index="0">
              <value>
                <![CDATA[{5}]]>
              </value>
            </param>
          </params>
          <reporter-output>
          </reporter-output>
        </test-method> <!-- testToArray_1 -->
        <test-method status="PASS" signature="testToArray_2(EList)[pri:0, instance:EListTestNG@23ceabc1]" name="testToArray_2" duration-ms="1" started-at="2016-12-15T22:00:17Z" data-provider="data" finished-at="2016-12-15T22:00:17Z">
          <params>
            <param index="0">
              <value>
                <![CDATA[{1, 3}]]>
              </value>
            </param>
          </params>
          <reporter-output>
          </reporter-output>
        </test-method> <!-- testToArray_2 -->
        <test-method status="PASS" signature="testToArray_2(EList)[pri:0, instance:EListTestNG@23ceabc1]" name="testToArray_2" duration-ms="1" started-at="2016-12-15T22:00:17Z" data-provider="data" finished-at="2016-12-15T22:00:17Z">
          <params>
            <param index="0">
              <value>
                <![CDATA[{1, 3}]]>
              </value>
            </param>
          </params>
          <reporter-output>
          </reporter-output>
        </test-method> <!-- testToArray_2 -->
        <test-method status="PASS" signature="testToArray_2(EList)[pri:0, instance:EListTestNG@23ceabc1]" name="testToArray_2" duration-ms="0" started-at="2016-12-15T22:00:17Z" data-provider="data" finished-at="2016-12-15T22:00:17Z">
          <params>
            <param index="0">
              <value>
                <![CDATA[{1, 3}]]>
              </value>
            </param>
          </params>
          <reporter-output>
          </reporter-output>
        </test-method> <!-- testToArray_2 -->
        <test-method status="PASS" signature="testToArray_3(EList)[pri:0, instance:EListTestNG@23ceabc1]" name="testToArray_3" duration-ms="16" started-at="2016-12-15T22:00:17Z" data-provider="data" finished-at="2016-12-15T22:00:17Z">
          <params>
            <param index="0">
              <value>
                <![CDATA[{1, 2, 5}]]>
              </value>
            </param>
          </params>
          <reporter-output>
          </reporter-output>
        </test-method> <!-- testToArray_3 -->
        <test-method status="PASS" signature="testToArray_3(EList)[pri:0, instance:EListTestNG@23ceabc1]" name="testToArray_3" duration-ms="1" started-at="2016-12-15T22:00:17Z" data-provider="data" finished-at="2016-12-15T22:00:17Z">
          <params>
            <param index="0">
              <value>
                <![CDATA[{1, 2, 5}]]>
              </value>
            </param>
          </params>
          <reporter-output>
          </reporter-output>
        </test-method> <!-- testToArray_3 -->
        <test-method status="PASS" signature="testToArray_3(EList)[pri:0, instance:EListTestNG@23ceabc1]" name="testToArray_3" duration-ms="0" started-at="2016-12-15T22:00:17Z" data-provider="data" finished-at="2016-12-15T22:00:17Z">
          <params>
            <param index="0">
              <value>
                <![CDATA[{1, 2, 5}]]>
              </value>
            </param>
          </params>
          <reporter-output>
          </reporter-output>
        </test-method> <!-- testToArray_3 -->
        <test-method status="PASS" signature="testToArray_many(EList)[pri:0, instance:EListTestNG@23ceabc1]" name="testToArray_many" duration-ms="1" started-at="2016-12-15T22:00:17Z" data-provider="data" finished-at="2016-12-15T22:00:17Z">
          <params>
            <param index="0">
              <value>
                <![CDATA[{1, 322, 56, 3425, 65, 566}]]>
              </value>
            </param>
          </params>
          <reporter-output>
          </reporter-output>
        </test-method> <!-- testToArray_many -->
        <test-method status="PASS" signature="testToArray_many(EList)[pri:0, instance:EListTestNG@23ceabc1]" name="testToArray_many" duration-ms="1" started-at="2016-12-15T22:00:17Z" data-provider="data" finished-at="2016-12-15T22:00:17Z">
          <params>
            <param index="0">
              <value>
                <![CDATA[{1, 322, 56, 3425, 65, 566}]]>
              </value>
            </param>
          </params>
          <reporter-output>
          </reporter-output>
        </test-method> <!-- testToArray_many -->
        <test-method status="PASS" signature="testToArray_many(EList)[pri:0, instance:EListTestNG@23ceabc1]" name="testToArray_many" duration-ms="1" started-at="2016-12-15T22:00:17Z" data-provider="data" finished-at="2016-12-15T22:00:17Z">
          <params>
            <param index="0">
              <value>
                <![CDATA[{1, 322, 56, 3425, 65, 566}]]>
              </value>
            </param>
          </params>
          <reporter-output>
          </reporter-output>
        </test-method> <!-- testToArray_many -->
        <test-method status="PASS" signature="testToArray_zero(EList)[pri:0, instance:EListTestNG@23ceabc1]" name="testToArray_zero" duration-ms="1" started-at="2016-12-15T22:00:17Z" data-provider="data" finished-at="2016-12-15T22:00:17Z">
          <params>
            <param index="0">
              <value>
                <![CDATA[Nothing here!]]>
              </value>
            </param>
          </params>
          <reporter-output>
          </reporter-output>
        </test-method> <!-- testToArray_zero -->
        <test-method status="PASS" signature="testToArray_zero(EList)[pri:0, instance:EListTestNG@23ceabc1]" name="testToArray_zero" duration-ms="1" started-at="2016-12-15T22:00:17Z" data-provider="data" finished-at="2016-12-15T22:00:17Z">
          <params>
            <param index="0">
              <value>
                <![CDATA[Nothing here!]]>
              </value>
            </param>
          </params>
          <reporter-output>
          </reporter-output>
        </test-method> <!-- testToArray_zero -->
        <test-method status="PASS" signature="testToArray_zero(EList)[pri:0, instance:EListTestNG@23ceabc1]" name="testToArray_zero" duration-ms="1" started-at="2016-12-15T22:00:17Z" data-provider="data" finished-at="2016-12-15T22:00:17Z">
          <params>
            <param index="0">
              <value>
                <![CDATA[Nothing here!]]>
              </value>
            </param>
          </params>
          <reporter-output>
          </reporter-output>
        </test-method> <!-- testToArray_zero -->
        <test-method status="PASS" signature="testToString_1(EList)[pri:0, instance:EListTestNG@23ceabc1]" name="testToString_1" duration-ms="1" started-at="2016-12-15T22:00:17Z" data-provider="data" finished-at="2016-12-15T22:00:17Z">
          <params>
            <param index="0">
              <value>
                <![CDATA[{56}]]>
              </value>
            </param>
          </params>
          <reporter-output>
          </reporter-output>
        </test-method> <!-- testToString_1 -->
        <test-method status="PASS" signature="testToString_1(EList)[pri:0, instance:EListTestNG@23ceabc1]" name="testToString_1" duration-ms="1" started-at="2016-12-15T22:00:17Z" data-provider="data" finished-at="2016-12-15T22:00:17Z">
          <params>
            <param index="0">
              <value>
                <![CDATA[{56}]]>
              </value>
            </param>
          </params>
          <reporter-output>
          </reporter-output>
        </test-method> <!-- testToString_1 -->
        <test-method status="PASS" signature="testToString_1(EList)[pri:0, instance:EListTestNG@23ceabc1]" name="testToString_1" duration-ms="1" started-at="2016-12-15T22:00:17Z" data-provider="data" finished-at="2016-12-15T22:00:17Z">
          <params>
            <param index="0">
              <value>
                <![CDATA[{56}]]>
              </value>
            </param>
          </params>
          <reporter-output>
          </reporter-output>
        </test-method> <!-- testToString_1 -->
        <test-method status="PASS" signature="testToString_2(EList)[pri:0, instance:EListTestNG@23ceabc1]" name="testToString_2" duration-ms="0" started-at="2016-12-15T22:00:17Z" data-provider="data" finished-at="2016-12-15T22:00:17Z">
          <params>
            <param index="0">
              <value>
                <![CDATA[{1, 356}]]>
              </value>
            </param>
          </params>
          <reporter-output>
          </reporter-output>
        </test-method> <!-- testToString_2 -->
        <test-method status="PASS" signature="testToString_2(EList)[pri:0, instance:EListTestNG@23ceabc1]" name="testToString_2" duration-ms="0" started-at="2016-12-15T22:00:17Z" data-provider="data" finished-at="2016-12-15T22:00:17Z">
          <params>
            <param index="0">
              <value>
                <![CDATA[{1, 356}]]>
              </value>
            </param>
          </params>
          <reporter-output>
          </reporter-output>
        </test-method> <!-- testToString_2 -->
        <test-method status="PASS" signature="testToString_2(EList)[pri:0, instance:EListTestNG@23ceabc1]" name="testToString_2" duration-ms="1" started-at="2016-12-15T22:00:17Z" data-provider="data" finished-at="2016-12-15T22:00:17Z">
          <params>
            <param index="0">
              <value>
                <![CDATA[{1, 356}]]>
              </value>
            </param>
          </params>
          <reporter-output>
          </reporter-output>
        </test-method> <!-- testToString_2 -->
        <test-method status="PASS" signature="testToString_3(EList)[pri:0, instance:EListTestNG@23ceabc1]" name="testToString_3" duration-ms="1" started-at="2016-12-15T22:00:17Z" data-provider="data" finished-at="2016-12-15T22:00:17Z">
          <params>
            <param index="0">
              <value>
                <![CDATA[{1, 322, 56}]]>
              </value>
            </param>
          </params>
          <reporter-output>
          </reporter-output>
        </test-method> <!-- testToString_3 -->
        <test-method status="PASS" signature="testToString_3(EList)[pri:0, instance:EListTestNG@23ceabc1]" name="testToString_3" duration-ms="0" started-at="2016-12-15T22:00:17Z" data-provider="data" finished-at="2016-12-15T22:00:17Z">
          <params>
            <param index="0">
              <value>
                <![CDATA[{1, 322, 56}]]>
              </value>
            </param>
          </params>
          <reporter-output>
          </reporter-output>
        </test-method> <!-- testToString_3 -->
        <test-method status="PASS" signature="testToString_3(EList)[pri:0, instance:EListTestNG@23ceabc1]" name="testToString_3" duration-ms="0" started-at="2016-12-15T22:00:17Z" data-provider="data" finished-at="2016-12-15T22:00:17Z">
          <params>
            <param index="0">
              <value>
                <![CDATA[{1, 322, 56}]]>
              </value>
            </param>
          </params>
          <reporter-output>
          </reporter-output>
        </test-method> <!-- testToString_3 -->
        <test-method status="PASS" signature="testToString_many(EList)[pri:0, instance:EListTestNG@23ceabc1]" name="testToString_many" duration-ms="1" started-at="2016-12-15T22:00:17Z" data-provider="data" finished-at="2016-12-15T22:00:17Z">
          <params>
            <param index="0">
              <value>
                <![CDATA[{1, 2, 3, 4, 5, 4, 56}]]>
              </value>
            </param>
          </params>
          <reporter-output>
          </reporter-output>
        </test-method> <!-- testToString_many -->
        <test-method status="PASS" signature="testToString_many(EList)[pri:0, instance:EListTestNG@23ceabc1]" name="testToString_many" duration-ms="1" started-at="2016-12-15T22:00:17Z" data-provider="data" finished-at="2016-12-15T22:00:17Z">
          <params>
            <param index="0">
              <value>
                <![CDATA[{1, 2, 3, 4, 5, 4, 56}]]>
              </value>
            </param>
          </params>
          <reporter-output>
          </reporter-output>
        </test-method> <!-- testToString_many -->
        <test-method status="PASS" signature="testToString_many(EList)[pri:0, instance:EListTestNG@23ceabc1]" name="testToString_many" duration-ms="0" started-at="2016-12-15T22:00:17Z" data-provider="data" finished-at="2016-12-15T22:00:17Z">
          <params>
            <param index="0">
              <value>
                <![CDATA[{1, 2, 3, 4, 5, 4, 56}]]>
              </value>
            </param>
          </params>
          <reporter-output>
          </reporter-output>
        </test-method> <!-- testToString_many -->
        <test-method status="PASS" signature="testToString_zero(EList)[pri:0, instance:EListTestNG@23ceabc1]" name="testToString_zero" duration-ms="1" started-at="2016-12-15T22:00:17Z" data-provider="data" finished-at="2016-12-15T22:00:17Z">
          <params>
            <param index="0">
              <value>
                <![CDATA[Nothing here!]]>
              </value>
            </param>
          </params>
          <reporter-output>
          </reporter-output>
        </test-method> <!-- testToString_zero -->
        <test-method status="PASS" signature="testToString_zero(EList)[pri:0, instance:EListTestNG@23ceabc1]" name="testToString_zero" duration-ms="1" started-at="2016-12-15T22:00:17Z" data-provider="data" finished-at="2016-12-15T22:00:17Z">
          <params>
            <param index="0">
              <value>
                <![CDATA[Nothing here!]]>
              </value>
            </param>
          </params>
          <reporter-output>
          </reporter-output>
        </test-method> <!-- testToString_zero -->
        <test-method status="PASS" signature="testToString_zero(EList)[pri:0, instance:EListTestNG@23ceabc1]" name="testToString_zero" duration-ms="0" started-at="2016-12-15T22:00:17Z" data-provider="data" finished-at="2016-12-15T22:00:17Z">
          <params>
            <param index="0">
              <value>
                <![CDATA[Nothing here!]]>
              </value>
            </param>
          </params>
          <reporter-output>
          </reporter-output>
        </test-method> <!-- testToString_zero -->
      </class> <!-- EListTestNG -->
    </test> <!-- Default test -->
  </suite> <!-- Default suite -->
</testng-results>
