<?xml version="1.0" encoding="UTF-8"?>
<testng-results skipped="0" failed="3" ignored="0" total="232" passed="229">
  <reporter-output>
  </reporter-output>
  <suite name="Default suite" duration-ms="3727" started-at="2016-12-22T17:43:22Z" finished-at="2016-12-22T17:43:26Z">
    <groups>
    </groups>
    <test name="Default test" duration-ms="3727" started-at="2016-12-22T17:43:22Z" finished-at="2016-12-22T17:43:26Z">
      <class name="EListTestNG">
        <test-method status="PASS" signature="testAddEnd_to0(LList)[pri:0, instance:EListTestNG@23ceabc1]" name="testAddEnd_to0" duration-ms="72" started-at="2016-12-22T19:43:22Z" data-provider="data" finished-at="2016-12-22T19:43:22Z">
          <params>
            <param index="0">
              <value>
                <![CDATA[{3487}]]>
              </value>
            </param>
          </params>
          <reporter-output>
          </reporter-output>
        </test-method> <!-- testAddEnd_to0 -->
        <test-method status="PASS" signature="testAddEnd_to0(LList)[pri:0, instance:EListTestNG@23ceabc1]" name="testAddEnd_to0" duration-ms="15" started-at="2016-12-22T19:43:22Z" data-provider="data" finished-at="2016-12-22T19:43:22Z">
          <params>
            <param index="0">
              <value>
                <![CDATA[{3487}]]>
              </value>
            </param>
          </params>
          <reporter-output>
          </reporter-output>
        </test-method> <!-- testAddEnd_to0 -->
        <test-method status="PASS" signature="testAddEnd_to1(LList)[pri:0, instance:EListTestNG@23ceabc1]" name="testAddEnd_to1" duration-ms="9" started-at="2016-12-22T19:43:22Z" data-provider="data" finished-at="2016-12-22T19:43:22Z">
          <params>
            <param index="0">
              <value>
                <![CDATA[{1, 345}]]>
              </value>
            </param>
          </params>
          <reporter-output>
          </reporter-output>
        </test-method> <!-- testAddEnd_to1 -->
        <test-method status="PASS" signature="testAddEnd_to1(LList)[pri:0, instance:EListTestNG@23ceabc1]" name="testAddEnd_to1" duration-ms="2" started-at="2016-12-22T19:43:22Z" data-provider="data" finished-at="2016-12-22T19:43:22Z">
          <params>
            <param index="0">
              <value>
                <![CDATA[{1, 345}]]>
              </value>
            </param>
          </params>
          <reporter-output>
          </reporter-output>
        </test-method> <!-- testAddEnd_to1 -->
        <test-method status="PASS" signature="testAddEnd_to2(LList)[pri:0, instance:EListTestNG@23ceabc1]" name="testAddEnd_to2" duration-ms="4" started-at="2016-12-22T19:43:22Z" data-provider="data" finished-at="2016-12-22T19:43:22Z">
          <params>
            <param index="0">
              <value>
                <![CDATA[{1, 322, 34}]]>
              </value>
            </param>
          </params>
          <reporter-output>
          </reporter-output>
        </test-method> <!-- testAddEnd_to2 -->
        <test-method status="PASS" signature="testAddEnd_to2(LList)[pri:0, instance:EListTestNG@23ceabc1]" name="testAddEnd_to2" duration-ms="9" started-at="2016-12-22T19:43:22Z" data-provider="data" finished-at="2016-12-22T19:43:22Z">
          <params>
            <param index="0">
              <value>
                <![CDATA[{1, 322, 34}]]>
              </value>
            </param>
          </params>
          <reporter-output>
          </reporter-output>
        </test-method> <!-- testAddEnd_to2 -->
        <test-method status="PASS" signature="testAddEnd_to3(LList)[pri:0, instance:EListTestNG@23ceabc1]" name="testAddEnd_to3" duration-ms="3" started-at="2016-12-22T19:43:22Z" data-provider="data" finished-at="2016-12-22T19:43:22Z">
          <params>
            <param index="0">
              <value>
                <![CDATA[{1, 322, 56, 34}]]>
              </value>
            </param>
          </params>
          <reporter-output>
          </reporter-output>
        </test-method> <!-- testAddEnd_to3 -->
        <test-method status="PASS" signature="testAddEnd_to3(LList)[pri:0, instance:EListTestNG@23ceabc1]" name="testAddEnd_to3" duration-ms="2" started-at="2016-12-22T19:43:22Z" data-provider="data" finished-at="2016-12-22T19:43:22Z">
          <params>
            <param index="0">
              <value>
                <![CDATA[{1, 322, 56, 34}]]>
              </value>
            </param>
          </params>
          <reporter-output>
          </reporter-output>
        </test-method> <!-- testAddEnd_to3 -->
        <test-method status="PASS" signature="testAddEnd_tomany(LList)[pri:0, instance:EListTestNG@23ceabc1]" name="testAddEnd_tomany" duration-ms="7" started-at="2016-12-22T19:43:22Z" data-provider="data" finished-at="2016-12-22T19:43:22Z">
          <params>
            <param index="0">
              <value>
                <![CDATA[{1, 322, 56, 3425, 65, 566, 34}]]>
              </value>
            </param>
          </params>
          <reporter-output>
          </reporter-output>
        </test-method> <!-- testAddEnd_tomany -->
        <test-method status="PASS" signature="testAddEnd_tomany(LList)[pri:0, instance:EListTestNG@23ceabc1]" name="testAddEnd_tomany" duration-ms="13" started-at="2016-12-22T19:43:22Z" data-provider="data" finished-at="2016-12-22T19:43:22Z">
          <params>
            <param index="0">
              <value>
                <![CDATA[{1, 322, 56, 3425, 65, 566, 34}]]>
              </value>
            </param>
          </params>
          <reporter-output>
          </reporter-output>
        </test-method> <!-- testAddEnd_tomany -->
        <test-method status="PASS" signature="testAddPos_1(LList)[pri:0, instance:EListTestNG@23ceabc1]" name="testAddPos_1" duration-ms="15" started-at="2016-12-22T19:43:22Z" data-provider="data" finished-at="2016-12-22T19:43:22Z">
          <params>
            <param index="0">
              <value>
                <![CDATA[{22, 123}]]>
              </value>
            </param>
          </params>
          <reporter-output>
          </reporter-output>
        </test-method> <!-- testAddPos_1 -->
        <test-method status="PASS" signature="testAddPos_1(LList)[pri:0, instance:EListTestNG@23ceabc1]" name="testAddPos_1" duration-ms="6" started-at="2016-12-22T19:43:22Z" data-provider="data" finished-at="2016-12-22T19:43:22Z">
          <params>
            <param index="0">
              <value>
                <![CDATA[{22, 123}]]>
              </value>
            </param>
          </params>
          <reporter-output>
          </reporter-output>
        </test-method> <!-- testAddPos_1 -->
        <test-method status="PASS" signature="testAddPos_2(LList)[pri:0, instance:EListTestNG@23ceabc1]" name="testAddPos_2" duration-ms="4" started-at="2016-12-22T19:43:23Z" data-provider="data" finished-at="2016-12-22T19:43:23Z">
          <params>
            <param index="0">
              <value>
                <![CDATA[{22, 2, 123}]]>
              </value>
            </param>
          </params>
          <reporter-output>
          </reporter-output>
        </test-method> <!-- testAddPos_2 -->
        <test-method status="PASS" signature="testAddPos_2(LList)[pri:0, instance:EListTestNG@23ceabc1]" name="testAddPos_2" duration-ms="26" started-at="2016-12-22T19:43:23Z" data-provider="data" finished-at="2016-12-22T19:43:23Z">
          <params>
            <param index="0">
              <value>
                <![CDATA[{22, 2, 123}]]>
              </value>
            </param>
          </params>
          <reporter-output>
          </reporter-output>
        </test-method> <!-- testAddPos_2 -->
        <test-method status="PASS" signature="testAddPos_3(LList)[pri:0, instance:EListTestNG@23ceabc1]" name="testAddPos_3" duration-ms="3" started-at="2016-12-22T19:43:23Z" data-provider="data" finished-at="2016-12-22T19:43:23Z">
          <params>
            <param index="0">
              <value>
                <![CDATA[{22, 2, 4, 123}]]>
              </value>
            </param>
          </params>
          <reporter-output>
          </reporter-output>
        </test-method> <!-- testAddPos_3 -->
        <test-method status="PASS" signature="testAddPos_3(LList)[pri:0, instance:EListTestNG@23ceabc1]" name="testAddPos_3" duration-ms="5" started-at="2016-12-22T19:43:23Z" data-provider="data" finished-at="2016-12-22T19:43:23Z">
          <params>
            <param index="0">
              <value>
                <![CDATA[{22, 2, 4, 123}]]>
              </value>
            </param>
          </params>
          <reporter-output>
          </reporter-output>
        </test-method> <!-- testAddPos_3 -->
        <test-method status="PASS" signature="testAddPos_lessthanLeng(LList)[pri:0, instance:EListTestNG@23ceabc1]" name="testAddPos_lessthanLeng" duration-ms="6" started-at="2016-12-22T19:43:23Z" data-provider="data" finished-at="2016-12-22T19:43:23Z">
          <params>
            <param index="0">
              <value>
                <![CDATA[{22, 2, 4, 41, 124, 534, 6}]]>
              </value>
            </param>
          </params>
          <exception class="java.lang.IllegalArgumentException">
            <full-stacktrace>
              <![CDATA[java.lang.IllegalArgumentException
	at LList1.addPos(LList1.java:256)
	at EListTestNG.testAddPos_lessthanLeng(EListTestNG.java:1012)
	at sun.reflect.NativeMethodAccessorImpl.invoke0(Native Method)
	at sun.reflect.NativeMethodAccessorImpl.invoke(Unknown Source)
	at sun.reflect.DelegatingMethodAccessorImpl.invoke(Unknown Source)
	at java.lang.reflect.Method.invoke(Unknown Source)
	at org.testng.internal.MethodInvocationHelper.invokeMethod(MethodInvocationHelper.java:104)
	at org.testng.internal.Invoker.invokeMethod(Invoker.java:645)
	at org.testng.internal.Invoker.invokeTestMethod(Invoker.java:851)
	at org.testng.internal.Invoker.invokeTestMethods(Invoker.java:1177)
	at org.testng.internal.TestMethodWorker.invokeTestMethods(TestMethodWorker.java:129)
	at org.testng.internal.TestMethodWorker.run(TestMethodWorker.java:112)
	at org.testng.TestRunner.privateRun(TestRunner.java:756)
	at org.testng.TestRunner.run(TestRunner.java:610)
	at org.testng.SuiteRunner.runTest(SuiteRunner.java:387)
	at org.testng.SuiteRunner.runSequentially(SuiteRunner.java:382)
	at org.testng.SuiteRunner.privateRun(SuiteRunner.java:340)
	at org.testng.SuiteRunner.run(SuiteRunner.java:289)
	at org.testng.SuiteRunnerWorker.runSuite(SuiteRunnerWorker.java:52)
	at org.testng.SuiteRunnerWorker.run(SuiteRunnerWorker.java:86)
	at org.testng.TestNG.runSuitesSequentially(TestNG.java:1293)
	at org.testng.TestNG.runSuitesLocally(TestNG.java:1218)
	at org.testng.TestNG.runSuites(TestNG.java:1133)
	at org.testng.TestNG.run(TestNG.java:1104)
	at org.testng.remote.AbstractRemoteTestNG.run(AbstractRemoteTestNG.java:132)
	at org.testng.remote.RemoteTestNG.initAndRun(RemoteTestNG.java:236)
	at org.testng.remote.RemoteTestNG.main(RemoteTestNG.java:81)
]]>
            </full-stacktrace>
          </exception> <!-- java.lang.IllegalArgumentException -->
          <reporter-output>
          </reporter-output>
        </test-method> <!-- testAddPos_lessthanLeng -->
        <test-method status="PASS" signature="testAddPos_lessthanLeng(LList)[pri:0, instance:EListTestNG@23ceabc1]" name="testAddPos_lessthanLeng" duration-ms="2" started-at="2016-12-22T19:43:23Z" data-provider="data" finished-at="2016-12-22T19:43:23Z">
          <params>
            <param index="0">
              <value>
                <![CDATA[{22, 2, 4, 41, 124, 534, 6}]]>
              </value>
            </param>
          </params>
          <exception class="java.lang.IllegalArgumentException">
            <full-stacktrace>
              <![CDATA[java.lang.IllegalArgumentException
	at LList2.addPos(LList2.java:242)
	at EListTestNG.testAddPos_lessthanLeng(EListTestNG.java:1012)
	at sun.reflect.NativeMethodAccessorImpl.invoke0(Native Method)
	at sun.reflect.NativeMethodAccessorImpl.invoke(Unknown Source)
	at sun.reflect.DelegatingMethodAccessorImpl.invoke(Unknown Source)
	at java.lang.reflect.Method.invoke(Unknown Source)
	at org.testng.internal.MethodInvocationHelper.invokeMethod(MethodInvocationHelper.java:104)
	at org.testng.internal.Invoker.invokeMethod(Invoker.java:645)
	at org.testng.internal.Invoker.invokeTestMethod(Invoker.java:851)
	at org.testng.internal.Invoker.invokeTestMethods(Invoker.java:1177)
	at org.testng.internal.TestMethodWorker.invokeTestMethods(TestMethodWorker.java:129)
	at org.testng.internal.TestMethodWorker.run(TestMethodWorker.java:112)
	at org.testng.TestRunner.privateRun(TestRunner.java:756)
	at org.testng.TestRunner.run(TestRunner.java:610)
	at org.testng.SuiteRunner.runTest(SuiteRunner.java:387)
	at org.testng.SuiteRunner.runSequentially(SuiteRunner.java:382)
	at org.testng.SuiteRunner.privateRun(SuiteRunner.java:340)
	at org.testng.SuiteRunner.run(SuiteRunner.java:289)
	at org.testng.SuiteRunnerWorker.runSuite(SuiteRunnerWorker.java:52)
	at org.testng.SuiteRunnerWorker.run(SuiteRunnerWorker.java:86)
	at org.testng.TestNG.runSuitesSequentially(TestNG.java:1293)
	at org.testng.TestNG.runSuitesLocally(TestNG.java:1218)
	at org.testng.TestNG.runSuites(TestNG.java:1133)
	at org.testng.TestNG.run(TestNG.java:1104)
	at org.testng.remote.AbstractRemoteTestNG.run(AbstractRemoteTestNG.java:132)
	at org.testng.remote.RemoteTestNG.initAndRun(RemoteTestNG.java:236)
	at org.testng.remote.RemoteTestNG.main(RemoteTestNG.java:81)
]]>
            </full-stacktrace>
          </exception> <!-- java.lang.IllegalArgumentException -->
          <reporter-output>
          </reporter-output>
        </test-method> <!-- testAddPos_lessthanLeng -->
        <test-method status="PASS" signature="testAddPos_many(LList)[pri:0, instance:EListTestNG@23ceabc1]" name="testAddPos_many" duration-ms="5" started-at="2016-12-22T19:43:23Z" data-provider="data" finished-at="2016-12-22T19:43:23Z">
          <params>
            <param index="0">
              <value>
                <![CDATA[{22, 2, 4, 41, 124, 123, 534, 6}]]>
              </value>
            </param>
          </params>
          <reporter-output>
          </reporter-output>
        </test-method> <!-- testAddPos_many -->
        <test-method status="PASS" signature="testAddPos_many(LList)[pri:0, instance:EListTestNG@23ceabc1]" name="testAddPos_many" duration-ms="3" started-at="2016-12-22T19:43:23Z" data-provider="data" finished-at="2016-12-22T19:43:23Z">
          <params>
            <param index="0">
              <value>
                <![CDATA[{22, 2, 4, 41, 124, 123, 534, 6}]]>
              </value>
            </param>
          </params>
          <reporter-output>
          </reporter-output>
        </test-method> <!-- testAddPos_many -->
        <test-method status="PASS" signature="testAddPos_manyInBeg(LList)[pri:0, instance:EListTestNG@23ceabc1]" name="testAddPos_manyInBeg" duration-ms="2" started-at="2016-12-22T19:43:23Z" data-provider="data" finished-at="2016-12-22T19:43:23Z">
          <params>
            <param index="0">
              <value>
                <![CDATA[{123, 22, 2, 4, 41, 124, 534, 6}]]>
              </value>
            </param>
          </params>
          <reporter-output>
          </reporter-output>
        </test-method> <!-- testAddPos_manyInBeg -->
        <test-method status="PASS" signature="testAddPos_manyInBeg(LList)[pri:0, instance:EListTestNG@23ceabc1]" name="testAddPos_manyInBeg" duration-ms="2" started-at="2016-12-22T19:43:23Z" data-provider="data" finished-at="2016-12-22T19:43:23Z">
          <params>
            <param index="0">
              <value>
                <![CDATA[{123, 22, 2, 4, 41, 124, 534, 6}]]>
              </value>
            </param>
          </params>
          <reporter-output>
          </reporter-output>
        </test-method> <!-- testAddPos_manyInBeg -->
        <test-method status="PASS" signature="testAddPos_manyInEnd(LList)[pri:0, instance:EListTestNG@23ceabc1]" name="testAddPos_manyInEnd" duration-ms="2" started-at="2016-12-22T19:43:23Z" data-provider="data" finished-at="2016-12-22T19:43:23Z">
          <params>
            <param index="0">
              <value>
                <![CDATA[{22, 2, 4, 41, 124, 534, 6, 123}]]>
              </value>
            </param>
          </params>
          <reporter-output>
          </reporter-output>
        </test-method> <!-- testAddPos_manyInEnd -->
        <test-method status="PASS" signature="testAddPos_manyInEnd(LList)[pri:0, instance:EListTestNG@23ceabc1]" name="testAddPos_manyInEnd" duration-ms="3" started-at="2016-12-22T19:43:23Z" data-provider="data" finished-at="2016-12-22T19:43:23Z">
          <params>
            <param index="0">
              <value>
                <![CDATA[{22, 2, 4, 41, 124, 534, 6, 123}]]>
              </value>
            </param>
          </params>
          <reporter-output>
          </reporter-output>
        </test-method> <!-- testAddPos_manyInEnd -->
        <test-method status="PASS" signature="testAddPos_moreThanleng(LList)[pri:0, instance:EListTestNG@23ceabc1]" name="testAddPos_moreThanleng" duration-ms="2" started-at="2016-12-22T19:43:23Z" data-provider="data" finished-at="2016-12-22T19:43:23Z">
          <params>
            <param index="0">
              <value>
                <![CDATA[{22, 2, 4, 41, 124, 534, 6}]]>
              </value>
            </param>
          </params>
          <exception class="java.lang.IllegalArgumentException">
            <full-stacktrace>
              <![CDATA[java.lang.IllegalArgumentException
	at LList1.addPos(LList1.java:256)
	at EListTestNG.testAddPos_moreThanleng(EListTestNG.java:1001)
	at sun.reflect.NativeMethodAccessorImpl.invoke0(Native Method)
	at sun.reflect.NativeMethodAccessorImpl.invoke(Unknown Source)
	at sun.reflect.DelegatingMethodAccessorImpl.invoke(Unknown Source)
	at java.lang.reflect.Method.invoke(Unknown Source)
	at org.testng.internal.MethodInvocationHelper.invokeMethod(MethodInvocationHelper.java:104)
	at org.testng.internal.Invoker.invokeMethod(Invoker.java:645)
	at org.testng.internal.Invoker.invokeTestMethod(Invoker.java:851)
	at org.testng.internal.Invoker.invokeTestMethods(Invoker.java:1177)
	at org.testng.internal.TestMethodWorker.invokeTestMethods(TestMethodWorker.java:129)
	at org.testng.internal.TestMethodWorker.run(TestMethodWorker.java:112)
	at org.testng.TestRunner.privateRun(TestRunner.java:756)
	at org.testng.TestRunner.run(TestRunner.java:610)
	at org.testng.SuiteRunner.runTest(SuiteRunner.java:387)
	at org.testng.SuiteRunner.runSequentially(SuiteRunner.java:382)
	at org.testng.SuiteRunner.privateRun(SuiteRunner.java:340)
	at org.testng.SuiteRunner.run(SuiteRunner.java:289)
	at org.testng.SuiteRunnerWorker.runSuite(SuiteRunnerWorker.java:52)
	at org.testng.SuiteRunnerWorker.run(SuiteRunnerWorker.java:86)
	at org.testng.TestNG.runSuitesSequentially(TestNG.java:1293)
	at org.testng.TestNG.runSuitesLocally(TestNG.java:1218)
	at org.testng.TestNG.runSuites(TestNG.java:1133)
	at org.testng.TestNG.run(TestNG.java:1104)
	at org.testng.remote.AbstractRemoteTestNG.run(AbstractRemoteTestNG.java:132)
	at org.testng.remote.RemoteTestNG.initAndRun(RemoteTestNG.java:236)
	at org.testng.remote.RemoteTestNG.main(RemoteTestNG.java:81)
]]>
            </full-stacktrace>
          </exception> <!-- java.lang.IllegalArgumentException -->
          <reporter-output>
          </reporter-output>
        </test-method> <!-- testAddPos_moreThanleng -->
        <test-method status="PASS" signature="testAddPos_moreThanleng(LList)[pri:0, instance:EListTestNG@23ceabc1]" name="testAddPos_moreThanleng" duration-ms="4" started-at="2016-12-22T19:43:23Z" data-provider="data" finished-at="2016-12-22T19:43:23Z">
          <params>
            <param index="0">
              <value>
                <![CDATA[{22, 2, 4, 41, 124, 534, 6}]]>
              </value>
            </param>
          </params>
          <exception class="java.lang.IllegalArgumentException">
            <full-stacktrace>
              <![CDATA[java.lang.IllegalArgumentException
	at LList2.addPos(LList2.java:242)
	at EListTestNG.testAddPos_moreThanleng(EListTestNG.java:1001)
	at sun.reflect.NativeMethodAccessorImpl.invoke0(Native Method)
	at sun.reflect.NativeMethodAccessorImpl.invoke(Unknown Source)
	at sun.reflect.DelegatingMethodAccessorImpl.invoke(Unknown Source)
	at java.lang.reflect.Method.invoke(Unknown Source)
	at org.testng.internal.MethodInvocationHelper.invokeMethod(MethodInvocationHelper.java:104)
	at org.testng.internal.Invoker.invokeMethod(Invoker.java:645)
	at org.testng.internal.Invoker.invokeTestMethod(Invoker.java:851)
	at org.testng.internal.Invoker.invokeTestMethods(Invoker.java:1177)
	at org.testng.internal.TestMethodWorker.invokeTestMethods(TestMethodWorker.java:129)
	at org.testng.internal.TestMethodWorker.run(TestMethodWorker.java:112)
	at org.testng.TestRunner.privateRun(TestRunner.java:756)
	at org.testng.TestRunner.run(TestRunner.java:610)
	at org.testng.SuiteRunner.runTest(SuiteRunner.java:387)
	at org.testng.SuiteRunner.runSequentially(SuiteRunner.java:382)
	at org.testng.SuiteRunner.privateRun(SuiteRunner.java:340)
	at org.testng.SuiteRunner.run(SuiteRunner.java:289)
	at org.testng.SuiteRunnerWorker.runSuite(SuiteRunnerWorker.java:52)
	at org.testng.SuiteRunnerWorker.run(SuiteRunnerWorker.java:86)
	at org.testng.TestNG.runSuitesSequentially(TestNG.java:1293)
	at org.testng.TestNG.runSuitesLocally(TestNG.java:1218)
	at org.testng.TestNG.runSuites(TestNG.java:1133)
	at org.testng.TestNG.run(TestNG.java:1104)
	at org.testng.remote.AbstractRemoteTestNG.run(AbstractRemoteTestNG.java:132)
	at org.testng.remote.RemoteTestNG.initAndRun(RemoteTestNG.java:236)
	at org.testng.remote.RemoteTestNG.main(RemoteTestNG.java:81)
]]>
            </full-stacktrace>
          </exception> <!-- java.lang.IllegalArgumentException -->
          <reporter-output>
          </reporter-output>
        </test-method> <!-- testAddPos_moreThanleng -->
        <test-method status="PASS" signature="testAddStart_to0(LList)[pri:0, instance:EListTestNG@23ceabc1]" name="testAddStart_to0" duration-ms="1" started-at="2016-12-22T19:43:23Z" data-provider="data" finished-at="2016-12-22T19:43:23Z">
          <params>
            <param index="0">
              <value>
                <![CDATA[{587}]]>
              </value>
            </param>
          </params>
          <reporter-output>
          </reporter-output>
        </test-method> <!-- testAddStart_to0 -->
        <test-method status="PASS" signature="testAddStart_to0(LList)[pri:0, instance:EListTestNG@23ceabc1]" name="testAddStart_to0" duration-ms="24" started-at="2016-12-22T19:43:23Z" data-provider="data" finished-at="2016-12-22T19:43:23Z">
          <params>
            <param index="0">
              <value>
                <![CDATA[{587}]]>
              </value>
            </param>
          </params>
          <reporter-output>
          </reporter-output>
        </test-method> <!-- testAddStart_to0 -->
        <test-method status="PASS" signature="testAddStart_to1(LList)[pri:0, instance:EListTestNG@23ceabc1]" name="testAddStart_to1" duration-ms="1" started-at="2016-12-22T19:43:23Z" data-provider="data" finished-at="2016-12-22T19:43:23Z">
          <params>
            <param index="0">
              <value>
                <![CDATA[{34, 1}]]>
              </value>
            </param>
          </params>
          <reporter-output>
          </reporter-output>
        </test-method> <!-- testAddStart_to1 -->
        <test-method status="PASS" signature="testAddStart_to1(LList)[pri:0, instance:EListTestNG@23ceabc1]" name="testAddStart_to1" duration-ms="3" started-at="2016-12-22T19:43:23Z" data-provider="data" finished-at="2016-12-22T19:43:23Z">
          <params>
            <param index="0">
              <value>
                <![CDATA[{34, 1}]]>
              </value>
            </param>
          </params>
          <reporter-output>
          </reporter-output>
        </test-method> <!-- testAddStart_to1 -->
        <test-method status="PASS" signature="testAddStart_to2(LList)[pri:0, instance:EListTestNG@23ceabc1]" name="testAddStart_to2" duration-ms="1" started-at="2016-12-22T19:43:23Z" data-provider="data" finished-at="2016-12-22T19:43:23Z">
          <params>
            <param index="0">
              <value>
                <![CDATA[{34, 1, 322}]]>
              </value>
            </param>
          </params>
          <reporter-output>
          </reporter-output>
        </test-method> <!-- testAddStart_to2 -->
        <test-method status="PASS" signature="testAddStart_to2(LList)[pri:0, instance:EListTestNG@23ceabc1]" name="testAddStart_to2" duration-ms="1" started-at="2016-12-22T19:43:23Z" data-provider="data" finished-at="2016-12-22T19:43:23Z">
          <params>
            <param index="0">
              <value>
                <![CDATA[{34, 1, 322}]]>
              </value>
            </param>
          </params>
          <reporter-output>
          </reporter-output>
        </test-method> <!-- testAddStart_to2 -->
        <test-method status="PASS" signature="testAddStart_to3(LList)[pri:0, instance:EListTestNG@23ceabc1]" name="testAddStart_to3" duration-ms="2" started-at="2016-12-22T19:43:23Z" data-provider="data" finished-at="2016-12-22T19:43:23Z">
          <params>
            <param index="0">
              <value>
                <![CDATA[{34, 1, 322, 56}]]>
              </value>
            </param>
          </params>
          <reporter-output>
          </reporter-output>
        </test-method> <!-- testAddStart_to3 -->
        <test-method status="PASS" signature="testAddStart_to3(LList)[pri:0, instance:EListTestNG@23ceabc1]" name="testAddStart_to3" duration-ms="1" started-at="2016-12-22T19:43:23Z" data-provider="data" finished-at="2016-12-22T19:43:23Z">
          <params>
            <param index="0">
              <value>
                <![CDATA[{34, 1, 322, 56}]]>
              </value>
            </param>
          </params>
          <reporter-output>
          </reporter-output>
        </test-method> <!-- testAddStart_to3 -->
        <test-method status="PASS" signature="testAddStart_toMany(LList)[pri:0, instance:EListTestNG@23ceabc1]" name="testAddStart_toMany" duration-ms="1" started-at="2016-12-22T19:43:23Z" data-provider="data" finished-at="2016-12-22T19:43:23Z">
          <params>
            <param index="0">
              <value>
                <![CDATA[{34, 1, 322, 56, 3425, 65, 566}]]>
              </value>
            </param>
          </params>
          <reporter-output>
          </reporter-output>
        </test-method> <!-- testAddStart_toMany -->
        <test-method status="PASS" signature="testAddStart_toMany(LList)[pri:0, instance:EListTestNG@23ceabc1]" name="testAddStart_toMany" duration-ms="3" started-at="2016-12-22T19:43:23Z" data-provider="data" finished-at="2016-12-22T19:43:23Z">
          <params>
            <param index="0">
              <value>
                <![CDATA[{34, 1, 322, 56, 3425, 65, 566}]]>
              </value>
            </param>
          </params>
          <reporter-output>
          </reporter-output>
        </test-method> <!-- testAddStart_toMany -->
        <test-method status="PASS" signature="testClear_len1(LList)[pri:0, instance:EListTestNG@23ceabc1]" name="testClear_len1" duration-ms="2" started-at="2016-12-22T19:43:23Z" data-provider="data" finished-at="2016-12-22T19:43:23Z">
          <params>
            <param index="0">
              <value>
                <![CDATA[Nothing here!]]>
              </value>
            </param>
          </params>
          <reporter-output>
          </reporter-output>
        </test-method> <!-- testClear_len1 -->
        <test-method status="PASS" signature="testClear_len1(LList)[pri:0, instance:EListTestNG@23ceabc1]" name="testClear_len1" duration-ms="3" started-at="2016-12-22T19:43:23Z" data-provider="data" finished-at="2016-12-22T19:43:23Z">
          <params>
            <param index="0">
              <value>
                <![CDATA[Nothing here!]]>
              </value>
            </param>
          </params>
          <reporter-output>
          </reporter-output>
        </test-method> <!-- testClear_len1 -->
        <test-method status="PASS" signature="testClear_len2(LList)[pri:0, instance:EListTestNG@23ceabc1]" name="testClear_len2" duration-ms="6" started-at="2016-12-22T19:43:23Z" data-provider="data" finished-at="2016-12-22T19:43:23Z">
          <params>
            <param index="0">
              <value>
                <![CDATA[Nothing here!]]>
              </value>
            </param>
          </params>
          <reporter-output>
          </reporter-output>
        </test-method> <!-- testClear_len2 -->
        <test-method status="PASS" signature="testClear_len2(LList)[pri:0, instance:EListTestNG@23ceabc1]" name="testClear_len2" duration-ms="2" started-at="2016-12-22T19:43:23Z" data-provider="data" finished-at="2016-12-22T19:43:23Z">
          <params>
            <param index="0">
              <value>
                <![CDATA[Nothing here!]]>
              </value>
            </param>
          </params>
          <reporter-output>
          </reporter-output>
        </test-method> <!-- testClear_len2 -->
        <test-method status="PASS" signature="testClear_many(LList)[pri:0, instance:EListTestNG@23ceabc1]" name="testClear_many" duration-ms="3" started-at="2016-12-22T19:43:23Z" data-provider="data" finished-at="2016-12-22T19:43:23Z">
          <params>
            <param index="0">
              <value>
                <![CDATA[Nothing here!]]>
              </value>
            </param>
          </params>
          <reporter-output>
          </reporter-output>
        </test-method> <!-- testClear_many -->
        <test-method status="PASS" signature="testClear_many(LList)[pri:0, instance:EListTestNG@23ceabc1]" name="testClear_many" duration-ms="2" started-at="2016-12-22T19:43:23Z" data-provider="data" finished-at="2016-12-22T19:43:23Z">
          <params>
            <param index="0">
              <value>
                <![CDATA[Nothing here!]]>
              </value>
            </param>
          </params>
          <reporter-output>
          </reporter-output>
        </test-method> <!-- testClear_many -->
        <test-method status="PASS" signature="testClear_zerolen(LList)[pri:0, instance:EListTestNG@23ceabc1]" name="testClear_zerolen" duration-ms="2" started-at="2016-12-22T19:43:23Z" data-provider="data" finished-at="2016-12-22T19:43:23Z">
          <params>
            <param index="0">
              <value>
                <![CDATA[Nothing here!]]>
              </value>
            </param>
          </params>
          <reporter-output>
          </reporter-output>
        </test-method> <!-- testClear_zerolen -->
        <test-method status="PASS" signature="testClear_zerolen(LList)[pri:0, instance:EListTestNG@23ceabc1]" name="testClear_zerolen" duration-ms="2" started-at="2016-12-22T19:43:23Z" data-provider="data" finished-at="2016-12-22T19:43:23Z">
          <params>
            <param index="0">
              <value>
                <![CDATA[Nothing here!]]>
              </value>
            </param>
          </params>
          <reporter-output>
          </reporter-output>
        </test-method> <!-- testClear_zerolen -->
        <test-method status="PASS" signature="testDelEnd_from0(LList)[pri:0, instance:EListTestNG@23ceabc1]" name="testDelEnd_from0" duration-ms="10" started-at="2016-12-22T19:43:23Z" data-provider="data" finished-at="2016-12-22T19:43:23Z">
          <params>
            <param index="0">
              <value>
                <![CDATA[Nothing here!]]>
              </value>
            </param>
          </params>
          <exception class="java.lang.IllegalArgumentException">
            <full-stacktrace>
              <![CDATA[java.lang.IllegalArgumentException
	at LList1.delEnd(LList1.java:84)
	at EListTestNG.testDelEnd_from0(EListTestNG.java:463)
	at sun.reflect.NativeMethodAccessorImpl.invoke0(Native Method)
	at sun.reflect.NativeMethodAccessorImpl.invoke(Unknown Source)
	at sun.reflect.DelegatingMethodAccessorImpl.invoke(Unknown Source)
	at java.lang.reflect.Method.invoke(Unknown Source)
	at org.testng.internal.MethodInvocationHelper.invokeMethod(MethodInvocationHelper.java:104)
	at org.testng.internal.Invoker.invokeMethod(Invoker.java:645)
	at org.testng.internal.Invoker.invokeTestMethod(Invoker.java:851)
	at org.testng.internal.Invoker.invokeTestMethods(Invoker.java:1177)
	at org.testng.internal.TestMethodWorker.invokeTestMethods(TestMethodWorker.java:129)
	at org.testng.internal.TestMethodWorker.run(TestMethodWorker.java:112)
	at org.testng.TestRunner.privateRun(TestRunner.java:756)
	at org.testng.TestRunner.run(TestRunner.java:610)
	at org.testng.SuiteRunner.runTest(SuiteRunner.java:387)
	at org.testng.SuiteRunner.runSequentially(SuiteRunner.java:382)
	at org.testng.SuiteRunner.privateRun(SuiteRunner.java:340)
	at org.testng.SuiteRunner.run(SuiteRunner.java:289)
	at org.testng.SuiteRunnerWorker.runSuite(SuiteRunnerWorker.java:52)
	at org.testng.SuiteRunnerWorker.run(SuiteRunnerWorker.java:86)
	at org.testng.TestNG.runSuitesSequentially(TestNG.java:1293)
	at org.testng.TestNG.runSuitesLocally(TestNG.java:1218)
	at org.testng.TestNG.runSuites(TestNG.java:1133)
	at org.testng.TestNG.run(TestNG.java:1104)
	at org.testng.remote.AbstractRemoteTestNG.run(AbstractRemoteTestNG.java:132)
	at org.testng.remote.RemoteTestNG.initAndRun(RemoteTestNG.java:236)
	at org.testng.remote.RemoteTestNG.main(RemoteTestNG.java:81)
]]>
            </full-stacktrace>
          </exception> <!-- java.lang.IllegalArgumentException -->
          <reporter-output>
          </reporter-output>
        </test-method> <!-- testDelEnd_from0 -->
        <test-method status="PASS" signature="testDelEnd_from0(LList)[pri:0, instance:EListTestNG@23ceabc1]" name="testDelEnd_from0" duration-ms="2" started-at="2016-12-22T19:43:23Z" data-provider="data" finished-at="2016-12-22T19:43:23Z">
          <params>
            <param index="0">
              <value>
                <![CDATA[Nothing here!]]>
              </value>
            </param>
          </params>
          <exception class="java.lang.IllegalArgumentException">
            <full-stacktrace>
              <![CDATA[java.lang.IllegalArgumentException
	at LList2.delEnd(LList2.java:96)
	at EListTestNG.testDelEnd_from0(EListTestNG.java:463)
	at sun.reflect.NativeMethodAccessorImpl.invoke0(Native Method)
	at sun.reflect.NativeMethodAccessorImpl.invoke(Unknown Source)
	at sun.reflect.DelegatingMethodAccessorImpl.invoke(Unknown Source)
	at java.lang.reflect.Method.invoke(Unknown Source)
	at org.testng.internal.MethodInvocationHelper.invokeMethod(MethodInvocationHelper.java:104)
	at org.testng.internal.Invoker.invokeMethod(Invoker.java:645)
	at org.testng.internal.Invoker.invokeTestMethod(Invoker.java:851)
	at org.testng.internal.Invoker.invokeTestMethods(Invoker.java:1177)
	at org.testng.internal.TestMethodWorker.invokeTestMethods(TestMethodWorker.java:129)
	at org.testng.internal.TestMethodWorker.run(TestMethodWorker.java:112)
	at org.testng.TestRunner.privateRun(TestRunner.java:756)
	at org.testng.TestRunner.run(TestRunner.java:610)
	at org.testng.SuiteRunner.runTest(SuiteRunner.java:387)
	at org.testng.SuiteRunner.runSequentially(SuiteRunner.java:382)
	at org.testng.SuiteRunner.privateRun(SuiteRunner.java:340)
	at org.testng.SuiteRunner.run(SuiteRunner.java:289)
	at org.testng.SuiteRunnerWorker.runSuite(SuiteRunnerWorker.java:52)
	at org.testng.SuiteRunnerWorker.run(SuiteRunnerWorker.java:86)
	at org.testng.TestNG.runSuitesSequentially(TestNG.java:1293)
	at org.testng.TestNG.runSuitesLocally(TestNG.java:1218)
	at org.testng.TestNG.runSuites(TestNG.java:1133)
	at org.testng.TestNG.run(TestNG.java:1104)
	at org.testng.remote.AbstractRemoteTestNG.run(AbstractRemoteTestNG.java:132)
	at org.testng.remote.RemoteTestNG.initAndRun(RemoteTestNG.java:236)
	at org.testng.remote.RemoteTestNG.main(RemoteTestNG.java:81)
]]>
            </full-stacktrace>
          </exception> <!-- java.lang.IllegalArgumentException -->
          <reporter-output>
          </reporter-output>
        </test-method> <!-- testDelEnd_from0 -->
        <test-method status="PASS" signature="testDelEnd_from1(LList)[pri:0, instance:EListTestNG@23ceabc1]" name="testDelEnd_from1" duration-ms="3" started-at="2016-12-22T19:43:23Z" data-provider="data" finished-at="2016-12-22T19:43:23Z">
          <params>
            <param index="0">
              <value>
                <![CDATA[Nothing here!]]>
              </value>
            </param>
          </params>
          <reporter-output>
          </reporter-output>
        </test-method> <!-- testDelEnd_from1 -->
        <test-method status="PASS" signature="testDelEnd_from1(LList)[pri:0, instance:EListTestNG@23ceabc1]" name="testDelEnd_from1" duration-ms="3" started-at="2016-12-22T19:43:23Z" data-provider="data" finished-at="2016-12-22T19:43:23Z">
          <params>
            <param index="0">
              <value>
                <![CDATA[Nothing here!]]>
              </value>
            </param>
          </params>
          <reporter-output>
          </reporter-output>
        </test-method> <!-- testDelEnd_from1 -->
        <test-method status="PASS" signature="testDelEnd_from2(LList)[pri:0, instance:EListTestNG@23ceabc1]" name="testDelEnd_from2" duration-ms="9" started-at="2016-12-22T19:43:23Z" data-provider="data" finished-at="2016-12-22T19:43:23Z">
          <params>
            <param index="0">
              <value>
                <![CDATA[{1}]]>
              </value>
            </param>
          </params>
          <reporter-output>
          </reporter-output>
        </test-method> <!-- testDelEnd_from2 -->
        <test-method status="PASS" signature="testDelEnd_from2(LList)[pri:0, instance:EListTestNG@23ceabc1]" name="testDelEnd_from2" duration-ms="5" started-at="2016-12-22T19:43:23Z" data-provider="data" finished-at="2016-12-22T19:43:23Z">
          <params>
            <param index="0">
              <value>
                <![CDATA[{1}]]>
              </value>
            </param>
          </params>
          <reporter-output>
          </reporter-output>
        </test-method> <!-- testDelEnd_from2 -->
        <test-method status="PASS" signature="testDelEnd_from3(LList)[pri:0, instance:EListTestNG@23ceabc1]" name="testDelEnd_from3" duration-ms="2" started-at="2016-12-22T19:43:23Z" data-provider="data" finished-at="2016-12-22T19:43:23Z">
          <params>
            <param index="0">
              <value>
                <![CDATA[{1, 322}]]>
              </value>
            </param>
          </params>
          <reporter-output>
          </reporter-output>
        </test-method> <!-- testDelEnd_from3 -->
        <test-method status="PASS" signature="testDelEnd_from3(LList)[pri:0, instance:EListTestNG@23ceabc1]" name="testDelEnd_from3" duration-ms="1" started-at="2016-12-22T19:43:23Z" data-provider="data" finished-at="2016-12-22T19:43:23Z">
          <params>
            <param index="0">
              <value>
                <![CDATA[{1, 322}]]>
              </value>
            </param>
          </params>
          <reporter-output>
          </reporter-output>
        </test-method> <!-- testDelEnd_from3 -->
        <test-method status="PASS" signature="testDelEnd_fromMany(LList)[pri:0, instance:EListTestNG@23ceabc1]" name="testDelEnd_fromMany" duration-ms="166" started-at="2016-12-22T19:43:23Z" data-provider="data" finished-at="2016-12-22T19:43:23Z">
          <params>
            <param index="0">
              <value>
                <![CDATA[{1, 322, 56, 1234, 55, 786}]]>
              </value>
            </param>
          </params>
          <reporter-output>
          </reporter-output>
        </test-method> <!-- testDelEnd_fromMany -->
        <test-method status="PASS" signature="testDelEnd_fromMany(LList)[pri:0, instance:EListTestNG@23ceabc1]" name="testDelEnd_fromMany" duration-ms="10" started-at="2016-12-22T19:43:23Z" data-provider="data" finished-at="2016-12-22T19:43:23Z">
          <params>
            <param index="0">
              <value>
                <![CDATA[{1, 322, 56, 1234, 55, 786}]]>
              </value>
            </param>
          </params>
          <reporter-output>
          </reporter-output>
        </test-method> <!-- testDelEnd_fromMany -->
        <test-method status="PASS" signature="testDelPos_beg(LList)[pri:0, instance:EListTestNG@23ceabc1]" name="testDelPos_beg" duration-ms="2" started-at="2016-12-22T19:43:23Z" data-provider="data" finished-at="2016-12-22T19:43:23Z">
          <params>
            <param index="0">
              <value>
                <![CDATA[{2, 4, 41, 124, 534, 6}]]>
              </value>
            </param>
          </params>
          <reporter-output>
          </reporter-output>
        </test-method> <!-- testDelPos_beg -->
        <test-method status="PASS" signature="testDelPos_beg(LList)[pri:0, instance:EListTestNG@23ceabc1]" name="testDelPos_beg" duration-ms="5" started-at="2016-12-22T19:43:23Z" data-provider="data" finished-at="2016-12-22T19:43:23Z">
          <params>
            <param index="0">
              <value>
                <![CDATA[{2, 4, 41, 124, 534, 6}]]>
              </value>
            </param>
          </params>
          <reporter-output>
          </reporter-output>
        </test-method> <!-- testDelPos_beg -->
        <test-method status="PASS" signature="testDelPos_end(LList)[pri:0, instance:EListTestNG@23ceabc1]" name="testDelPos_end" duration-ms="2" started-at="2016-12-22T19:43:23Z" data-provider="data" finished-at="2016-12-22T19:43:23Z">
          <params>
            <param index="0">
              <value>
                <![CDATA[{22, 2, 4, 41, 124, 534}]]>
              </value>
            </param>
          </params>
          <reporter-output>
          </reporter-output>
        </test-method> <!-- testDelPos_end -->
        <test-method status="PASS" signature="testDelPos_end(LList)[pri:0, instance:EListTestNG@23ceabc1]" name="testDelPos_end" duration-ms="7" started-at="2016-12-22T19:43:23Z" data-provider="data" finished-at="2016-12-22T19:43:23Z">
          <params>
            <param index="0">
              <value>
                <![CDATA[{22, 2, 4, 41, 124, 534}]]>
              </value>
            </param>
          </params>
          <reporter-output>
          </reporter-output>
        </test-method> <!-- testDelPos_end -->
        <test-method status="PASS" signature="testDelPos_from0(LList)[pri:0, instance:EListTestNG@23ceabc1]" name="testDelPos_from0" duration-ms="27" started-at="2016-12-22T19:43:23Z" data-provider="data" finished-at="2016-12-22T19:43:23Z">
          <params>
            <param index="0">
              <value>
                <![CDATA[Nothing here!]]>
              </value>
            </param>
          </params>
          <exception class="java.lang.IllegalArgumentException">
            <full-stacktrace>
              <![CDATA[java.lang.IllegalArgumentException
	at LList1.delStart(LList1.java:107)
	at LList1.delPos(LList1.java:276)
	at EListTestNG.testDelPos_from0(EListTestNG.java:1024)
	at sun.reflect.NativeMethodAccessorImpl.invoke0(Native Method)
	at sun.reflect.NativeMethodAccessorImpl.invoke(Unknown Source)
	at sun.reflect.DelegatingMethodAccessorImpl.invoke(Unknown Source)
	at java.lang.reflect.Method.invoke(Unknown Source)
	at org.testng.internal.MethodInvocationHelper.invokeMethod(MethodInvocationHelper.java:104)
	at org.testng.internal.Invoker.invokeMethod(Invoker.java:645)
	at org.testng.internal.Invoker.invokeTestMethod(Invoker.java:851)
	at org.testng.internal.Invoker.invokeTestMethods(Invoker.java:1177)
	at org.testng.internal.TestMethodWorker.invokeTestMethods(TestMethodWorker.java:129)
	at org.testng.internal.TestMethodWorker.run(TestMethodWorker.java:112)
	at org.testng.TestRunner.privateRun(TestRunner.java:756)
	at org.testng.TestRunner.run(TestRunner.java:610)
	at org.testng.SuiteRunner.runTest(SuiteRunner.java:387)
	at org.testng.SuiteRunner.runSequentially(SuiteRunner.java:382)
	at org.testng.SuiteRunner.privateRun(SuiteRunner.java:340)
	at org.testng.SuiteRunner.run(SuiteRunner.java:289)
	at org.testng.SuiteRunnerWorker.runSuite(SuiteRunnerWorker.java:52)
	at org.testng.SuiteRunnerWorker.run(SuiteRunnerWorker.java:86)
	at org.testng.TestNG.runSuitesSequentially(TestNG.java:1293)
	at org.testng.TestNG.runSuitesLocally(TestNG.java:1218)
	at org.testng.TestNG.runSuites(TestNG.java:1133)
	at org.testng.TestNG.run(TestNG.java:1104)
	at org.testng.remote.AbstractRemoteTestNG.run(AbstractRemoteTestNG.java:132)
	at org.testng.remote.RemoteTestNG.initAndRun(RemoteTestNG.java:236)
	at org.testng.remote.RemoteTestNG.main(RemoteTestNG.java:81)
]]>
            </full-stacktrace>
          </exception> <!-- java.lang.IllegalArgumentException -->
          <reporter-output>
          </reporter-output>
        </test-method> <!-- testDelPos_from0 -->
        <test-method status="PASS" signature="testDelPos_from0(LList)[pri:0, instance:EListTestNG@23ceabc1]" name="testDelPos_from0" duration-ms="4" started-at="2016-12-22T19:43:23Z" data-provider="data" finished-at="2016-12-22T19:43:23Z">
          <params>
            <param index="0">
              <value>
                <![CDATA[Nothing here!]]>
              </value>
            </param>
          </params>
          <exception class="java.lang.IllegalArgumentException">
            <full-stacktrace>
              <![CDATA[java.lang.IllegalArgumentException
	at LList2.delStart(LList2.java:117)
	at LList2.delPos(LList2.java:278)
	at EListTestNG.testDelPos_from0(EListTestNG.java:1024)
	at sun.reflect.NativeMethodAccessorImpl.invoke0(Native Method)
	at sun.reflect.NativeMethodAccessorImpl.invoke(Unknown Source)
	at sun.reflect.DelegatingMethodAccessorImpl.invoke(Unknown Source)
	at java.lang.reflect.Method.invoke(Unknown Source)
	at org.testng.internal.MethodInvocationHelper.invokeMethod(MethodInvocationHelper.java:104)
	at org.testng.internal.Invoker.invokeMethod(Invoker.java:645)
	at org.testng.internal.Invoker.invokeTestMethod(Invoker.java:851)
	at org.testng.internal.Invoker.invokeTestMethods(Invoker.java:1177)
	at org.testng.internal.TestMethodWorker.invokeTestMethods(TestMethodWorker.java:129)
	at org.testng.internal.TestMethodWorker.run(TestMethodWorker.java:112)
	at org.testng.TestRunner.privateRun(TestRunner.java:756)
	at org.testng.TestRunner.run(TestRunner.java:610)
	at org.testng.SuiteRunner.runTest(SuiteRunner.java:387)
	at org.testng.SuiteRunner.runSequentially(SuiteRunner.java:382)
	at org.testng.SuiteRunner.privateRun(SuiteRunner.java:340)
	at org.testng.SuiteRunner.run(SuiteRunner.java:289)
	at org.testng.SuiteRunnerWorker.runSuite(SuiteRunnerWorker.java:52)
	at org.testng.SuiteRunnerWorker.run(SuiteRunnerWorker.java:86)
	at org.testng.TestNG.runSuitesSequentially(TestNG.java:1293)
	at org.testng.TestNG.runSuitesLocally(TestNG.java:1218)
	at org.testng.TestNG.runSuites(TestNG.java:1133)
	at org.testng.TestNG.run(TestNG.java:1104)
	at org.testng.remote.AbstractRemoteTestNG.run(AbstractRemoteTestNG.java:132)
	at org.testng.remote.RemoteTestNG.initAndRun(RemoteTestNG.java:236)
	at org.testng.remote.RemoteTestNG.main(RemoteTestNG.java:81)
]]>
            </full-stacktrace>
          </exception> <!-- java.lang.IllegalArgumentException -->
          <reporter-output>
          </reporter-output>
        </test-method> <!-- testDelPos_from0 -->
        <test-method status="PASS" signature="testDelPos_from1(LList)[pri:0, instance:EListTestNG@23ceabc1]" name="testDelPos_from1" duration-ms="18" started-at="2016-12-22T19:43:23Z" data-provider="data" finished-at="2016-12-22T19:43:23Z">
          <params>
            <param index="0">
              <value>
                <![CDATA[Nothing here!]]>
              </value>
            </param>
          </params>
          <reporter-output>
          </reporter-output>
        </test-method> <!-- testDelPos_from1 -->
        <test-method status="PASS" signature="testDelPos_from1(LList)[pri:0, instance:EListTestNG@23ceabc1]" name="testDelPos_from1" duration-ms="2" started-at="2016-12-22T19:43:23Z" data-provider="data" finished-at="2016-12-22T19:43:23Z">
          <params>
            <param index="0">
              <value>
                <![CDATA[Nothing here!]]>
              </value>
            </param>
          </params>
          <reporter-output>
          </reporter-output>
        </test-method> <!-- testDelPos_from1 -->
        <test-method status="PASS" signature="testDelPos_from2(LList)[pri:0, instance:EListTestNG@23ceabc1]" name="testDelPos_from2" duration-ms="13" started-at="2016-12-22T19:43:23Z" data-provider="data" finished-at="2016-12-22T19:43:24Z">
          <params>
            <param index="0">
              <value>
                <![CDATA[{22}]]>
              </value>
            </param>
          </params>
          <reporter-output>
          </reporter-output>
        </test-method> <!-- testDelPos_from2 -->
        <test-method status="PASS" signature="testDelPos_from2(LList)[pri:0, instance:EListTestNG@23ceabc1]" name="testDelPos_from2" duration-ms="1" started-at="2016-12-22T19:43:24Z" data-provider="data" finished-at="2016-12-22T19:43:24Z">
          <params>
            <param index="0">
              <value>
                <![CDATA[{22}]]>
              </value>
            </param>
          </params>
          <reporter-output>
          </reporter-output>
        </test-method> <!-- testDelPos_from2 -->
        <test-method status="PASS" signature="testDelPos_manymiddle(LList)[pri:0, instance:EListTestNG@23ceabc1]" name="testDelPos_manymiddle" duration-ms="1" started-at="2016-12-22T19:43:24Z" data-provider="data" finished-at="2016-12-22T19:43:24Z">
          <params>
            <param index="0">
              <value>
                <![CDATA[{22, 2, 4, 41, 534, 6}]]>
              </value>
            </param>
          </params>
          <reporter-output>
          </reporter-output>
        </test-method> <!-- testDelPos_manymiddle -->
        <test-method status="PASS" signature="testDelPos_manymiddle(LList)[pri:0, instance:EListTestNG@23ceabc1]" name="testDelPos_manymiddle" duration-ms="1" started-at="2016-12-22T19:43:24Z" data-provider="data" finished-at="2016-12-22T19:43:24Z">
          <params>
            <param index="0">
              <value>
                <![CDATA[{22, 2, 4, 41, 534, 6}]]>
              </value>
            </param>
          </params>
          <reporter-output>
          </reporter-output>
        </test-method> <!-- testDelPos_manymiddle -->
        <test-method status="PASS" signature="testDelPos_oneafterbeg(LList)[pri:0, instance:EListTestNG@23ceabc1]" name="testDelPos_oneafterbeg" duration-ms="1" started-at="2016-12-22T19:43:24Z" data-provider="data" finished-at="2016-12-22T19:43:24Z">
          <params>
            <param index="0">
              <value>
                <![CDATA[{22, 4, 41, 124, 534, 6}]]>
              </value>
            </param>
          </params>
          <reporter-output>
          </reporter-output>
        </test-method> <!-- testDelPos_oneafterbeg -->
        <test-method status="PASS" signature="testDelPos_oneafterbeg(LList)[pri:0, instance:EListTestNG@23ceabc1]" name="testDelPos_oneafterbeg" duration-ms="1" started-at="2016-12-22T19:43:24Z" data-provider="data" finished-at="2016-12-22T19:43:24Z">
          <params>
            <param index="0">
              <value>
                <![CDATA[{22, 4, 41, 124, 534, 6}]]>
              </value>
            </param>
          </params>
          <reporter-output>
          </reporter-output>
        </test-method> <!-- testDelPos_oneafterbeg -->
        <test-method status="PASS" signature="testDelPos_onebeforeend(LList)[pri:0, instance:EListTestNG@23ceabc1]" name="testDelPos_onebeforeend" duration-ms="10" started-at="2016-12-22T19:43:24Z" data-provider="data" finished-at="2016-12-22T19:43:24Z">
          <params>
            <param index="0">
              <value>
                <![CDATA[{22, 2, 4, 41, 124, 6}]]>
              </value>
            </param>
          </params>
          <reporter-output>
          </reporter-output>
        </test-method> <!-- testDelPos_onebeforeend -->
        <test-method status="PASS" signature="testDelPos_onebeforeend(LList)[pri:0, instance:EListTestNG@23ceabc1]" name="testDelPos_onebeforeend" duration-ms="18" started-at="2016-12-22T19:43:24Z" data-provider="data" finished-at="2016-12-22T19:43:24Z">
          <params>
            <param index="0">
              <value>
                <![CDATA[{22, 2, 4, 41, 124, 6}]]>
              </value>
            </param>
          </params>
          <reporter-output>
          </reporter-output>
        </test-method> <!-- testDelPos_onebeforeend -->
        <test-method status="PASS" signature="testDelStart_from0(LList)[pri:0, instance:EListTestNG@23ceabc1]" name="testDelStart_from0" duration-ms="4" started-at="2016-12-22T19:43:24Z" data-provider="data" finished-at="2016-12-22T19:43:24Z">
          <params>
            <param index="0">
              <value>
                <![CDATA[Nothing here!]]>
              </value>
            </param>
          </params>
          <exception class="java.lang.IllegalArgumentException">
            <full-stacktrace>
              <![CDATA[java.lang.IllegalArgumentException
	at LList1.delStart(LList1.java:107)
	at EListTestNG.testDelStart_from0(EListTestNG.java:391)
	at sun.reflect.NativeMethodAccessorImpl.invoke0(Native Method)
	at sun.reflect.NativeMethodAccessorImpl.invoke(Unknown Source)
	at sun.reflect.DelegatingMethodAccessorImpl.invoke(Unknown Source)
	at java.lang.reflect.Method.invoke(Unknown Source)
	at org.testng.internal.MethodInvocationHelper.invokeMethod(MethodInvocationHelper.java:104)
	at org.testng.internal.Invoker.invokeMethod(Invoker.java:645)
	at org.testng.internal.Invoker.invokeTestMethod(Invoker.java:851)
	at org.testng.internal.Invoker.invokeTestMethods(Invoker.java:1177)
	at org.testng.internal.TestMethodWorker.invokeTestMethods(TestMethodWorker.java:129)
	at org.testng.internal.TestMethodWorker.run(TestMethodWorker.java:112)
	at org.testng.TestRunner.privateRun(TestRunner.java:756)
	at org.testng.TestRunner.run(TestRunner.java:610)
	at org.testng.SuiteRunner.runTest(SuiteRunner.java:387)
	at org.testng.SuiteRunner.runSequentially(SuiteRunner.java:382)
	at org.testng.SuiteRunner.privateRun(SuiteRunner.java:340)
	at org.testng.SuiteRunner.run(SuiteRunner.java:289)
	at org.testng.SuiteRunnerWorker.runSuite(SuiteRunnerWorker.java:52)
	at org.testng.SuiteRunnerWorker.run(SuiteRunnerWorker.java:86)
	at org.testng.TestNG.runSuitesSequentially(TestNG.java:1293)
	at org.testng.TestNG.runSuitesLocally(TestNG.java:1218)
	at org.testng.TestNG.runSuites(TestNG.java:1133)
	at org.testng.TestNG.run(TestNG.java:1104)
	at org.testng.remote.AbstractRemoteTestNG.run(AbstractRemoteTestNG.java:132)
	at org.testng.remote.RemoteTestNG.initAndRun(RemoteTestNG.java:236)
	at org.testng.remote.RemoteTestNG.main(RemoteTestNG.java:81)
]]>
            </full-stacktrace>
          </exception> <!-- java.lang.IllegalArgumentException -->
          <reporter-output>
          </reporter-output>
        </test-method> <!-- testDelStart_from0 -->
        <test-method status="PASS" signature="testDelStart_from0(LList)[pri:0, instance:EListTestNG@23ceabc1]" name="testDelStart_from0" duration-ms="15" started-at="2016-12-22T19:43:24Z" data-provider="data" finished-at="2016-12-22T19:43:24Z">
          <params>
            <param index="0">
              <value>
                <![CDATA[Nothing here!]]>
              </value>
            </param>
          </params>
          <exception class="java.lang.IllegalArgumentException">
            <full-stacktrace>
              <![CDATA[java.lang.IllegalArgumentException
	at LList2.delStart(LList2.java:117)
	at EListTestNG.testDelStart_from0(EListTestNG.java:391)
	at sun.reflect.NativeMethodAccessorImpl.invoke0(Native Method)
	at sun.reflect.NativeMethodAccessorImpl.invoke(Unknown Source)
	at sun.reflect.DelegatingMethodAccessorImpl.invoke(Unknown Source)
	at java.lang.reflect.Method.invoke(Unknown Source)
	at org.testng.internal.MethodInvocationHelper.invokeMethod(MethodInvocationHelper.java:104)
	at org.testng.internal.Invoker.invokeMethod(Invoker.java:645)
	at org.testng.internal.Invoker.invokeTestMethod(Invoker.java:851)
	at org.testng.internal.Invoker.invokeTestMethods(Invoker.java:1177)
	at org.testng.internal.TestMethodWorker.invokeTestMethods(TestMethodWorker.java:129)
	at org.testng.internal.TestMethodWorker.run(TestMethodWorker.java:112)
	at org.testng.TestRunner.privateRun(TestRunner.java:756)
	at org.testng.TestRunner.run(TestRunner.java:610)
	at org.testng.SuiteRunner.runTest(SuiteRunner.java:387)
	at org.testng.SuiteRunner.runSequentially(SuiteRunner.java:382)
	at org.testng.SuiteRunner.privateRun(SuiteRunner.java:340)
	at org.testng.SuiteRunner.run(SuiteRunner.java:289)
	at org.testng.SuiteRunnerWorker.runSuite(SuiteRunnerWorker.java:52)
	at org.testng.SuiteRunnerWorker.run(SuiteRunnerWorker.java:86)
	at org.testng.TestNG.runSuitesSequentially(TestNG.java:1293)
	at org.testng.TestNG.runSuitesLocally(TestNG.java:1218)
	at org.testng.TestNG.runSuites(TestNG.java:1133)
	at org.testng.TestNG.run(TestNG.java:1104)
	at org.testng.remote.AbstractRemoteTestNG.run(AbstractRemoteTestNG.java:132)
	at org.testng.remote.RemoteTestNG.initAndRun(RemoteTestNG.java:236)
	at org.testng.remote.RemoteTestNG.main(RemoteTestNG.java:81)
]]>
            </full-stacktrace>
          </exception> <!-- java.lang.IllegalArgumentException -->
          <reporter-output>
          </reporter-output>
        </test-method> <!-- testDelStart_from0 -->
        <test-method status="PASS" signature="testDelStart_from1(LList)[pri:0, instance:EListTestNG@23ceabc1]" name="testDelStart_from1" duration-ms="2" started-at="2016-12-22T19:43:24Z" data-provider="data" finished-at="2016-12-22T19:43:24Z">
          <params>
            <param index="0">
              <value>
                <![CDATA[Nothing here!]]>
              </value>
            </param>
          </params>
          <reporter-output>
          </reporter-output>
        </test-method> <!-- testDelStart_from1 -->
        <test-method status="PASS" signature="testDelStart_from1(LList)[pri:0, instance:EListTestNG@23ceabc1]" name="testDelStart_from1" duration-ms="2" started-at="2016-12-22T19:43:24Z" data-provider="data" finished-at="2016-12-22T19:43:24Z">
          <params>
            <param index="0">
              <value>
                <![CDATA[Nothing here!]]>
              </value>
            </param>
          </params>
          <reporter-output>
          </reporter-output>
        </test-method> <!-- testDelStart_from1 -->
        <test-method status="PASS" signature="testDelStart_from2(LList)[pri:0, instance:EListTestNG@23ceabc1]" name="testDelStart_from2" duration-ms="14" started-at="2016-12-22T19:43:24Z" data-provider="data" finished-at="2016-12-22T19:43:24Z">
          <params>
            <param index="0">
              <value>
                <![CDATA[{322}]]>
              </value>
            </param>
          </params>
          <reporter-output>
          </reporter-output>
        </test-method> <!-- testDelStart_from2 -->
        <test-method status="PASS" signature="testDelStart_from2(LList)[pri:0, instance:EListTestNG@23ceabc1]" name="testDelStart_from2" duration-ms="4" started-at="2016-12-22T19:43:24Z" data-provider="data" finished-at="2016-12-22T19:43:24Z">
          <params>
            <param index="0">
              <value>
                <![CDATA[{322}]]>
              </value>
            </param>
          </params>
          <reporter-output>
          </reporter-output>
        </test-method> <!-- testDelStart_from2 -->
        <test-method status="PASS" signature="testDelStart_from3(LList)[pri:0, instance:EListTestNG@23ceabc1]" name="testDelStart_from3" duration-ms="6" started-at="2016-12-22T19:43:24Z" data-provider="data" finished-at="2016-12-22T19:43:24Z">
          <params>
            <param index="0">
              <value>
                <![CDATA[{322, 56}]]>
              </value>
            </param>
          </params>
          <reporter-output>
          </reporter-output>
        </test-method> <!-- testDelStart_from3 -->
        <test-method status="PASS" signature="testDelStart_from3(LList)[pri:0, instance:EListTestNG@23ceabc1]" name="testDelStart_from3" duration-ms="3" started-at="2016-12-22T19:43:24Z" data-provider="data" finished-at="2016-12-22T19:43:24Z">
          <params>
            <param index="0">
              <value>
                <![CDATA[{322, 56}]]>
              </value>
            </param>
          </params>
          <reporter-output>
          </reporter-output>
        </test-method> <!-- testDelStart_from3 -->
        <test-method status="PASS" signature="testDelStart_fromMany(LList)[pri:0, instance:EListTestNG@23ceabc1]" name="testDelStart_fromMany" duration-ms="9" started-at="2016-12-22T19:43:24Z" data-provider="data" finished-at="2016-12-22T19:43:24Z">
          <params>
            <param index="0">
              <value>
                <![CDATA[{322, 56, 324, 66, 44}]]>
              </value>
            </param>
          </params>
          <reporter-output>
          </reporter-output>
        </test-method> <!-- testDelStart_fromMany -->
        <test-method status="PASS" signature="testDelStart_fromMany(LList)[pri:0, instance:EListTestNG@23ceabc1]" name="testDelStart_fromMany" duration-ms="5" started-at="2016-12-22T19:43:24Z" data-provider="data" finished-at="2016-12-22T19:43:24Z">
          <params>
            <param index="0">
              <value>
                <![CDATA[{322, 56, 324, 66, 44}]]>
              </value>
            </param>
          </params>
          <reporter-output>
          </reporter-output>
        </test-method> <!-- testDelStart_fromMany -->
        <test-method status="PASS" signature="testGet_LessThanleng(LList)[pri:0, instance:EListTestNG@23ceabc1]" name="testGet_LessThanleng" duration-ms="5" started-at="2016-12-22T19:43:24Z" data-provider="data" finished-at="2016-12-22T19:43:24Z">
          <params>
            <param index="0">
              <value>
                <![CDATA[{1, 322, 56, 1234, 55, 786, 43}]]>
              </value>
            </param>
          </params>
          <exception class="java.lang.IllegalArgumentException">
            <full-stacktrace>
              <![CDATA[java.lang.IllegalArgumentException
	at LList1.get(LList1.java:48)
	at EListTestNG.testGet_LessThanleng(EListTestNG.java:561)
	at sun.reflect.NativeMethodAccessorImpl.invoke0(Native Method)
	at sun.reflect.NativeMethodAccessorImpl.invoke(Unknown Source)
	at sun.reflect.DelegatingMethodAccessorImpl.invoke(Unknown Source)
	at java.lang.reflect.Method.invoke(Unknown Source)
	at org.testng.internal.MethodInvocationHelper.invokeMethod(MethodInvocationHelper.java:104)
	at org.testng.internal.Invoker.invokeMethod(Invoker.java:645)
	at org.testng.internal.Invoker.invokeTestMethod(Invoker.java:851)
	at org.testng.internal.Invoker.invokeTestMethods(Invoker.java:1177)
	at org.testng.internal.TestMethodWorker.invokeTestMethods(TestMethodWorker.java:129)
	at org.testng.internal.TestMethodWorker.run(TestMethodWorker.java:112)
	at org.testng.TestRunner.privateRun(TestRunner.java:756)
	at org.testng.TestRunner.run(TestRunner.java:610)
	at org.testng.SuiteRunner.runTest(SuiteRunner.java:387)
	at org.testng.SuiteRunner.runSequentially(SuiteRunner.java:382)
	at org.testng.SuiteRunner.privateRun(SuiteRunner.java:340)
	at org.testng.SuiteRunner.run(SuiteRunner.java:289)
	at org.testng.SuiteRunnerWorker.runSuite(SuiteRunnerWorker.java:52)
	at org.testng.SuiteRunnerWorker.run(SuiteRunnerWorker.java:86)
	at org.testng.TestNG.runSuitesSequentially(TestNG.java:1293)
	at org.testng.TestNG.runSuitesLocally(TestNG.java:1218)
	at org.testng.TestNG.runSuites(TestNG.java:1133)
	at org.testng.TestNG.run(TestNG.java:1104)
	at org.testng.remote.AbstractRemoteTestNG.run(AbstractRemoteTestNG.java:132)
	at org.testng.remote.RemoteTestNG.initAndRun(RemoteTestNG.java:236)
	at org.testng.remote.RemoteTestNG.main(RemoteTestNG.java:81)
]]>
            </full-stacktrace>
          </exception> <!-- java.lang.IllegalArgumentException -->
          <reporter-output>
          </reporter-output>
        </test-method> <!-- testGet_LessThanleng -->
        <test-method status="PASS" signature="testGet_LessThanleng(LList)[pri:0, instance:EListTestNG@23ceabc1]" name="testGet_LessThanleng" duration-ms="6" started-at="2016-12-22T19:43:24Z" data-provider="data" finished-at="2016-12-22T19:43:24Z">
          <params>
            <param index="0">
              <value>
                <![CDATA[{1, 322, 56, 1234, 55, 786, 43}]]>
              </value>
            </param>
          </params>
          <exception class="java.lang.IllegalArgumentException">
            <full-stacktrace>
              <![CDATA[java.lang.IllegalArgumentException
	at LList2.get(LList2.java:58)
	at EListTestNG.testGet_LessThanleng(EListTestNG.java:561)
	at sun.reflect.NativeMethodAccessorImpl.invoke0(Native Method)
	at sun.reflect.NativeMethodAccessorImpl.invoke(Unknown Source)
	at sun.reflect.DelegatingMethodAccessorImpl.invoke(Unknown Source)
	at java.lang.reflect.Method.invoke(Unknown Source)
	at org.testng.internal.MethodInvocationHelper.invokeMethod(MethodInvocationHelper.java:104)
	at org.testng.internal.Invoker.invokeMethod(Invoker.java:645)
	at org.testng.internal.Invoker.invokeTestMethod(Invoker.java:851)
	at org.testng.internal.Invoker.invokeTestMethods(Invoker.java:1177)
	at org.testng.internal.TestMethodWorker.invokeTestMethods(TestMethodWorker.java:129)
	at org.testng.internal.TestMethodWorker.run(TestMethodWorker.java:112)
	at org.testng.TestRunner.privateRun(TestRunner.java:756)
	at org.testng.TestRunner.run(TestRunner.java:610)
	at org.testng.SuiteRunner.runTest(SuiteRunner.java:387)
	at org.testng.SuiteRunner.runSequentially(SuiteRunner.java:382)
	at org.testng.SuiteRunner.privateRun(SuiteRunner.java:340)
	at org.testng.SuiteRunner.run(SuiteRunner.java:289)
	at org.testng.SuiteRunnerWorker.runSuite(SuiteRunnerWorker.java:52)
	at org.testng.SuiteRunnerWorker.run(SuiteRunnerWorker.java:86)
	at org.testng.TestNG.runSuitesSequentially(TestNG.java:1293)
	at org.testng.TestNG.runSuitesLocally(TestNG.java:1218)
	at org.testng.TestNG.runSuites(TestNG.java:1133)
	at org.testng.TestNG.run(TestNG.java:1104)
	at org.testng.remote.AbstractRemoteTestNG.run(AbstractRemoteTestNG.java:132)
	at org.testng.remote.RemoteTestNG.initAndRun(RemoteTestNG.java:236)
	at org.testng.remote.RemoteTestNG.main(RemoteTestNG.java:81)
]]>
            </full-stacktrace>
          </exception> <!-- java.lang.IllegalArgumentException -->
          <reporter-output>
          </reporter-output>
        </test-method> <!-- testGet_LessThanleng -->
        <test-method status="PASS" signature="testGet_end(LList)[pri:0, instance:EListTestNG@23ceabc1]" name="testGet_end" duration-ms="2" started-at="2016-12-22T19:43:24Z" data-provider="data" finished-at="2016-12-22T19:43:24Z">
          <params>
            <param index="0">
              <value>
                <![CDATA[{1, 322, 56, 1234, 55, 786, 43}]]>
              </value>
            </param>
          </params>
          <reporter-output>
          </reporter-output>
        </test-method> <!-- testGet_end -->
        <test-method status="PASS" signature="testGet_end(LList)[pri:0, instance:EListTestNG@23ceabc1]" name="testGet_end" duration-ms="5" started-at="2016-12-22T19:43:24Z" data-provider="data" finished-at="2016-12-22T19:43:24Z">
          <params>
            <param index="0">
              <value>
                <![CDATA[{1, 322, 56, 1234, 55, 786, 43}]]>
              </value>
            </param>
          </params>
          <reporter-output>
          </reporter-output>
        </test-method> <!-- testGet_end -->
        <test-method status="PASS" signature="testGet_from0(LList)[pri:0, instance:EListTestNG@23ceabc1]" name="testGet_from0" duration-ms="4" started-at="2016-12-22T19:43:24Z" data-provider="data" finished-at="2016-12-22T19:43:24Z">
          <params>
            <param index="0">
              <value>
                <![CDATA[Nothing here!]]>
              </value>
            </param>
          </params>
          <exception class="java.lang.IllegalArgumentException">
            <full-stacktrace>
              <![CDATA[java.lang.IllegalArgumentException
	at LList1.get(LList1.java:48)
	at EListTestNG.testGet_from0(EListTestNG.java:580)
	at sun.reflect.NativeMethodAccessorImpl.invoke0(Native Method)
	at sun.reflect.NativeMethodAccessorImpl.invoke(Unknown Source)
	at sun.reflect.DelegatingMethodAccessorImpl.invoke(Unknown Source)
	at java.lang.reflect.Method.invoke(Unknown Source)
	at org.testng.internal.MethodInvocationHelper.invokeMethod(MethodInvocationHelper.java:104)
	at org.testng.internal.Invoker.invokeMethod(Invoker.java:645)
	at org.testng.internal.Invoker.invokeTestMethod(Invoker.java:851)
	at org.testng.internal.Invoker.invokeTestMethods(Invoker.java:1177)
	at org.testng.internal.TestMethodWorker.invokeTestMethods(TestMethodWorker.java:129)
	at org.testng.internal.TestMethodWorker.run(TestMethodWorker.java:112)
	at org.testng.TestRunner.privateRun(TestRunner.java:756)
	at org.testng.TestRunner.run(TestRunner.java:610)
	at org.testng.SuiteRunner.runTest(SuiteRunner.java:387)
	at org.testng.SuiteRunner.runSequentially(SuiteRunner.java:382)
	at org.testng.SuiteRunner.privateRun(SuiteRunner.java:340)
	at org.testng.SuiteRunner.run(SuiteRunner.java:289)
	at org.testng.SuiteRunnerWorker.runSuite(SuiteRunnerWorker.java:52)
	at org.testng.SuiteRunnerWorker.run(SuiteRunnerWorker.java:86)
	at org.testng.TestNG.runSuitesSequentially(TestNG.java:1293)
	at org.testng.TestNG.runSuitesLocally(TestNG.java:1218)
	at org.testng.TestNG.runSuites(TestNG.java:1133)
	at org.testng.TestNG.run(TestNG.java:1104)
	at org.testng.remote.AbstractRemoteTestNG.run(AbstractRemoteTestNG.java:132)
	at org.testng.remote.RemoteTestNG.initAndRun(RemoteTestNG.java:236)
	at org.testng.remote.RemoteTestNG.main(RemoteTestNG.java:81)
]]>
            </full-stacktrace>
          </exception> <!-- java.lang.IllegalArgumentException -->
          <reporter-output>
          </reporter-output>
        </test-method> <!-- testGet_from0 -->
        <test-method status="PASS" signature="testGet_from0(LList)[pri:0, instance:EListTestNG@23ceabc1]" name="testGet_from0" duration-ms="9" started-at="2016-12-22T19:43:24Z" data-provider="data" finished-at="2016-12-22T19:43:24Z">
          <params>
            <param index="0">
              <value>
                <![CDATA[Nothing here!]]>
              </value>
            </param>
          </params>
          <exception class="java.lang.IllegalArgumentException">
            <full-stacktrace>
              <![CDATA[java.lang.IllegalArgumentException
	at LList2.get(LList2.java:58)
	at EListTestNG.testGet_from0(EListTestNG.java:580)
	at sun.reflect.NativeMethodAccessorImpl.invoke0(Native Method)
	at sun.reflect.NativeMethodAccessorImpl.invoke(Unknown Source)
	at sun.reflect.DelegatingMethodAccessorImpl.invoke(Unknown Source)
	at java.lang.reflect.Method.invoke(Unknown Source)
	at org.testng.internal.MethodInvocationHelper.invokeMethod(MethodInvocationHelper.java:104)
	at org.testng.internal.Invoker.invokeMethod(Invoker.java:645)
	at org.testng.internal.Invoker.invokeTestMethod(Invoker.java:851)
	at org.testng.internal.Invoker.invokeTestMethods(Invoker.java:1177)
	at org.testng.internal.TestMethodWorker.invokeTestMethods(TestMethodWorker.java:129)
	at org.testng.internal.TestMethodWorker.run(TestMethodWorker.java:112)
	at org.testng.TestRunner.privateRun(TestRunner.java:756)
	at org.testng.TestRunner.run(TestRunner.java:610)
	at org.testng.SuiteRunner.runTest(SuiteRunner.java:387)
	at org.testng.SuiteRunner.runSequentially(SuiteRunner.java:382)
	at org.testng.SuiteRunner.privateRun(SuiteRunner.java:340)
	at org.testng.SuiteRunner.run(SuiteRunner.java:289)
	at org.testng.SuiteRunnerWorker.runSuite(SuiteRunnerWorker.java:52)
	at org.testng.SuiteRunnerWorker.run(SuiteRunnerWorker.java:86)
	at org.testng.TestNG.runSuitesSequentially(TestNG.java:1293)
	at org.testng.TestNG.runSuitesLocally(TestNG.java:1218)
	at org.testng.TestNG.runSuites(TestNG.java:1133)
	at org.testng.TestNG.run(TestNG.java:1104)
	at org.testng.remote.AbstractRemoteTestNG.run(AbstractRemoteTestNG.java:132)
	at org.testng.remote.RemoteTestNG.initAndRun(RemoteTestNG.java:236)
	at org.testng.remote.RemoteTestNG.main(RemoteTestNG.java:81)
]]>
            </full-stacktrace>
          </exception> <!-- java.lang.IllegalArgumentException -->
          <reporter-output>
          </reporter-output>
        </test-method> <!-- testGet_from0 -->
        <test-method status="PASS" signature="testGet_from1(LList)[pri:0, instance:EListTestNG@23ceabc1]" name="testGet_from1" duration-ms="4" started-at="2016-12-22T19:43:24Z" data-provider="data" finished-at="2016-12-22T19:43:24Z">
          <params>
            <param index="0">
              <value>
                <![CDATA[{1324}]]>
              </value>
            </param>
          </params>
          <reporter-output>
          </reporter-output>
        </test-method> <!-- testGet_from1 -->
        <test-method status="PASS" signature="testGet_from1(LList)[pri:0, instance:EListTestNG@23ceabc1]" name="testGet_from1" duration-ms="1" started-at="2016-12-22T19:43:24Z" data-provider="data" finished-at="2016-12-22T19:43:24Z">
          <params>
            <param index="0">
              <value>
                <![CDATA[{1324}]]>
              </value>
            </param>
          </params>
          <reporter-output>
          </reporter-output>
        </test-method> <!-- testGet_from1 -->
        <test-method status="PASS" signature="testGet_from2(LList)[pri:0, instance:EListTestNG@23ceabc1]" name="testGet_from2" duration-ms="2" started-at="2016-12-22T19:43:24Z" data-provider="data" finished-at="2016-12-22T19:43:24Z">
          <params>
            <param index="0">
              <value>
                <![CDATA[{1324, 213}]]>
              </value>
            </param>
          </params>
          <reporter-output>
          </reporter-output>
        </test-method> <!-- testGet_from2 -->
        <test-method status="PASS" signature="testGet_from2(LList)[pri:0, instance:EListTestNG@23ceabc1]" name="testGet_from2" duration-ms="2" started-at="2016-12-22T19:43:24Z" data-provider="data" finished-at="2016-12-22T19:43:24Z">
          <params>
            <param index="0">
              <value>
                <![CDATA[{1324, 213}]]>
              </value>
            </param>
          </params>
          <reporter-output>
          </reporter-output>
        </test-method> <!-- testGet_from2 -->
        <test-method status="PASS" signature="testGet_middle(LList)[pri:0, instance:EListTestNG@23ceabc1]" name="testGet_middle" duration-ms="3" started-at="2016-12-22T19:43:24Z" data-provider="data" finished-at="2016-12-22T19:43:24Z">
          <params>
            <param index="0">
              <value>
                <![CDATA[{1, 322, 56, 1234, 55, 786, 43}]]>
              </value>
            </param>
          </params>
          <reporter-output>
          </reporter-output>
        </test-method> <!-- testGet_middle -->
        <test-method status="PASS" signature="testGet_middle(LList)[pri:0, instance:EListTestNG@23ceabc1]" name="testGet_middle" duration-ms="10" started-at="2016-12-22T19:43:24Z" data-provider="data" finished-at="2016-12-22T19:43:24Z">
          <params>
            <param index="0">
              <value>
                <![CDATA[{1, 322, 56, 1234, 55, 786, 43}]]>
              </value>
            </param>
          </params>
          <reporter-output>
          </reporter-output>
        </test-method> <!-- testGet_middle -->
        <test-method status="PASS" signature="testGet_moreThanLeng(LList)[pri:0, instance:EListTestNG@23ceabc1]" name="testGet_moreThanLeng" duration-ms="6" started-at="2016-12-22T19:43:24Z" data-provider="data" finished-at="2016-12-22T19:43:24Z">
          <params>
            <param index="0">
              <value>
                <![CDATA[{1, 322, 56, 1234, 55, 786, 43}]]>
              </value>
            </param>
          </params>
          <exception class="java.lang.IllegalArgumentException">
            <full-stacktrace>
              <![CDATA[java.lang.IllegalArgumentException
	at LList1.get(LList1.java:48)
	at EListTestNG.testGet_moreThanLeng(EListTestNG.java:541)
	at sun.reflect.NativeMethodAccessorImpl.invoke0(Native Method)
	at sun.reflect.NativeMethodAccessorImpl.invoke(Unknown Source)
	at sun.reflect.DelegatingMethodAccessorImpl.invoke(Unknown Source)
	at java.lang.reflect.Method.invoke(Unknown Source)
	at org.testng.internal.MethodInvocationHelper.invokeMethod(MethodInvocationHelper.java:104)
	at org.testng.internal.Invoker.invokeMethod(Invoker.java:645)
	at org.testng.internal.Invoker.invokeTestMethod(Invoker.java:851)
	at org.testng.internal.Invoker.invokeTestMethods(Invoker.java:1177)
	at org.testng.internal.TestMethodWorker.invokeTestMethods(TestMethodWorker.java:129)
	at org.testng.internal.TestMethodWorker.run(TestMethodWorker.java:112)
	at org.testng.TestRunner.privateRun(TestRunner.java:756)
	at org.testng.TestRunner.run(TestRunner.java:610)
	at org.testng.SuiteRunner.runTest(SuiteRunner.java:387)
	at org.testng.SuiteRunner.runSequentially(SuiteRunner.java:382)
	at org.testng.SuiteRunner.privateRun(SuiteRunner.java:340)
	at org.testng.SuiteRunner.run(SuiteRunner.java:289)
	at org.testng.SuiteRunnerWorker.runSuite(SuiteRunnerWorker.java:52)
	at org.testng.SuiteRunnerWorker.run(SuiteRunnerWorker.java:86)
	at org.testng.TestNG.runSuitesSequentially(TestNG.java:1293)
	at org.testng.TestNG.runSuitesLocally(TestNG.java:1218)
	at org.testng.TestNG.runSuites(TestNG.java:1133)
	at org.testng.TestNG.run(TestNG.java:1104)
	at org.testng.remote.AbstractRemoteTestNG.run(AbstractRemoteTestNG.java:132)
	at org.testng.remote.RemoteTestNG.initAndRun(RemoteTestNG.java:236)
	at org.testng.remote.RemoteTestNG.main(RemoteTestNG.java:81)
]]>
            </full-stacktrace>
          </exception> <!-- java.lang.IllegalArgumentException -->
          <reporter-output>
          </reporter-output>
        </test-method> <!-- testGet_moreThanLeng -->
        <test-method status="PASS" signature="testGet_moreThanLeng(LList)[pri:0, instance:EListTestNG@23ceabc1]" name="testGet_moreThanLeng" duration-ms="3" started-at="2016-12-22T19:43:24Z" data-provider="data" finished-at="2016-12-22T19:43:24Z">
          <params>
            <param index="0">
              <value>
                <![CDATA[{1, 322, 56, 1234, 55, 786, 43}]]>
              </value>
            </param>
          </params>
          <exception class="java.lang.IllegalArgumentException">
            <full-stacktrace>
              <![CDATA[java.lang.IllegalArgumentException
	at LList2.get(LList2.java:58)
	at EListTestNG.testGet_moreThanLeng(EListTestNG.java:541)
	at sun.reflect.NativeMethodAccessorImpl.invoke0(Native Method)
	at sun.reflect.NativeMethodAccessorImpl.invoke(Unknown Source)
	at sun.reflect.DelegatingMethodAccessorImpl.invoke(Unknown Source)
	at java.lang.reflect.Method.invoke(Unknown Source)
	at org.testng.internal.MethodInvocationHelper.invokeMethod(MethodInvocationHelper.java:104)
	at org.testng.internal.Invoker.invokeMethod(Invoker.java:645)
	at org.testng.internal.Invoker.invokeTestMethod(Invoker.java:851)
[...]
          <params>
            <param index="0">
              <value>
                <![CDATA[{128}]]>
              </value>
            </param>
          </params>
          <reporter-output>
          </reporter-output>
        </test-method> <!-- testSize_1 -->
        <test-method status="PASS" signature="testSize_2(LList)[pri:0, instance:EListTestNG@23ceabc1]" name="testSize_2" duration-ms="1" started-at="2016-12-22T19:43:25Z" data-provider="data" finished-at="2016-12-22T19:43:25Z">
          <params>
            <param index="0">
              <value>
                <![CDATA[{0, 0}]]>
              </value>
            </param>
          </params>
          <reporter-output>
          </reporter-output>
        </test-method> <!-- testSize_2 -->
        <test-method status="PASS" signature="testSize_2(LList)[pri:0, instance:EListTestNG@23ceabc1]" name="testSize_2" duration-ms="2" started-at="2016-12-22T19:43:25Z" data-provider="data" finished-at="2016-12-22T19:43:25Z">
          <params>
            <param index="0">
              <value>
                <![CDATA[{0, 0}]]>
              </value>
            </param>
          </params>
          <reporter-output>
          </reporter-output>
        </test-method> <!-- testSize_2 -->
        <test-method status="PASS" signature="testSize_3(LList)[pri:0, instance:EListTestNG@23ceabc1]" name="testSize_3" duration-ms="1" started-at="2016-12-22T19:43:25Z" data-provider="data" finished-at="2016-12-22T19:43:25Z">
          <params>
            <param index="0">
              <value>
                <![CDATA[{0, 0, 0}]]>
              </value>
            </param>
          </params>
          <reporter-output>
          </reporter-output>
        </test-method> <!-- testSize_3 -->
        <test-method status="PASS" signature="testSize_3(LList)[pri:0, instance:EListTestNG@23ceabc1]" name="testSize_3" duration-ms="1" started-at="2016-12-22T19:43:25Z" data-provider="data" finished-at="2016-12-22T19:43:25Z">
          <params>
            <param index="0">
              <value>
                <![CDATA[{0, 0, 0}]]>
              </value>
            </param>
          </params>
          <reporter-output>
          </reporter-output>
        </test-method> <!-- testSize_3 -->
        <test-method status="PASS" signature="testSize_many(LList)[pri:0, instance:EListTestNG@23ceabc1]" name="testSize_many" duration-ms="1" started-at="2016-12-22T19:43:25Z" data-provider="data" finished-at="2016-12-22T19:43:25Z">
          <params>
            <param index="0">
              <value>
                <![CDATA[{0, 0, 0, 0, 0, 0, 0, 0, 0, 0}]]>
              </value>
            </param>
          </params>
          <reporter-output>
          </reporter-output>
        </test-method> <!-- testSize_many -->
        <test-method status="PASS" signature="testSize_many(LList)[pri:0, instance:EListTestNG@23ceabc1]" name="testSize_many" duration-ms="1" started-at="2016-12-22T19:43:25Z" data-provider="data" finished-at="2016-12-22T19:43:25Z">
          <params>
            <param index="0">
              <value>
                <![CDATA[{0, 0, 0, 0, 0, 0, 0, 0, 0, 0}]]>
              </value>
            </param>
          </params>
          <reporter-output>
          </reporter-output>
        </test-method> <!-- testSize_many -->
        <test-method status="PASS" signature="testSize_zero(LList)[pri:0, instance:EListTestNG@23ceabc1]" name="testSize_zero" duration-ms="1" started-at="2016-12-22T19:43:25Z" data-provider="data" finished-at="2016-12-22T19:43:25Z">
          <params>
            <param index="0">
              <value>
                <![CDATA[Nothing here!]]>
              </value>
            </param>
          </params>
          <reporter-output>
          </reporter-output>
        </test-method> <!-- testSize_zero -->
        <test-method status="PASS" signature="testSize_zero(LList)[pri:0, instance:EListTestNG@23ceabc1]" name="testSize_zero" duration-ms="1" started-at="2016-12-22T19:43:25Z" data-provider="data" finished-at="2016-12-22T19:43:25Z">
          <params>
            <param index="0">
              <value>
                <![CDATA[Nothing here!]]>
              </value>
            </param>
          </params>
          <reporter-output>
          </reporter-output>
        </test-method> <!-- testSize_zero -->
        <test-method status="PASS" signature="testSort_0(LList)[pri:0, instance:EListTestNG@23ceabc1]" name="testSort_0" duration-ms="1" started-at="2016-12-22T19:43:25Z" data-provider="data" finished-at="2016-12-22T19:43:25Z">
          <params>
            <param index="0">
              <value>
                <![CDATA[Nothing here!]]>
              </value>
            </param>
          </params>
          <reporter-output>
          </reporter-output>
        </test-method> <!-- testSort_0 -->
        <test-method status="PASS" signature="testSort_0(LList)[pri:0, instance:EListTestNG@23ceabc1]" name="testSort_0" duration-ms="1" started-at="2016-12-22T19:43:25Z" data-provider="data" finished-at="2016-12-22T19:43:25Z">
          <params>
            <param index="0">
              <value>
                <![CDATA[Nothing here!]]>
              </value>
            </param>
          </params>
          <reporter-output>
          </reporter-output>
        </test-method> <!-- testSort_0 -->
        <test-method status="PASS" signature="testSort_1(LList)[pri:0, instance:EListTestNG@23ceabc1]" name="testSort_1" duration-ms="10" started-at="2016-12-22T19:43:25Z" data-provider="data" finished-at="2016-12-22T19:43:25Z">
          <params>
            <param index="0">
              <value>
                <![CDATA[{22}]]>
              </value>
            </param>
          </params>
          <reporter-output>
          </reporter-output>
        </test-method> <!-- testSort_1 -->
        <test-method status="PASS" signature="testSort_1(LList)[pri:0, instance:EListTestNG@23ceabc1]" name="testSort_1" duration-ms="1" started-at="2016-12-22T19:43:25Z" data-provider="data" finished-at="2016-12-22T19:43:25Z">
          <params>
            <param index="0">
              <value>
                <![CDATA[{22}]]>
              </value>
            </param>
          </params>
          <reporter-output>
          </reporter-output>
        </test-method> <!-- testSort_1 -->
        <test-method status="PASS" signature="testSort_2(LList)[pri:0, instance:EListTestNG@23ceabc1]" name="testSort_2" duration-ms="1" started-at="2016-12-22T19:43:25Z" data-provider="data" finished-at="2016-12-22T19:43:26Z">
          <params>
            <param index="0">
              <value>
                <![CDATA[{2, 22}]]>
              </value>
            </param>
          </params>
          <reporter-output>
          </reporter-output>
        </test-method> <!-- testSort_2 -->
        <test-method status="PASS" signature="testSort_2(LList)[pri:0, instance:EListTestNG@23ceabc1]" name="testSort_2" duration-ms="1" started-at="2016-12-22T19:43:26Z" data-provider="data" finished-at="2016-12-22T19:43:26Z">
          <params>
            <param index="0">
              <value>
                <![CDATA[{2, 22}]]>
              </value>
            </param>
          </params>
          <reporter-output>
          </reporter-output>
        </test-method> <!-- testSort_2 -->
        <test-method status="PASS" signature="testSort_even(LList)[pri:0, instance:EListTestNG@23ceabc1]" name="testSort_even" duration-ms="1" started-at="2016-12-22T19:43:26Z" data-provider="data" finished-at="2016-12-22T19:43:26Z">
          <params>
            <param index="0">
              <value>
                <![CDATA[{2, 4, 22, 41, 124, 534}]]>
              </value>
            </param>
          </params>
          <reporter-output>
          </reporter-output>
        </test-method> <!-- testSort_even -->
        <test-method status="PASS" signature="testSort_even(LList)[pri:0, instance:EListTestNG@23ceabc1]" name="testSort_even" duration-ms="1" started-at="2016-12-22T19:43:26Z" data-provider="data" finished-at="2016-12-22T19:43:26Z">
          <params>
            <param index="0">
              <value>
                <![CDATA[{2, 4, 22, 41, 124, 534}]]>
              </value>
            </param>
          </params>
          <reporter-output>
          </reporter-output>
        </test-method> <!-- testSort_even -->
        <test-method status="PASS" signature="testSort_manyOdd(LList)[pri:0, instance:EListTestNG@23ceabc1]" name="testSort_manyOdd" duration-ms="1" started-at="2016-12-22T19:43:26Z" data-provider="data" finished-at="2016-12-22T19:43:26Z">
          <params>
            <param index="0">
              <value>
                <![CDATA[{2, 4, 6, 22, 41, 124, 534}]]>
              </value>
            </param>
          </params>
          <reporter-output>
          </reporter-output>
        </test-method> <!-- testSort_manyOdd -->
        <test-method status="PASS" signature="testSort_manyOdd(LList)[pri:0, instance:EListTestNG@23ceabc1]" name="testSort_manyOdd" duration-ms="3" started-at="2016-12-22T19:43:26Z" data-provider="data" finished-at="2016-12-22T19:43:26Z">
          <params>
            <param index="0">
              <value>
                <![CDATA[{2, 4, 6, 22, 41, 124, 534}]]>
              </value>
            </param>
          </params>
          <reporter-output>
          </reporter-output>
        </test-method> <!-- testSort_manyOdd -->
        <test-method status="PASS" signature="testToArray_1(LList)[pri:0, instance:EListTestNG@23ceabc1]" name="testToArray_1" duration-ms="2" started-at="2016-12-22T19:43:26Z" data-provider="data" finished-at="2016-12-22T19:43:26Z">
          <params>
            <param index="0">
              <value>
                <![CDATA[{5}]]>
              </value>
            </param>
          </params>
          <reporter-output>
          </reporter-output>
        </test-method> <!-- testToArray_1 -->
        <test-method status="PASS" signature="testToArray_1(LList)[pri:0, instance:EListTestNG@23ceabc1]" name="testToArray_1" duration-ms="2" started-at="2016-12-22T19:43:26Z" data-provider="data" finished-at="2016-12-22T19:43:26Z">
          <params>
            <param index="0">
              <value>
                <![CDATA[{5}]]>
              </value>
            </param>
          </params>
          <reporter-output>
          </reporter-output>
        </test-method> <!-- testToArray_1 -->
        <test-method status="PASS" signature="testToArray_2(LList)[pri:0, instance:EListTestNG@23ceabc1]" name="testToArray_2" duration-ms="1" started-at="2016-12-22T19:43:26Z" data-provider="data" finished-at="2016-12-22T19:43:26Z">
          <params>
            <param index="0">
              <value>
                <![CDATA[{1, 3}]]>
              </value>
            </param>
          </params>
          <reporter-output>
          </reporter-output>
        </test-method> <!-- testToArray_2 -->
        <test-method status="PASS" signature="testToArray_2(LList)[pri:0, instance:EListTestNG@23ceabc1]" name="testToArray_2" duration-ms="2" started-at="2016-12-22T19:43:26Z" data-provider="data" finished-at="2016-12-22T19:43:26Z">
          <params>
            <param index="0">
              <value>
                <![CDATA[{1, 3}]]>
              </value>
            </param>
          </params>
          <reporter-output>
          </reporter-output>
        </test-method> <!-- testToArray_2 -->
        <test-method status="PASS" signature="testToArray_3(LList)[pri:0, instance:EListTestNG@23ceabc1]" name="testToArray_3" duration-ms="1" started-at="2016-12-22T19:43:26Z" data-provider="data" finished-at="2016-12-22T19:43:26Z">
          <params>
            <param index="0">
              <value>
                <![CDATA[{1, 2, 5}]]>
              </value>
            </param>
          </params>
          <reporter-output>
          </reporter-output>
        </test-method> <!-- testToArray_3 -->
        <test-method status="PASS" signature="testToArray_3(LList)[pri:0, instance:EListTestNG@23ceabc1]" name="testToArray_3" duration-ms="1" started-at="2016-12-22T19:43:26Z" data-provider="data" finished-at="2016-12-22T19:43:26Z">
          <params>
            <param index="0">
              <value>
                <![CDATA[{1, 2, 5}]]>
              </value>
            </param>
          </params>
          <reporter-output>
          </reporter-output>
        </test-method> <!-- testToArray_3 -->
        <test-method status="PASS" signature="testToArray_many(LList)[pri:0, instance:EListTestNG@23ceabc1]" name="testToArray_many" duration-ms="1" started-at="2016-12-22T19:43:26Z" data-provider="data" finished-at="2016-12-22T19:43:26Z">
          <params>
            <param index="0">
              <value>
                <![CDATA[{1, 322, 56, 3425, 65, 566}]]>
              </value>
            </param>
          </params>
          <reporter-output>
          </reporter-output>
        </test-method> <!-- testToArray_many -->
        <test-method status="PASS" signature="testToArray_many(LList)[pri:0, instance:EListTestNG@23ceabc1]" name="testToArray_many" duration-ms="1" started-at="2016-12-22T19:43:26Z" data-provider="data" finished-at="2016-12-22T19:43:26Z">
          <params>
            <param index="0">
              <value>
                <![CDATA[{1, 322, 56, 3425, 65, 566}]]>
              </value>
            </param>
          </params>
          <reporter-output>
          </reporter-output>
        </test-method> <!-- testToArray_many -->
        <test-method status="PASS" signature="testToArray_zero(LList)[pri:0, instance:EListTestNG@23ceabc1]" name="testToArray_zero" duration-ms="5" started-at="2016-12-22T19:43:26Z" data-provider="data" finished-at="2016-12-22T19:43:26Z">
          <params>
            <param index="0">
              <value>
                <![CDATA[Nothing here!]]>
              </value>
            </param>
          </params>
          <reporter-output>
          </reporter-output>
        </test-method> <!-- testToArray_zero -->
        <test-method status="PASS" signature="testToArray_zero(LList)[pri:0, instance:EListTestNG@23ceabc1]" name="testToArray_zero" duration-ms="3" started-at="2016-12-22T19:43:26Z" data-provider="data" finished-at="2016-12-22T19:43:26Z">
          <params>
            <param index="0">
              <value>
                <![CDATA[Nothing here!]]>
              </value>
            </param>
          </params>
          <reporter-output>
          </reporter-output>
        </test-method> <!-- testToArray_zero -->
        <test-method status="PASS" signature="testToString_1(LList)[pri:0, instance:EListTestNG@23ceabc1]" name="testToString_1" duration-ms="2" started-at="2016-12-22T19:43:26Z" data-provider="data" finished-at="2016-12-22T19:43:26Z">
          <params>
            <param index="0">
              <value>
                <![CDATA[{56}]]>
              </value>
            </param>
          </params>
          <reporter-output>
          </reporter-output>
        </test-method> <!-- testToString_1 -->
        <test-method status="PASS" signature="testToString_1(LList)[pri:0, instance:EListTestNG@23ceabc1]" name="testToString_1" duration-ms="1" started-at="2016-12-22T19:43:26Z" data-provider="data" finished-at="2016-12-22T19:43:26Z">
          <params>
            <param index="0">
              <value>
                <![CDATA[{56}]]>
              </value>
            </param>
          </params>
          <reporter-output>
          </reporter-output>
        </test-method> <!-- testToString_1 -->
        <test-method status="PASS" signature="testToString_2(LList)[pri:0, instance:EListTestNG@23ceabc1]" name="testToString_2" duration-ms="1" started-at="2016-12-22T19:43:26Z" data-provider="data" finished-at="2016-12-22T19:43:26Z">
          <params>
            <param index="0">
              <value>
                <![CDATA[{1, 356}]]>
              </value>
            </param>
          </params>
          <reporter-output>
          </reporter-output>
        </test-method> <!-- testToString_2 -->
        <test-method status="PASS" signature="testToString_2(LList)[pri:0, instance:EListTestNG@23ceabc1]" name="testToString_2" duration-ms="0" started-at="2016-12-22T19:43:26Z" data-provider="data" finished-at="2016-12-22T19:43:26Z">
          <params>
            <param index="0">
              <value>
                <![CDATA[{1, 356}]]>
              </value>
            </param>
          </params>
          <reporter-output>
          </reporter-output>
        </test-method> <!-- testToString_2 -->
        <test-method status="PASS" signature="testToString_3(LList)[pri:0, instance:EListTestNG@23ceabc1]" name="testToString_3" duration-ms="1" started-at="2016-12-22T19:43:26Z" data-provider="data" finished-at="2016-12-22T19:43:26Z">
          <params>
            <param index="0">
              <value>
                <![CDATA[{1, 322, 56}]]>
              </value>
            </param>
          </params>
          <reporter-output>
          </reporter-output>
        </test-method> <!-- testToString_3 -->
        <test-method status="PASS" signature="testToString_3(LList)[pri:0, instance:EListTestNG@23ceabc1]" name="testToString_3" duration-ms="1" started-at="2016-12-22T19:43:26Z" data-provider="data" finished-at="2016-12-22T19:43:26Z">
          <params>
            <param index="0">
              <value>
                <![CDATA[{1, 322, 56}]]>
              </value>
            </param>
          </params>
          <reporter-output>
          </reporter-output>
        </test-method> <!-- testToString_3 -->
        <test-method status="PASS" signature="testToString_many(LList)[pri:0, instance:EListTestNG@23ceabc1]" name="testToString_many" duration-ms="1" started-at="2016-12-22T19:43:26Z" data-provider="data" finished-at="2016-12-22T19:43:26Z">
          <params>
            <param index="0">
              <value>
                <![CDATA[{1, 2, 3, 4, 5, 4, 56}]]>
              </value>
            </param>
          </params>
          <reporter-output>
          </reporter-output>
        </test-method> <!-- testToString_many -->
        <test-method status="PASS" signature="testToString_many(LList)[pri:0, instance:EListTestNG@23ceabc1]" name="testToString_many" duration-ms="2" started-at="2016-12-22T19:43:26Z" data-provider="data" finished-at="2016-12-22T19:43:26Z">
          <params>
            <param index="0">
              <value>
                <![CDATA[{1, 2, 3, 4, 5, 4, 56}]]>
              </value>
            </param>
          </params>
          <reporter-output>
          </reporter-output>
        </test-method> <!-- testToString_many -->
        <test-method status="PASS" signature="testToString_zero(LList)[pri:0, instance:EListTestNG@23ceabc1]" name="testToString_zero" duration-ms="4" started-at="2016-12-22T19:43:26Z" data-provider="data" finished-at="2016-12-22T19:43:26Z">
          <params>
            <param index="0">
              <value>
                <![CDATA[Nothing here!]]>
              </value>
            </param>
          </params>
          <reporter-output>
          </reporter-output>
        </test-method> <!-- testToString_zero -->
        <test-method status="PASS" signature="testToString_zero(LList)[pri:0, instance:EListTestNG@23ceabc1]" name="testToString_zero" duration-ms="5" started-at="2016-12-22T19:43:26Z" data-provider="data" finished-at="2016-12-22T19:43:26Z">
          <params>
            <param index="0">
              <value>
                <![CDATA[Nothing here!]]>
              </value>
            </param>
          </params>
          <reporter-output>
          </reporter-output>
        </test-method> <!-- testToString_zero -->
      </class> <!-- EListTestNG -->
    </test> <!-- Default test -->
  </suite> <!-- Default suite -->
</testng-results>
